[2025-10-16 16:01:55] (+0.00 mins | took: 0.00 mins)     Compiling zk-auctions-methods v0.1.0 (/home/iskander/Projects/zk-auctions-archive/methods)
[2025-10-16 16:01:56] (+0.02 mins | took: 0.02 mins)     Compiling zk-auctions v0.1.0 (/home/iskander/Projects/zk-auctions-archive)
[2025-10-16 16:01:56] (+0.02 mins | took: 0.00 mins)  warning: unused variable: `proof_shuffle`
[2025-10-16 16:01:56] (+0.02 mins | took: 0.00 mins)    --> src/main.rs:91:64
[2025-10-16 16:01:56] (+0.02 mins | took: 0.00 mins)     |
[2025-10-16 16:01:56] (+0.02 mins | took: 0.00 mins)  91 |     let (n_j, proof_enc, (proof_dlog, y_j, y_pow_r, z_pow_r), (proof_shuffle, res)): (
[2025-10-16 16:01:56] (+0.02 mins | took: 0.00 mins)     |                                                                ^^^^^^^^^^^^^ help: if this is intentional, prefix it with an underscore: `_proof_shuffle`
[2025-10-16 16:01:56] (+0.02 mins | took: 0.00 mins)     |
[2025-10-16 16:01:56] (+0.02 mins | took: 0.00 mins)     = note: `#[warn(unused_variables)]` on by default
[2025-10-16 16:01:56] (+0.02 mins | took: 0.00 mins)  
[2025-10-16 16:01:56] (+0.02 mins | took: 0.00 mins)  warning: function `verify_shuffle` is never used
[2025-10-16 16:01:56] (+0.02 mins | took: 0.00 mins)     --> src/main.rs:237:4
[2025-10-16 16:01:56] (+0.02 mins | took: 0.00 mins)      |
[2025-10-16 16:01:56] (+0.02 mins | took: 0.00 mins)  237 | fn verify_shuffle(proof: &HashMap<u32, StrainProof>, n2: &BigInt, res: &[Vec<BigInt>]) -> bool {
[2025-10-16 16:01:56] (+0.02 mins | took: 0.00 mins)      |    ^^^^^^^^^^^^^^
[2025-10-16 16:01:56] (+0.02 mins | took: 0.00 mins)      |
[2025-10-16 16:01:56] (+0.02 mins | took: 0.00 mins)      = note: `#[warn(dead_code)]` on by default
[2025-10-16 16:01:56] (+0.02 mins | took: 0.00 mins)  
[2025-10-16 16:01:58] (+0.05 mins | took: 0.03 mins)  warning: `zk-auctions` (bin "zk-auctions") generated 2 warnings
[2025-10-16 16:01:58] (+0.05 mins | took: 0.00 mins)      Finished `release` profile [optimized] target(s) in 2.40s
[2025-10-16 16:01:58] (+0.05 mins | took: 0.00 mins)       Running `target/release/zk-auctions`
[2025-10-16 16:01:58] (+0.05 mins | took: 0.00 mins)  [DEBUG] Public key n_i = 1208281337333151660626662422508422370073490950124522620601355517536145333427142096902848134724981715097040017114132224522475289166402862055144347973266680269810808603027569151459558506248561979868686065410431386988327627834423142094550898313674567423302563371319940450814342465128370781777573279618792583099370354569802652752336706865904687647183549956588773437611943773219459517135803979915299657328917219128748924789976797637945532766246311740698448402679045569
[2025-10-16 16:01:58] (+0.05 mins | took: 0.00 mins)  [DEBUG] First bidder's bid v_i = 1595375260
[2025-10-16 16:01:58] (+0.05 mins | took: 0.00 mins)  [DEBUG] First bidder's encrypted value c_i (len=32)
[2025-10-16 16:01:58] (+0.05 mins | took: 0.00 mins)  [DEBUG] sound_param = 40 sigma = 40
[2025-10-16 16:01:58] (+0.05 mins | took: 0.00 mins)  [DEBUG] Building ExecutorEnv...
[2025-10-16 16:01:58] (+0.05 mins | took: 0.00 mins)  [DEBUG] ExecutorEnv built successfully.
[2025-10-16 16:01:58] (+0.05 mins | took: 0.00 mins)  [DEBUG] Running zkVM (prove)...
[2025-10-16 16:01:58] (+0.05 mins | took: 0.00 mins)  WARNING: proving in dev mode. This will not generate valid, secure proofs.
[2025-10-16 16:01:58] (+0.05 mins | took: 0.00 mins)  [zkvm-guest] Starting main function
[2025-10-16 16:01:58] (+0.05 mins | took: 0.00 mins)  [zkvm-guest] Generating keys_j
[2025-10-16 16:11:36] (+9.68 mins | took: 9.63 mins)  [zkvm-guest] Keys generated, n_j bit length: 1536
[2025-10-16 16:11:36] (+9.68 mins | took: 0.00 mins)  [zkvm-guest] Second bidder's bid v_j = 219134682
[2025-10-16 16:11:36] (+9.68 mins | took: 0.00 mins)  [zkvm-guest] Reading inputs from environment
[2025-10-16 16:11:36] (+9.68 mins | took: 0.00 mins)  [zkvm-guest] Read c_i (len: 32), n_i (bits: 1536), r_i (len: 32)
[2025-10-16 16:11:36] (+9.68 mins | took: 0.00 mins)  [zkvm-guest] Read sigma and sound_param: 40
[2025-10-16 16:11:50] (+9.92 mins | took: 0.23 mins)  [zkvm-guest] Read random values
[2025-10-16 16:11:50] (+9.92 mins | took: 0.00 mins)  [zkvm-guest] Computing proof_eval
[2025-10-16 16:19:26] (+17.52 mins | took: 7.60 mins)  [zkvm-guest] proof_eval completed
[2025-10-16 16:19:26] (+17.52 mins | took: 0.00 mins)  [zkvm-guest] Computing proof_enc
[2025-10-16 16:26:21] (+24.43 mins | took: 6.92 mins)  [zkvm-guest] proof_enc compl1595375260eted
[2025-10-16 16:26:21] (+24.43 mins | took: 0.00 mins)  [zkvm-guest] Computing proof_dlog
[2025-10-16 16:56:33] (+54.63 mins | took: 30.20 mins)  [zkvm-guest] proof_dlog completed
[2025-10-16 16:56:33] (+54.63 mins | took: 0.00 mins)  [zkvm-guest] Computing gm_eval_honest
[2025-10-16 17:04:06] (+62.18 mins | took: 7.55 mins)  [zkvm-guest] gm_eval_honest completed, res length: 32
[2025-10-16 17:04:06] (+62.18 mins | took: 0.00 mins)  [zkvm-guest] Using empty proof_shuffle
[2025-10-16 17:04:06] (+62.18 mins | took: 0.00 mins)  [zkvm-guest] Writing private data
[2025-10-16 17:04:16] (+62.35 mins | took: 0.17 mins)  [zkvm-guest] Committing public results
[2025-10-16 17:04:19] (+62.40 mins | took: 0.05 mins)  [zkvm-guest] Main function completed successfully
[2025-10-16 17:04:19] (+62.40 mins | took: 0.00 mins)  WARNING: Proving in dev mode does not generate a valid receipt. Receipts generated from this process are invalid and should never be used in production.
[2025-10-16 17:04:20] (+62.42 mins | took: 0.02 mins)  [DEBUG] zkVM proof generated. Verifying...
[2025-10-16 17:04:20] (+62.42 mins | took: 0.00 mins)  [DEBUG] zkVM proof verified.
[2025-10-16 17:04:20] (+62.42 mins | took: 0.00 mins)  [DEBUG] Reading private output...
[2025-10-16 17:04:20] (+62.42 mins | took: 0.00 mins)  [DEBUG] Private output deserialization successful.
[2025-10-16 17:04:20] (+62.42 mins | took: 0.00 mins)  [DEBUG] Decoding public results from journal...
[2025-10-16 17:04:20] (+62.42 mins | took: 0.00 mins)  [DEBUG] Got n_j = 1207026803058161228041777984577689108984991879100938385149293743055099855067410906348354598948246883104468521413765734748165641093956391877357003751621597655707483987810244639517947057561479521428344419365909812324433083358127841358928476341583192483767546039865699503292571475020344186383332223085629345661320109110856857206698296039138794126395301790396181390789720616028097494599987384667413878396707875487965055928217700279811563678436807640122015201281004549
[2025-10-16 17:04:20] (+62.42 mins | took: 0.00 mins)  [DEBUG] Verifying proof_eval...
[2025-10-16 17:04:20] (+62.42 mins | took: 0.00 mins)  [DEBUG] proof_eval verification passed.
[2025-10-16 17:04:20] (+62.42 mins | took: 0.00 mins)  [DEBUG] Verifying proof_enc...
[2025-10-16 17:04:20] (+62.42 mins | took: 0.00 mins)  [DEBUG] proof_enc verification passed.
[2025-10-16 17:04:20] (+62.42 mins | took: 0.00 mins)  [DEBUG] Verifying dlog proof...
[2025-10-16 17:04:21] (+62.43 mins | took: 0.02 mins)  [DEBUG] dlog proof verification passed.
[2025-10-16 17:04:21] (+62.43 mins | took: 0.00 mins)  The second bidder's bid is greater than the first bidder's bid.
