[2025-10-14 08:51:01]    Compiling zk-auctions-methods v0.1.0 (/home/iskander/Projects/zk-auctions-archive/methods)
[2025-10-14 08:51:01]    Compiling zk-auctions v0.1.0 (/home/iskander/Projects/zk-auctions-archive)
[2025-10-14 08:51:01] warning: unused variable: `idx`
[2025-10-14 08:51:01]   --> src/main.rs:54:13
[2025-10-14 08:51:01]    |
[2025-10-14 08:51:01] 54 |         for idx in 0..128 {
[2025-10-14 08:51:01]    |             ^^^ help: if this is intentional, prefix it with an underscore: `_idx`
[2025-10-14 08:51:01]    |
[2025-10-14 08:51:01]    = note: `#[warn(unused_variables)]` on by default
[2025-10-14 08:51:01] 
[2025-10-14 08:51:01] warning: unused variable: `proof_shuffle`
[2025-10-14 08:51:01]   --> src/main.rs:99:64
[2025-10-14 08:51:01]    |
[2025-10-14 08:51:01] 99 |     let (n_j, proof_enc, (proof_dlog, y_j, y_pow_r, z_pow_r), (proof_shuffle, res)): (
[2025-10-14 08:51:01]    |                                                                ^^^^^^^^^^^^^ help: if this is intentional, prefix it with an underscore: `_proof_shuffle`
[2025-10-14 08:51:01] 
[2025-10-14 08:51:01] warning: function `verify_shuffle` is never used
[2025-10-14 08:51:01]    --> src/main.rs:245:4
[2025-10-14 08:51:01]     |
[2025-10-14 08:51:01] 245 | fn verify_shuffle(proof: &HashMap<u32, StrainProof>, n2: &BigInt, res: &[Vec<BigInt>]) -> bool {
[2025-10-14 08:51:01]     |    ^^^^^^^^^^^^^^
[2025-10-14 08:51:01]     |
[2025-10-14 08:51:01]     = note: `#[warn(dead_code)]` on by default
[2025-10-14 08:51:01] 
[2025-10-14 08:51:02] warning: `zk-auctions` (bin "zk-auctions") generated 3 warnings
[2025-10-14 08:51:02]     Finished `dev` profile [unoptimized + debuginfo] target(s) in 1.37s
[2025-10-14 08:51:02]      Running `target/debug/zk-auctions`
[2025-10-14 08:51:02] [DEBUG] Generating keys for first (host) bidder...
[2025-10-14 08:51:05] [DEBUG] Public key n_i = 1210987851038425405040612608400846580705808593124381542329659631859601051609036616042578606400251992365906944022953391530364726139924237766031325060622406060777877625111154618362199740128712794533117957369837621790945056926308495216343228912659866516576107006541927826944018553172202856040195125127522151226315859968392374839868844081929520858829061462932981872922725182238841051788027636708575258485701903980780319530486639958175778295252876937853018174343314913
[2025-10-14 08:51:05] [DEBUG] First bidder's value v_i = 556485090
[2025-10-14 08:51:05] [DEBUG] Random coins r_i generated (len=32)
[2025-10-14 08:51:05] [DEBUG] First bidder's encrypted value c_i (len=32)
[2025-10-14 08:51:05] [DEBUG] sound_param = 40 sigma = 40
[2025-10-14 08:51:05] [DEBUG] Generating random vectors rand1..4 ...
[2025-10-14 08:51:05] [DEBUG] Example rand1[0] len = 128 rand1[0][0] = 1210987851038425405040612608400846580705808593124381542329659631859601051609036616042578606400251992365906944022953391530364726139924237766031325060622406060777877625111154618362199740128712794533117957369837621790945056926308495216343228912659866516576107006541927826944018553172202856040195125127522151226315859968392374839868844081929520858829061462932981872922725182238841051788027636708575258485701903980780319530486639958175778295252876937853018174343314848
[2025-10-14 08:51:05] [DEBUG] rand1..4 generated.
[2025-10-14 08:51:05] [DEBUG] Building ExecutorEnv...
[2025-10-14 08:51:05] [DEBUG] ExecutorEnv built successfully.
[2025-10-14 08:51:05] [DEBUG] Running zkVM (prove)...
[2025-10-14 08:51:06] [zkvm-guest] Starting main function
[2025-10-14 08:51:06] [zkvm-guest] Generating keys_j
[2025-10-14 09:00:12] [zkvm-guest] Keys generated, n_j bit length: 1536
[2025-10-14 09:00:12] [zkvm-guest] Generated v_j: 483956938
[2025-10-14 09:00:12] [zkvm-guest] Reading inputs from environment
[2025-10-14 09:00:12] [zkvm-guest] Read c_i (len: 32), n_i (bits: 1536), r_i (len: 32)
[2025-10-14 09:00:12] [zkvm-guest] Read sigma and sound_param: 40
[2025-10-14 09:00:17] [zkvm-guest] Read random values
[2025-10-14 09:00:17] [zkvm-guest] Computing proof_eval
[2025-10-14 09:06:59] [zkvm-guest] proof_eval completed
[2025-10-14 09:06:59] [zkvm-guest] Computing proof_enc
[2025-10-14 09:13:07] [zkvm-guest] proof_enc completed
[2025-10-14 09:13:07] [zkvm-guest] Computing proof_dlog
[2025-10-14 09:24:26] [zkvm-guest] proof_dlog completed
[2025-10-14 09:24:26] [zkvm-guest] Computing gm_eval_honest
[2025-10-14 09:31:27] [zkvm-guest] gm_eval_honest completed, res length: 32
[2025-10-14 09:31:27] [zkvm-guest] Using empty proof_shuffle
[2025-10-14 09:31:27] [zkvm-guest] Writing private data
[2025-10-14 09:31:36] [zkvm-guest] Committing public results
[2025-10-14 09:31:38] [zkvm-guest] Main function completed successfully
