[2025-10-14 18:15:16] (+0.02 mins)    Compiling zk-auctions-methods v0.1.0 (/home/iskander/Projects/zk-auctions-archive/methods)
[2025-10-14 18:15:16] (+0.02 mins)    Compiling zk-auctions-core v0.1.0 (/home/iskander/Projects/zk-auctions-archive/core)
[2025-10-14 18:15:17] (+0.03 mins)    Compiling zk-auctions v0.1.0 (/home/iskander/Projects/zk-auctions-archive)
[2025-10-14 18:15:17] (+0.03 mins) warning: unused variable: `proof_shuffle`
[2025-10-14 18:15:17] (+0.03 mins)   --> src/main.rs:90:64
[2025-10-14 18:15:17] (+0.03 mins)    |
[2025-10-14 18:15:17] (+0.03 mins) 90 |     let (n_j, proof_enc, (proof_dlog, y_j, y_pow_r, z_pow_r), (proof_shuffle, res)): (
[2025-10-14 18:15:17] (+0.03 mins)    |                                                                ^^^^^^^^^^^^^ help: if this is intentional, prefix it with an underscore: `_proof_shuffle`
[2025-10-14 18:15:17] (+0.03 mins)    |
[2025-10-14 18:15:17] (+0.03 mins)    = note: `#[warn(unused_variables)]` on by default
[2025-10-14 18:15:17] (+0.03 mins) 
[2025-10-14 18:15:17] (+0.03 mins) warning: function `verify_shuffle` is never used
[2025-10-14 18:15:17] (+0.03 mins)    --> src/main.rs:236:4
[2025-10-14 18:15:17] (+0.03 mins)     |
[2025-10-14 18:15:17] (+0.03 mins) 236 | fn verify_shuffle(proof: &HashMap<u32, StrainProof>, n2: &BigInt, res: &[Vec<BigInt>]) -> bool {
[2025-10-14 18:15:17] (+0.03 mins)     |    ^^^^^^^^^^^^^^
[2025-10-14 18:15:17] (+0.03 mins)     |
[2025-10-14 18:15:17] (+0.03 mins)     = note: `#[warn(dead_code)]` on by default
[2025-10-14 18:15:17] (+0.03 mins) 
[2025-10-14 18:15:19] (+0.07 mins) warning: `zk-auctions` (bin "zk-auctions") generated 2 warnings
[2025-10-14 18:15:19] (+0.07 mins)     Finished `release` profile [optimized] target(s) in 3.41s
[2025-10-14 18:15:19] (+0.07 mins)      Running `target/release/zk-auctions`
[2025-10-14 18:15:19] (+0.07 mins) [DEBUG] Public key n_i = 1205235748013170124435270859277040945935433618279511726075848926256520413662917021762439446090696865039074378014039963522542852017039909956769144693640360754552599281369841691608241964023828280119808062782877838949515036083532955419538489131911608622981082546584273248313431936213378136439732888213431968240484071755776273548721190890264922680639652598001363313068104153986543900026938142156155348090261392289963173666952138950006372551289637717870103424914277641
[2025-10-14 18:15:19] (+0.07 mins) [DEBUG] First bidder's encrypted value c_i (len=32)
[2025-10-14 18:15:19] (+0.07 mins) [DEBUG] sound_param = 40 sigma = 40
[2025-10-14 18:15:19] (+0.07 mins) [DEBUG] Building ExecutorEnv...
[2025-10-14 18:15:19] (+0.07 mins) [DEBUG] ExecutorEnv built successfully.
[2025-10-14 18:15:19] (+0.07 mins) [DEBUG] Running zkVM (prove)...
[2025-10-14 18:15:19] (+0.07 mins) WARNING: proving in dev mode. This will not generate valid, secure proofs.
[2025-10-14 18:15:19] (+0.07 mins) [zkvm-guest] Starting main function
[2025-10-14 18:15:19] (+0.07 mins) [zkvm-guest] Generating keys_j
[2025-10-14 18:19:54] (+4.65 mins) [zkvm-guest] Keys generated, n_j bit length: 1536
[2025-10-14 18:19:54] (+4.65 mins) [zkvm-guest] Reading inputs from environment
[2025-10-14 18:19:54] (+4.65 mins) [zkvm-guest] Read c_i (len: 32), n_i (bits: 1536), r_i (len: 32)
[2025-10-14 18:19:54] (+4.65 mins) [zkvm-guest] Read sigma and sound_param: 40
[2025-10-14 18:20:06] (+4.85 mins) [zkvm-guest] Read random values
[2025-10-14 18:20:06] (+4.85 mins) [zkvm-guest] Computing proof_eval
[2025-10-14 18:26:44] (+11.48 mins) [zkvm-guest] proof_eval completed
[2025-10-14 18:26:44] (+11.48 mins) [zkvm-guest] Computing proof_enc
[2025-10-14 18:52:17] (+37.03 mins) [zkvm-guest] proof_enc completed
[2025-10-14 18:52:17] (+37.03 mins) [zkvm-guest] Computing proof_dlog
[2025-10-14 19:03:43] (+48.47 mins) [zkvm-guest] proof_dlog completed
[2025-10-14 19:03:43] (+48.47 mins) [zkvm-guest] Computing gm_eval_honest
[2025-10-14 19:10:39] (+55.40 mins) [zkvm-guest] gm_eval_honest completed, res length: 32
[2025-10-14 19:10:39] (+55.40 mins) [zkvm-guest] Using empty proof_shuffle
[2025-10-14 19:10:39] (+55.40 mins) [zkvm-guest] Writing private data
[2025-10-14 19:10:47] (+55.53 mins) [zkvm-guest] Committing public results
[2025-10-14 19:10:50] (+55.58 mins) [zkvm-guest] Main function completed successfully
[2025-10-14 19:10:51] (+55.60 mins) WARNING: Proving in dev mode does not generate a valid receipt. Receipts generated from this process are invalid and should never be used in production.
[2025-10-14 19:10:51] (+55.60 mins) [DEBUG] zkVM proof generated. Verifying...
[2025-10-14 19:10:51] (+55.60 mins) [DEBUG] zkVM proof verified.
[2025-10-14 19:10:51] (+55.60 mins) [DEBUG] Reading private output...
[2025-10-14 19:10:51] (+55.60 mins) [DEBUG] Private output deserialization successful.
[2025-10-14 19:10:51] (+55.60 mins) [DEBUG] Decoding public results from journal...
[2025-10-14 19:10:51] (+55.60 mins) [DEBUG] Got n_j = 1210440516580815377268690676268415145193962639307507016768330378625799689384694283367036505200336844240757988478059473797487301881971488990809785677778547324657836309944243637499254746021952153929974709771459222902935587817380028577754699625023629217023257667035285392730917767315487266913466544198535580305293163794991919981769444072452612856297731977407714492761136571165256662954300187780568966929703558239284326555651618998000141751604877370081550718290721653
[2025-10-14 19:10:51] (+55.60 mins) [DEBUG] Verifying proof_eval...
[2025-10-14 19:10:51] (+55.60 mins) [DEBUG] proof_eval verification passed.
[2025-10-14 19:10:51] (+55.60 mins) [DEBUG] Verifying proof_enc...
[2025-10-14 19:10:51] (+55.60 mins) [DEBUG] proof_enc verification passed.
[2025-10-14 19:10:51] (+55.60 mins) [DEBUG] Verifying dlog proof...
[2025-10-14 19:10:52] (+55.62 mins) [DEBUG] dlog proof verification passed.
[2025-10-14 19:10:52] (+55.62 mins) The second bidder's bid is less than or equal to the first bidder's bid.
