[2025-10-21 14:02:33] (+0.00 mins | took: 0.00 mins)     Compiling zk-auctions-methods v0.1.0 (/home/iskander/Projects/zk-auctions-archive/methods)
[2025-10-21 14:02:33] (+0.00 mins | took: 0.00 mins)  warning: unused variable: `cipher_i_and`
[2025-10-21 14:02:33] (+0.00 mins | took: 0.00 mins)     --> core/src/protocols/strain/bidder.rs:450:13
[2025-10-21 14:02:33] (+0.00 mins | took: 0.00 mins)      |
[2025-10-21 14:02:33] (+0.00 mins | took: 0.00 mins)  450 |         let cipher_i_and = embed_and(cipher_i, pub_key_j, rand1);
[2025-10-21 14:02:33] (+0.00 mins | took: 0.00 mins)      |             ^^^^^^^^^^^^ help: if this is intentional, prefix it with an underscore: `_cipher_i_and`
[2025-10-21 14:02:33] (+0.00 mins | took: 0.00 mins)      |
[2025-10-21 14:02:33] (+0.00 mins | took: 0.00 mins)      = note: `#[warn(unused_variables)]` on by default
[2025-10-21 14:02:33] (+0.00 mins | took: 0.00 mins)  
[2025-10-21 14:02:33] (+0.00 mins | took: 0.00 mins)  warning: unused variable: `number1`
[2025-10-21 14:02:33] (+0.00 mins | took: 0.00 mins)     --> core/src/protocols/strain/bidder.rs:435:9
[2025-10-21 14:02:33] (+0.00 mins | took: 0.00 mins)      |
[2025-10-21 14:02:33] (+0.00 mins | took: 0.00 mins)  435 |         number1: &BigInt,
[2025-10-21 14:02:33] (+0.00 mins | took: 0.00 mins)      |         ^^^^^^^ help: if this is intentional, prefix it with an underscore: `_number1`
[2025-10-21 14:02:33] (+0.00 mins | took: 0.00 mins)  
[2025-10-21 14:02:33] (+0.00 mins | took: 0.00 mins)  warning: field `soundness_params` is never read
[2025-10-21 14:02:33] (+0.00 mins | took: 0.00 mins)     --> core/src/protocols/strain/bidder.rs:139:5
[2025-10-21 14:02:33] (+0.00 mins | took: 0.00 mins)      |
[2025-10-21 14:02:33] (+0.00 mins | took: 0.00 mins)  137 | pub struct Bidder {
[2025-10-21 14:02:33] (+0.00 mins | took: 0.00 mins)      |            ------ field in this struct
[2025-10-21 14:02:33] (+0.00 mins | took: 0.00 mins)  138 |     config: StrainConfig,
[2025-10-21 14:02:33] (+0.00 mins | took: 0.00 mins)  139 |     soundness_params: StrainSecurityParams,
[2025-10-21 14:02:33] (+0.00 mins | took: 0.00 mins)      |     ^^^^^^^^^^^^^^^^
[2025-10-21 14:02:33] (+0.00 mins | took: 0.00 mins)      |
[2025-10-21 14:02:33] (+0.00 mins | took: 0.00 mins)      = note: `#[warn(dead_code)]` on by default
[2025-10-21 14:02:33] (+0.00 mins | took: 0.00 mins)  
[2025-10-21 14:02:33] (+0.00 mins | took: 0.00 mins)  warning: `zk-auctions-core` (lib) generated 3 warnings
[2025-10-21 14:02:34] (+0.02 mins | took: 0.02 mins)     Compiling zk-auctions v0.1.0 (/home/iskander/Projects/zk-auctions-archive)
[2025-10-21 14:02:34] (+0.02 mins | took: 0.00 mins)  warning: unused variable: `p_i`
[2025-10-21 14:02:34] (+0.02 mins | took: 0.00 mins)    --> src/main.rs:88:23
[2025-10-21 14:02:34] (+0.02 mins | took: 0.00 mins)     |
[2025-10-21 14:02:34] (+0.02 mins | took: 0.00 mins)  88 |             let (n_i, p_i, q_i) = bidders_data.get(bidder_id).unwrap();
[2025-10-21 14:02:34] (+0.02 mins | took: 0.00 mins)     |                       ^^^ help: if this is intentional, prefix it with an underscore: `_p_i`
[2025-10-21 14:02:34] (+0.02 mins | took: 0.00 mins)     |
[2025-10-21 14:02:34] (+0.02 mins | took: 0.00 mins)     = note: `#[warn(unused_variables)]` on by default
[2025-10-21 14:02:34] (+0.02 mins | took: 0.00 mins)  
[2025-10-21 14:02:34] (+0.02 mins | took: 0.00 mins)  warning: unused variable: `q_i`
[2025-10-21 14:02:34] (+0.02 mins | took: 0.00 mins)    --> src/main.rs:88:28
[2025-10-21 14:02:34] (+0.02 mins | took: 0.00 mins)     |
[2025-10-21 14:02:34] (+0.02 mins | took: 0.00 mins)  88 |             let (n_i, p_i, q_i) = bidders_data.get(bidder_id).unwrap();
[2025-10-21 14:02:34] (+0.02 mins | took: 0.00 mins)     |                            ^^^ help: if this is intentional, prefix it with an underscore: `_q_i`
[2025-10-21 14:02:34] (+0.02 mins | took: 0.00 mins)  
[2025-10-21 14:02:34] (+0.02 mins | took: 0.00 mins)  warning: unused variable: `v_i`
[2025-10-21 14:02:34] (+0.02 mins | took: 0.00 mins)     --> src/main.rs:192:50
[2025-10-21 14:02:34] (+0.02 mins | took: 0.00 mins)      |
[2025-10-21 14:02:34] (+0.02 mins | took: 0.00 mins)  192 |                 let (bidder_i_id, n_i, c_i, r_i, v_i, p_i, q_i) = bidders[i].clone();
[2025-10-21 14:02:34] (+0.02 mins | took: 0.00 mins)      |                                                  ^^^ help: if this is intentional, prefix it with an underscore: `_v_i`
[2025-10-21 14:02:34] (+0.02 mins | took: 0.00 mins)  
[2025-10-21 14:02:34] (+0.02 mins | took: 0.00 mins)  warning: unused variable: `p_i`
[2025-10-21 14:02:34] (+0.02 mins | took: 0.00 mins)     --> src/main.rs:192:55
[2025-10-21 14:02:34] (+0.02 mins | took: 0.00 mins)      |
[2025-10-21 14:02:34] (+0.02 mins | took: 0.00 mins)  192 |                 let (bidder_i_id, n_i, c_i, r_i, v_i, p_i, q_i) = bidders[i].clone();
[2025-10-21 14:02:34] (+0.02 mins | took: 0.00 mins)      |                                                       ^^^ help: if this is intentional, prefix it with an underscore: `_p_i`
[2025-10-21 14:02:34] (+0.02 mins | took: 0.00 mins)  
[2025-10-21 14:02:34] (+0.02 mins | took: 0.00 mins)  warning: unused variable: `q_i`
[2025-10-21 14:02:34] (+0.02 mins | took: 0.00 mins)     --> src/main.rs:192:60
[2025-10-21 14:02:34] (+0.02 mins | took: 0.00 mins)      |
[2025-10-21 14:02:34] (+0.02 mins | took: 0.00 mins)  192 |                 let (bidder_i_id, n_i, c_i, r_i, v_i, p_i, q_i) = bidders[i].clone();
[2025-10-21 14:02:34] (+0.02 mins | took: 0.00 mins)      |                                                            ^^^ help: if this is intentional, prefix it with an underscore: `_q_i`
[2025-10-21 14:02:34] (+0.02 mins | took: 0.00 mins)  
[2025-10-21 14:02:34] (+0.02 mins | took: 0.00 mins)  warning: unused variable: `c_j`
[2025-10-21 14:02:34] (+0.02 mins | took: 0.00 mins)     --> src/main.rs:193:40
[2025-10-21 14:02:34] (+0.02 mins | took: 0.00 mins)      |
[2025-10-21 14:02:34] (+0.02 mins | took: 0.00 mins)  193 |                 let (bidder_j_id, n_j, c_j, r_j, v_j, p_j, q_j) = bidders[j].clone();
[2025-10-21 14:02:34] (+0.02 mins | took: 0.00 mins)      |                                        ^^^ help: if this is intentional, prefix it with an underscore: `_c_j`
[2025-10-21 14:02:34] (+0.02 mins | took: 0.00 mins)  
[2025-10-21 14:02:34] (+0.02 mins | took: 0.00 mins)  warning: unused variable: `bidder_i_id`
[2025-10-21 14:02:34] (+0.02 mins | took: 0.00 mins)     --> src/main.rs:228:27
[2025-10-21 14:02:34] (+0.02 mins | took: 0.00 mins)      |
[2025-10-21 14:02:34] (+0.02 mins | took: 0.00 mins)  228 |         let (bidder_j_id, bidder_i_id, result) = rx.recv().unwrap();
[2025-10-21 14:02:34] (+0.02 mins | took: 0.00 mins)      |                           ^^^^^^^^^^^ help: if this is intentional, prefix it with an underscore: `_bidder_i_id`
[2025-10-21 14:02:34] (+0.02 mins | took: 0.00 mins)  
[2025-10-21 14:02:34] (+0.02 mins | took: 0.00 mins)  warning: field `proof_shuffle` is never read
[2025-10-21 14:02:34] (+0.02 mins | took: 0.00 mins)    --> src/main.rs:34:5
[2025-10-21 14:02:34] (+0.02 mins | took: 0.00 mins)     |
[2025-10-21 14:02:34] (+0.02 mins | took: 0.00 mins)  25 | struct BidderProveResult {
[2025-10-21 14:02:34] (+0.02 mins | took: 0.00 mins)     |        ----------------- field in this struct
[2025-10-21 14:02:34] (+0.02 mins | took: 0.00 mins)  ...
[2025-10-21 14:02:34] (+0.02 mins | took: 0.00 mins)  34 |     proof_shuffle: HashMap<u32, StrainProof>,
[2025-10-21 14:02:34] (+0.02 mins | took: 0.00 mins)     |     ^^^^^^^^^^^^^
[2025-10-21 14:02:34] (+0.02 mins | took: 0.00 mins)     |
[2025-10-21 14:02:34] (+0.02 mins | took: 0.00 mins)     = note: `BidderProveResult` has a derived impl for the trait `Clone`, but this is intentionally ignored during dead code analysis
[2025-10-21 14:02:34] (+0.02 mins | took: 0.00 mins)     = note: `#[warn(dead_code)]` on by default
[2025-10-21 14:02:34] (+0.02 mins | took: 0.00 mins)  
[2025-10-21 14:02:34] (+0.02 mins | took: 0.00 mins)  warning: function `bidder_join` is never used
[2025-10-21 14:02:34] (+0.02 mins | took: 0.00 mins)     --> src/main.rs:121:4
[2025-10-21 14:02:34] (+0.02 mins | took: 0.00 mins)      |
[2025-10-21 14:02:34] (+0.02 mins | took: 0.00 mins)  121 | fn bidder_join(bidder_id: String, bid_value: BigInt) -> (BigInt, Vec<BigInt>, Vec<BigInt>, (BigInt, BigInt)) {
[2025-10-21 14:02:34] (+0.02 mins | took: 0.00 mins)      |    ^^^^^^^^^^^
[2025-10-21 14:02:34] (+0.02 mins | took: 0.00 mins)  
[2025-10-21 14:02:34] (+0.02 mins | took: 0.00 mins)  warning: function `verify_shuffle` is never used
[2025-10-21 14:02:34] (+0.02 mins | took: 0.00 mins)     --> src/main.rs:717:4
[2025-10-21 14:02:34] (+0.02 mins | took: 0.00 mins)      |
[2025-10-21 14:02:34] (+0.02 mins | took: 0.00 mins)  717 | fn verify_shuffle(proof: &HashMap<u32, StrainProof>, n2: &BigInt, res: &[Vec<BigInt>]) -> bool {
[2025-10-21 14:02:34] (+0.02 mins | took: 0.00 mins)      |    ^^^^^^^^^^^^^^
[2025-10-21 14:02:34] (+0.02 mins | took: 0.00 mins)  
[2025-10-21 14:02:36] (+0.05 mins | took: 0.03 mins)  warning: `zk-auctions` (bin "zk-auctions") generated 10 warnings
[2025-10-21 14:02:36] (+0.05 mins | took: 0.00 mins)      Finished `release` profile [optimized] target(s) in 3.66s
[2025-10-21 14:02:36] (+0.05 mins | took: 0.00 mins)       Running `target/release/zk-auctions`
[2025-10-21 14:02:36] (+0.05 mins | took: 0.00 mins)  ==================================================================================
[2025-10-21 14:02:36] (+0.05 mins | took: 0.00 mins)  ZERO-KNOWLEDGE AUCTION PROTOCOL - 4 PHASE IMPLEMENTATION
[2025-10-21 14:02:36] (+0.05 mins | took: 0.00 mins)  ==================================================================================
[2025-10-21 14:02:36] (+0.05 mins | took: 0.00 mins)  This implementation follows a 4-phase zero-knowledge auction protocol:
[2025-10-21 14:02:36] (+0.05 mins | took: 0.00 mins)  
[2025-10-21 14:02:36] (+0.05 mins | took: 0.00 mins)  PHASE 1: BIDDERS JOIN
[2025-10-21 14:02:36] (+0.05 mins | took: 0.00 mins)    - Each bidder generates GM keypair and encrypts their bid
[2025-10-21 14:02:36] (+0.05 mins | took: 0.00 mins)    - Runs in parallel for efficiency
[2025-10-21 14:02:36] (+0.05 mins | took: 0.00 mins)    - Output: (n_j, c_j, r_j, (p_j, q_j)) for each bidder
[2025-10-21 14:02:36] (+0.05 mins | took: 0.00 mins)  
[2025-10-21 14:02:36] (+0.05 mins | took: 0.00 mins)  PHASE 2: BIDDER PROVE
[2025-10-21 14:02:36] (+0.05 mins | took: 0.00 mins)    - Each bidder 'j' runs bidder_prove against bidder 'i'
[2025-10-21 14:02:36] (+0.05 mins | took: 0.00 mins)    - 'j' = bidder running proof, 'i' = other bidder being compared
[2025-10-21 14:02:36] (+0.05 mins | took: 0.00 mins)    - Generates zero-knowledge proofs of bid validity
[2025-10-21 14:02:36] (+0.05 mins | took: 0.00 mins)  
[2025-10-21 14:02:36] (+0.05 mins | took: 0.00 mins)  PHASE 3: AUCTIONEER VERIFY
[2025-10-21 14:02:36] (+0.05 mins | took: 0.00 mins)    - Auctioneer verifies all proof_eval from all bidders
[2025-10-21 14:02:36] (+0.05 mins | took: 0.00 mins)    - Ensures all bidders provided valid zero-knowledge proofs
[2025-10-21 14:02:36] (+0.05 mins | took: 0.00 mins)    - Auctioneer acts as trusted verifier
[2025-10-21 14:02:36] (+0.05 mins | took: 0.00 mins)  
[2025-10-21 14:02:36] (+0.05 mins | took: 0.00 mins)  PHASE 4: BIDDER VERIFY ALL & WINNER DETERMINATION
[2025-10-21 14:02:36] (+0.05 mins | took: 0.00 mins)    - Each bidder verifies other bidders' proofs using bidder_verify_all
[2025-10-21 14:02:36] (+0.05 mins | took: 0.00 mins)    - Verifies proof_enc (encryption) and proof_dlog (discrete log)
[2025-10-21 14:02:36] (+0.05 mins | took: 0.00 mins)    - Ensures mutual verification between bidders
[2025-10-21 14:02:36] (+0.05 mins | took: 0.00 mins)    - Final bid comparison using compare_leq_honest
[2025-10-21 14:02:36] (+0.05 mins | took: 0.00 mins)    - Determines winner by comparing against all other bidders
[2025-10-21 14:02:36] (+0.05 mins | took: 0.00 mins)    - Runs in parallel for efficiency
[2025-10-21 14:02:36] (+0.05 mins | took: 0.00 mins)  ==================================================================================
[2025-10-21 14:02:36] (+0.05 mins | took: 0.00 mins)  
[2025-10-21 14:02:36] (+0.05 mins | took: 0.00 mins)  [host] PHASE 1: Bidders Join - Generating keys and encrypting bids...
[2025-10-21 14:02:36] (+0.05 mins | took: 0.00 mins)  [host] Waiting for both bidders to complete...
[2025-10-21 14:02:36] (+0.05 mins | took: 0.00 mins)  [host] Starting bidder1 thread with bid v_i = 1500
[2025-10-21 14:02:36] (+0.05 mins | took: 0.00 mins)  [host] Starting mock_bidder_join for bidder: bidder1
[2025-10-21 14:02:36] (+0.05 mins | took: 0.00 mins)  [host] Starting bidder2 thread with bid v_j = 2000
[2025-10-21 14:02:36] (+0.05 mins | took: 0.00 mins)  [host] Starting mock_bidder_join for bidder: bidder2
[2025-10-21 14:02:37] (+0.07 mins | took: 0.02 mins)  [host] Mock bidder bidder2 generated public key n_j = 1208513960063087841855871764824059639358174885783832648338202224308233407091338394703932454946042336280718976392587211539130215632406074656928133968328655725982651850085335950759930896909776385125637166817702783948865022674448619000079391571020529630661051529240424354472248842946864884170053321041381192409143397321698009837712799182236588285868855421185087439816935398748607278334016030692175783601593304144824918367865133651594270744873949151933512341403877133
[2025-10-21 14:02:37] (+0.07 mins | took: 0.00 mins)  [host] Mock bidder bidder2 encrypted value c_j (len=32)
[2025-10-21 14:02:37] (+0.07 mins | took: 0.00 mins)  [host] Bidder2 thread completed
[2025-10-21 14:02:37] (+0.07 mins | took: 0.00 mins)  [host] Received bidder2 results
[2025-10-21 14:02:37] (+0.07 mins | took: 0.00 mins)  [host] Mock bidder bidder1 generated public key n_j = 1208318595217371099713180293933041983917197234413392913630178576567628706809478533408024436467617346737048317801030622577838546006624471375921663645604752454782535821106764050583669592788067274807872979840754616240729244678518772009597810816161470394356038981651259240808403528681225516390325557501057628334426898816647502507265237575895383549355088709060484032098441611680638751929166033463443525102250921958582465655997512054824287584026320879109702402754159597
[2025-10-21 14:02:37] (+0.07 mins | took: 0.00 mins)  [host] Mock bidder bidder1 encrypted value c_j (len=32)
[2025-10-21 14:02:37] (+0.07 mins | took: 0.00 mins)  [host] Bidder1 thread completed
[2025-10-21 14:02:37] (+0.07 mins | took: 0.00 mins)  [host] Received bidder1 results
[2025-10-21 14:02:37] (+0.07 mins | took: 0.00 mins)  [host] First bidder's bid v_1 = 1500
[2025-10-21 14:02:37] (+0.07 mins | took: 0.00 mins)  [host] Second bidder's bid v_2 = 2000
[2025-10-21 14:02:37] (+0.07 mins | took: 0.00 mins)  [host] PHASE 2: Bidder Prove - Generating zero-knowledge proofs in parallel...
[2025-10-21 14:02:37] (+0.07 mins | took: 0.00 mins)  [host] sound_param = 40 sigma = 40
[2025-10-21 14:02:37] (+0.07 mins | took: 0.00 mins)  [host] PHASE 2: Running bidder_prove in parallel for all bidder pairs...
[2025-10-21 14:02:37] (+0.07 mins | took: 0.00 mins)  [host] Starting bidder_prove: bidder2 vs bidder1
[2025-10-21 14:02:37] (+0.07 mins | took: 0.00 mins)  [host] Starting bidder_prove: bidder1 vs bidder2
[2025-10-21 14:02:37] (+0.07 mins | took: 0.00 mins)  [host] Building ExecutorEnv...
[2025-10-21 14:02:37] (+0.07 mins | took: 0.00 mins)  [host] Building ExecutorEnv...
[2025-10-21 14:02:37] (+0.07 mins | took: 0.00 mins)  [host] ExecutorEnv built successfully.
[2025-10-21 14:02:37] (+0.07 mins | took: 0.00 mins)  [host] Running zkVM (prove)...
[2025-10-21 14:02:37] (+0.07 mins | took: 0.00 mins)  [host] ExecutorEnv built successfully.
[2025-10-21 14:02:37] (+0.07 mins | took: 0.00 mins)  [host] Running zkVM (prove)...
[2025-10-21 14:02:37] (+0.07 mins | took: 0.00 mins)  WARNING: proving in dev mode. This will not generate valid, secure proofs.
[2025-10-21 14:02:37] (+0.07 mins | took: 0.00 mins)  WARNING: proving in dev mode. This will not generate valid, secure proofs.
[2025-10-21 14:02:37] (+0.07 mins | took: 0.00 mins)  
[2025-10-21 14:02:37] (+0.07 mins | took: 0.00 mins)  
[2025-10-21 14:02:37] (+0.07 mins | took: 0.00 mins)  [(bidder2)-zkvm-bidder-prover-guest] Starting main function
[2025-10-21 14:02:37] (+0.07 mins | took: 0.00 mins)  [(bidder2)-zkvm-bidder-prover-guest][(bidder1)-zkvm-bidder-prover-guest] Reading inputs from environment for bidder j
[2025-10-21 14:02:37] (+0.07 mins | took: 0.00 mins)   Starting main function
[2025-10-21 14:02:37] (+0.07 mins | took: 0.00 mins)  [(bidder1)-zkvm-bidder-prover-guest] Reading inputs from environment for bidder j
[2025-10-21 14:02:37] (+0.07 mins | took: 0.00 mins)  [(bidder2)-zkvm-bidder-prover-guest] Reading inputs from environment for bidder i
[2025-10-21 14:02:37] (+0.07 mins | took: 0.00 mins)  [(bidder1)-zkvm-bidder-prover-guest] Reading inputs from environment for bidder i
[2025-10-21 14:02:37] (+0.07 mins | took: 0.00 mins)  [(bidder2)-zkvm-bidder-prover-guest] Read c_i (len: 32), n_i (bits: 1536), r_i (len: 32)
[2025-10-21 14:02:37] (+0.07 mins | took: 0.00 mins)  [(bidder2)-zkvm-bidder-prover-guest] Read sigma and sound_param: 40
[2025-10-21 14:02:37] (+0.07 mins | took: 0.00 mins)  [(bidder1)-zkvm-bidder-prover-guest] Read c_i (len: 32), n_i (bits: 1536), r_i (len: 32)
[2025-10-21 14:02:37] (+0.07 mins | took: 0.00 mins)  [(bidder1)-zkvm-bidder-prover-guest] Read sigma and sound_param: 40
[2025-10-21 14:02:51] (+0.30 mins | took: 0.23 mins)  [(bidder2)-zkvm-bidder-prover-guest] Read random values
[2025-10-21 14:02:51] (+0.30 mins | took: 0.00 mins)  [(bidder2)-zkvm-bidder-prover-guest] Computing proof_eval
[2025-10-21 14:02:51] (+0.30 mins | took: 0.00 mins)  [(bidder1)-zkvm-bidder-prover-guest] Read random values
[2025-10-21 14:02:51] (+0.30 mins | took: 0.00 mins)  [(bidder1)-zkvm-bidder-prover-guest] Computing proof_eval
[2025-10-21 14:09:44] (+7.18 mins | took: 6.88 mins)  [(bidder1)-zkvm-bidder-prover-guest] proof_eval completed
[2025-10-21 14:09:44] (+7.18 mins | took: 0.00 mins)  [(bidder1)-zkvm-bidder-prover-guest] Computing proof_enc
[2025-10-21 14:09:49] (+7.27 mins | took: 0.08 mins)  [(bidder2)-zkvm-bidder-prover-guest] proof_eval completed
[2025-10-21 14:09:49] (+7.27 mins | took: 0.00 mins)  [(bidder2)-zkvm-bidder-prover-guest] Computing proof_enc
[2025-10-21 14:15:53] (+13.33 mins | took: 6.07 mins)  [(bidder1)-zkvm-bidder-prover-guest] proof_enc completed
[2025-10-21 14:15:53] (+13.33 mins | took: 0.00 mins)  [(bidder1)-zkvm-bidder-prover-guest] Computing proof_dlog
[2025-10-21 14:15:59] (+13.43 mins | took: 0.10 mins)  [(bidder2)-zkvm-bidder-prover-guest] proof_enc completed
[2025-10-21 14:15:59] (+13.43 mins | took: 0.00 mins)  [(bidder2)-zkvm-bidder-prover-guest] Computing proof_dlog
[2025-10-21 14:27:04] (+24.52 mins | took: 11.08 mins)  [(bidder1)-zkvm-bidder-prover-guest] proof_dlog completed
[2025-10-21 14:27:04] (+24.52 mins | took: 0.00 mins)  [(bidder1)-zkvm-bidder-prover-guest] Computing gm_eval_honest
[2025-10-21 14:27:11] (+24.63 mins | took: 0.12 mins)  [(bidder2)-zkvm-bidder-prover-guest] proof_dlog completed
[2025-10-21 14:27:11] (+24.63 mins | took: 0.00 mins)  [(bidder2)-zkvm-bidder-prover-guest] Computing gm_eval_honest
[2025-10-21 14:34:00] (+31.45 mins | took: 6.82 mins)  [(bidder1)-zkvm-bidder-prover-guest] gm_eval_honest completed, res length: 32
[2025-10-21 14:34:00] (+31.45 mins | took: 0.00 mins)  [(bidder1)-zkvm-bidder-prover-guest] Using empty proof_shuffle
[2025-10-21 14:34:00] (+31.45 mins | took: 0.00 mins)  [(bidder1)-zkvm-bidder-prover-guest] Writing private data
[2025-10-21 14:34:07] (+31.57 mins | took: 0.12 mins)  [(bidder2)-zkvm-bidder-prover-guest] gm_eval_honest completed, res length: 32
[2025-10-21 14:34:07] (+31.57 mins | took: 0.00 mins)  [(bidder2)-zkvm-bidder-prover-guest] Using empty proof_shuffle
[2025-10-21 14:34:07] (+31.57 mins | took: 0.00 mins)  [(bidder2)-zkvm-bidder-prover-guest] Writing private data
[2025-10-21 14:34:10] (+31.62 mins | took: 0.05 mins)  [(bidder1)-zkvm-bidder-prover-guest] Committing public results
[2025-10-21 14:34:13] (+31.67 mins | took: 0.05 mins)  [(bidder1)-zkvm-bidder-prover-guest] Main function completed successfully
[2025-10-21 14:34:13] (+31.67 mins | took: 0.00 mins)  WARNING: Proving in dev mode does not generate a valid receipt. Receipts generated from this process are invalid and should never be used in production.
[2025-10-21 14:34:13] (+31.67 mins | took: 0.00 mins)  [host] zkVM proof generated.
[2025-10-21 14:34:13] (+31.67 mins | took: 0.00 mins)  [host] Reading private output...
[2025-10-21 14:34:13] (+31.67 mins | took: 0.00 mins)  [host] Private output deserialization successful.
[2025-10-21 14:34:13] (+31.67 mins | took: 0.00 mins)  [host] Decoding public results from journal...
[2025-10-21 14:34:13] (+31.67 mins | took: 0.00 mins)  [host] Got n_j = 1208318595217371099713180293933041983917197234413392913630178576567628706809478533408024436467617346737048317801030622577838546006624471375921663645604752454782535821106764050583669592788067274807872979840754616240729244678518772009597810816161470394356038981651259240808403528681225516390325557501057628334426898816647502507265237575895383549355088709060484032098441611680638751929166033463443525102250921958582465655997512054824287584026320879109702402754159597
[2025-10-21 14:34:13] (+31.67 mins | took: 0.00 mins)  [host] Completed bidder_prove: bidder1 vs bidder2
[2025-10-21 14:34:19] (+31.77 mins | took: 0.10 mins)  [(bidder2)-zkvm-bidder-prover-guest] Committing public results
[2025-10-21 14:34:22] (+31.82 mins | took: 0.05 mins)  [(bidder2)-zkvm-bidder-prover-guest] Main function completed successfully
[2025-10-21 14:34:22] (+31.82 mins | took: 0.00 mins)  WARNING: Proving in dev mode does not generate a valid receipt. Receipts generated from this process are invalid and should never be used in production.
[2025-10-21 14:34:22] (+31.82 mins | took: 0.00 mins)  [host] zkVM proof generated.
[2025-10-21 14:34:22] (+31.82 mins | took: 0.00 mins)  [host] Reading private output...
[2025-10-21 14:34:22] (+31.82 mins | took: 0.00 mins)  [host] Private output deserialization successful.
[2025-10-21 14:34:22] (+31.82 mins | took: 0.00 mins)  [host] Decoding public results from journal...
[2025-10-21 14:34:22] (+31.82 mins | took: 0.00 mins)  [host] Got n_j = 1208513960063087841855871764824059639358174885783832648338202224308233407091338394703932454946042336280718976392587211539130215632406074656928133968328655725982651850085335950759930896909776385125637166817702783948865022674448619000079391571020529630661051529240424354472248842946864884170053321041381192409143397321698009837712799182236588285868855421185087439816935398748607278334016030692175783601593304144824918367865133651594270744873949151933512341403877133
[2025-10-21 14:34:22] (+31.82 mins | took: 0.00 mins)  [host] Completed bidder_prove: bidder2 vs bidder1
[2025-10-21 14:34:22] (+31.82 mins | took: 0.00 mins)  [host] PHASE 2: All bidder_prove operations completed
[2025-10-21 14:34:22] (+31.82 mins | took: 0.00 mins)  [host] PHASE 3: Auctioneer Verify - Verifying all evaluation proofs and receipts from all bidders...
[2025-10-21 14:34:22] (+31.82 mins | took: 0.00 mins)  [host] Verifying 1 results for bidder: bidder1
[2025-10-21 14:34:22] (+31.82 mins | took: 0.00 mins)  [host] Verifying result 1 for bidder bidder1
[2025-10-21 14:34:22] (+31.82 mins | took: 0.00 mins)  [host] Verifying receipt for bidder1 result 1
[2025-10-21 14:34:22] (+31.82 mins | took: 0.00 mins)  [host] ✅ Receipt verification PASSED for bidder1 result 1
[2025-10-21 14:34:22] (+31.82 mins | took: 0.00 mins)  [host] Verifying proof_eval for bidder1 vs bidder_i
[2025-10-21 14:34:22] (+31.82 mins | took: 0.00 mins)  [host] n_i = 1208318595217371099713180293933041983917197234413392913630178576567628706809478533408024436467617346737048317801030622577838546006624471375921663645604752454782535821106764050583669592788067274807872979840754616240729244678518772009597810816161470394356038981651259240808403528681225516390325557501057628334426898816647502507265237575895383549355088709060484032098441611680638751929166033463443525102250921958582465655997512054824287584026320879109702402754159597
[2025-10-21 14:34:22] (+31.82 mins | took: 0.00 mins)  [host] n_j_from_proof = 1208318595217371099713180293933041983917197234413392913630178576567628706809478533408024436467617346737048317801030622577838546006624471375921663645604752454782535821106764050583669592788067274807872979840754616240729244678518772009597810816161470394356038981651259240808403528681225516390325557501057628334426898816647502507265237575895383549355088709060484032098441611680638751929166033463443525102250921958582465655997512054824287584026320879109702402754159597
[2025-10-21 14:34:22] (+31.82 mins | took: 0.00 mins)  
[2025-10-21 14:34:22] (+31.82 mins | took: 0.00 mins)  thread 'main' panicked at core/src/gm.rs:75:5:
[2025-10-21 14:34:22] (+31.82 mins | took: 0.00 mins)  assertion failed: r >= BigInt::zero() && r < *n
[2025-10-21 14:34:22] (+31.82 mins | took: 0.00 mins)  stack backtrace:
[2025-10-21 14:34:22] (+31.82 mins | took: 0.00 mins)     0:     0x55f363799c72 - <std::sys::backtrace::BacktraceLock::print::DisplayBacktrace as core::fmt::Display>::fmt::hdcfcb6d4c8489523
[2025-10-21 14:34:22] (+31.82 mins | took: 0.00 mins)     1:     0x55f3637c19f3 - core::fmt::write::h8a494366950f23bb
[2025-10-21 14:34:22] (+31.82 mins | took: 0.00 mins)     2:     0x55f363796573 - std::io::Write::write_fmt::h6556609fca33d0b1
[2025-10-21 14:34:22] (+31.82 mins | took: 0.00 mins)     3:     0x55f363799ac2 - std::sys::backtrace::BacktraceLock::print::hb2a626a81e06b2dc
[2025-10-21 14:34:22] (+31.82 mins | took: 0.00 mins)     4:     0x55f36379acf3 - std::panicking::default_hook::{{closure}}::h4f78485264f12d10
[2025-10-21 14:34:22] (+31.82 mins | took: 0.00 mins)     5:     0x55f36379aad5 - std::panicking::default_hook::h2c66fc99e962531d
[2025-10-21 14:34:22] (+31.82 mins | took: 0.00 mins)     6:     0x55f36379b705 - std::panicking::rust_panic_with_hook::h33ac55f64bbd807d
[2025-10-21 14:34:22] (+31.82 mins | took: 0.00 mins)     7:     0x55f36379b466 - std::panicking::begin_panic_handler::{{closure}}::h30e7cb89678a57fe
[2025-10-21 14:34:22] (+31.82 mins | took: 0.00 mins)     8:     0x55f36379a179 - std::sys::backtrace::__rust_end_short_backtrace::hed60f27456c16ced
[2025-10-21 14:34:22] (+31.82 mins | took: 0.00 mins)     9:     0x55f36379b12d - __rustc[de2ca18b4c54d5b8]::rust_begin_unwind
[2025-10-21 14:34:22] (+31.82 mins | took: 0.00 mins)    10:     0x55f3637bf800 - core::panicking::panic_fmt::h62f63d096dd276af
[2025-10-21 14:34:22] (+31.82 mins | took: 0.00 mins)    11:     0x55f3637bf88c - core::panicking::panic::h89a5f2df32b0508a
[2025-10-21 14:34:22] (+31.82 mins | took: 0.00 mins)    12:     0x55f363549595 - zk_auctions_core::gm::encrypt_bit_gm_coin::h81506600ed9bd837
[2025-10-21 14:34:22] (+31.82 mins | took: 0.00 mins)    13:     0x55f36355516f - <zk_auctions_core::protocols::strain::auctioneer::Auctioneer as zk_auctions_core::protocols::strain::auctioneer::StrainAuctioneer>::verify_eval::he935104a8f7bc5fc
[2025-10-21 14:34:22] (+31.82 mins | took: 0.00 mins)    14:     0x55f363512870 - zk_auctions::run_two_bidders_example::hb43c06988aa493a6
[2025-10-21 14:34:22] (+31.82 mins | took: 0.00 mins)    15:     0x55f3635414d3 - std::sys::backtrace::__rust_begin_short_backtrace::h9061e530fbcdd265
[2025-10-21 14:34:22] (+31.82 mins | took: 0.00 mins)    16:     0x55f36353c069 - std::rt::lang_start::{{closure}}::h0fcc048e9a9bacfc
[2025-10-21 14:34:22] (+31.82 mins | took: 0.00 mins)    17:     0x55f36378ee50 - std::rt::lang_start_internal::h34f9328d113fd60a
[2025-10-21 14:34:22] (+31.82 mins | took: 0.00 mins)    18:     0x55f363515ab5 - main
[2025-10-21 14:34:22] (+31.82 mins | took: 0.00 mins)    19:     0x7f1a1b627675 - <unknown>
[2025-10-21 14:34:22] (+31.82 mins | took: 0.00 mins)    20:     0x7f1a1b627729 - __libc_start_main
[2025-10-21 14:34:22] (+31.82 mins | took: 0.00 mins)    21:     0x55f3635081e5 - _start
[2025-10-21 14:34:22] (+31.82 mins | took: 0.00 mins)    22:                0x0 - <unknown>
[2025-10-21 14:34:22] (+31.82 mins | took: 0.00 mins)  [host] ❌ Verification FAILED for bidder1 result 1
[2025-10-21 14:34:22] (+31.82 mins | took: 0.00 mins)  [host] Verifying 1 results for bidder: bidder2
[2025-10-21 14:34:22] (+31.82 mins | took: 0.00 mins)  [host] Verifying result 1 for bidder bidder2
[2025-10-21 14:34:22] (+31.82 mins | took: 0.00 mins)  [host] Verifying receipt for bidder2 result 1
[2025-10-21 14:34:22] (+31.82 mins | took: 0.00 mins)  [host] ✅ Receipt verification PASSED for bidder2 result 1
[2025-10-21 14:34:22] (+31.82 mins | took: 0.00 mins)  [host] Verifying proof_eval for bidder2 vs bidder_i
[2025-10-21 14:34:22] (+31.82 mins | took: 0.00 mins)  [host] n_i = 1208513960063087841855871764824059639358174885783832648338202224308233407091338394703932454946042336280718976392587211539130215632406074656928133968328655725982651850085335950759930896909776385125637166817702783948865022674448619000079391571020529630661051529240424354472248842946864884170053321041381192409143397321698009837712799182236588285868855421185087439816935398748607278334016030692175783601593304144824918367865133651594270744873949151933512341403877133
[2025-10-21 14:34:22] (+31.82 mins | took: 0.00 mins)  [host] n_j_from_proof = 1208513960063087841855871764824059639358174885783832648338202224308233407091338394703932454946042336280718976392587211539130215632406074656928133968328655725982651850085335950759930896909776385125637166817702783948865022674448619000079391571020529630661051529240424354472248842946864884170053321041381192409143397321698009837712799182236588285868855421185087439816935398748607278334016030692175783601593304144824918367865133651594270744873949151933512341403877133
[2025-10-21 14:34:22] (+31.82 mins | took: 0.00 mins)  [host] proof_eval verification passed.
[2025-10-21 14:34:22] (+31.82 mins | took: 0.00 mins)  [host] ✅ Verification PASSED for bidder2 result 1
[2025-10-21 14:34:22] (+31.82 mins | took: 0.00 mins)  [host] ❌ Some auctioneer verifications FAILED - Stopping protocol
[2025-10-21 14:34:22] (+31.82 mins | took: 0.00 mins)  [host] Protocol stopped due to verification failures
