[2025-10-22 11:32:28] (+0.02 mins | took: 0.00 mins)     Compiling zk-auctions-methods v0.1.0 (/home/iskander/Projects/zk-auctions-archive/methods)
[2025-10-22 11:32:28] (+0.02 mins | took: 0.00 mins)  warning: unused variable: `cipher_i_and`
[2025-10-22 11:32:28] (+0.02 mins | took: 0.00 mins)     --> core/src/protocols/strain/bidder.rs:450:13
[2025-10-22 11:32:28] (+0.02 mins | took: 0.00 mins)      |
[2025-10-22 11:32:28] (+0.02 mins | took: 0.00 mins)  450 |         let cipher_i_and = embed_and(cipher_i, pub_key_j, rand1);
[2025-10-22 11:32:28] (+0.02 mins | took: 0.00 mins)      |             ^^^^^^^^^^^^ help: if this is intentional, prefix it with an underscore: `_cipher_i_and`
[2025-10-22 11:32:28] (+0.02 mins | took: 0.00 mins)      |
[2025-10-22 11:32:28] (+0.02 mins | took: 0.00 mins)      = note: `#[warn(unused_variables)]` on by default
[2025-10-22 11:32:28] (+0.02 mins | took: 0.00 mins)  
[2025-10-22 11:32:28] (+0.02 mins | took: 0.00 mins)  warning: unused variable: `number1`
[2025-10-22 11:32:28] (+0.02 mins | took: 0.00 mins)     --> core/src/protocols/strain/bidder.rs:435:9
[2025-10-22 11:32:28] (+0.02 mins | took: 0.00 mins)      |
[2025-10-22 11:32:28] (+0.02 mins | took: 0.00 mins)  435 |         number1: &BigInt,
[2025-10-22 11:32:28] (+0.02 mins | took: 0.00 mins)      |         ^^^^^^^ help: if this is intentional, prefix it with an underscore: `_number1`
[2025-10-22 11:32:28] (+0.02 mins | took: 0.00 mins)  
[2025-10-22 11:32:28] (+0.02 mins | took: 0.00 mins)  warning: field `soundness_params` is never read
[2025-10-22 11:32:28] (+0.02 mins | took: 0.00 mins)     --> core/src/protocols/strain/bidder.rs:139:5
[2025-10-22 11:32:28] (+0.02 mins | took: 0.00 mins)      |
[2025-10-22 11:32:28] (+0.02 mins | took: 0.00 mins)  137 | pub struct Bidder {
[2025-10-22 11:32:28] (+0.02 mins | took: 0.00 mins)      |            ------ field in this struct
[2025-10-22 11:32:28] (+0.02 mins | took: 0.00 mins)  138 |     config: StrainConfig,
[2025-10-22 11:32:28] (+0.02 mins | took: 0.00 mins)  139 |     soundness_params: StrainSecurityParams,
[2025-10-22 11:32:28] (+0.02 mins | took: 0.00 mins)      |     ^^^^^^^^^^^^^^^^
[2025-10-22 11:32:28] (+0.02 mins | took: 0.00 mins)      |
[2025-10-22 11:32:28] (+0.02 mins | took: 0.00 mins)      = note: `#[warn(dead_code)]` on by default
[2025-10-22 11:32:28] (+0.02 mins | took: 0.00 mins)  
[2025-10-22 11:32:28] (+0.02 mins | took: 0.00 mins)  warning: `zk-auctions-core` (lib) generated 3 warnings
[2025-10-22 11:32:29] (+0.03 mins | took: 0.02 mins)     Compiling zk-auctions v0.1.0 (/home/iskander/Projects/zk-auctions-archive)
[2025-10-22 11:32:29] (+0.03 mins | took: 0.00 mins)  warning: unused variable: `p_i`
[2025-10-22 11:32:29] (+0.03 mins | took: 0.00 mins)    --> src/main.rs:88:23
[2025-10-22 11:32:29] (+0.03 mins | took: 0.00 mins)     |
[2025-10-22 11:32:29] (+0.03 mins | took: 0.00 mins)  88 |             let (n_i, p_i, q_i) = bidders_data.get(bidder_id).unwrap();
[2025-10-22 11:32:29] (+0.03 mins | took: 0.00 mins)     |                       ^^^ help: if this is intentional, prefix it with an underscore: `_p_i`
[2025-10-22 11:32:29] (+0.03 mins | took: 0.00 mins)     |
[2025-10-22 11:32:29] (+0.03 mins | took: 0.00 mins)     = note: `#[warn(unused_variables)]` on by default
[2025-10-22 11:32:29] (+0.03 mins | took: 0.00 mins)  
[2025-10-22 11:32:29] (+0.03 mins | took: 0.00 mins)  warning: unused variable: `q_i`
[2025-10-22 11:32:29] (+0.03 mins | took: 0.00 mins)    --> src/main.rs:88:28
[2025-10-22 11:32:29] (+0.03 mins | took: 0.00 mins)     |
[2025-10-22 11:32:29] (+0.03 mins | took: 0.00 mins)  88 |             let (n_i, p_i, q_i) = bidders_data.get(bidder_id).unwrap();
[2025-10-22 11:32:29] (+0.03 mins | took: 0.00 mins)     |                            ^^^ help: if this is intentional, prefix it with an underscore: `_q_i`
[2025-10-22 11:32:29] (+0.03 mins | took: 0.00 mins)  
[2025-10-22 11:32:29] (+0.03 mins | took: 0.00 mins)  warning: unused variable: `v_i`
[2025-10-22 11:32:29] (+0.03 mins | took: 0.00 mins)     --> src/main.rs:192:50
[2025-10-22 11:32:29] (+0.03 mins | took: 0.00 mins)      |
[2025-10-22 11:32:29] (+0.03 mins | took: 0.00 mins)  192 |                 let (bidder_i_id, n_i, c_i, r_i, v_i, p_i, q_i) = bidders[i].clone();
[2025-10-22 11:32:29] (+0.03 mins | took: 0.00 mins)      |                                                  ^^^ help: if this is intentional, prefix it with an underscore: `_v_i`
[2025-10-22 11:32:29] (+0.03 mins | took: 0.00 mins)  
[2025-10-22 11:32:29] (+0.03 mins | took: 0.00 mins)  warning: unused variable: `p_i`
[2025-10-22 11:32:29] (+0.03 mins | took: 0.00 mins)     --> src/main.rs:192:55
[2025-10-22 11:32:29] (+0.03 mins | took: 0.00 mins)      |
[2025-10-22 11:32:29] (+0.03 mins | took: 0.00 mins)  192 |                 let (bidder_i_id, n_i, c_i, r_i, v_i, p_i, q_i) = bidders[i].clone();
[2025-10-22 11:32:29] (+0.03 mins | took: 0.00 mins)      |                                                       ^^^ help: if this is intentional, prefix it with an underscore: `_p_i`
[2025-10-22 11:32:29] (+0.03 mins | took: 0.00 mins)  
[2025-10-22 11:32:29] (+0.03 mins | took: 0.00 mins)  warning: unused variable: `q_i`
[2025-10-22 11:32:29] (+0.03 mins | took: 0.00 mins)     --> src/main.rs:192:60
[2025-10-22 11:32:29] (+0.03 mins | took: 0.00 mins)      |
[2025-10-22 11:32:29] (+0.03 mins | took: 0.00 mins)  192 |                 let (bidder_i_id, n_i, c_i, r_i, v_i, p_i, q_i) = bidders[i].clone();
[2025-10-22 11:32:29] (+0.03 mins | took: 0.00 mins)      |                                                            ^^^ help: if this is intentional, prefix it with an underscore: `_q_i`
[2025-10-22 11:32:29] (+0.03 mins | took: 0.00 mins)  
[2025-10-22 11:32:29] (+0.03 mins | took: 0.00 mins)  warning: unused variable: `c_j`
[2025-10-22 11:32:29] (+0.03 mins | took: 0.00 mins)     --> src/main.rs:193:40
[2025-10-22 11:32:29] (+0.03 mins | took: 0.00 mins)      |
[2025-10-22 11:32:29] (+0.03 mins | took: 0.00 mins)  193 |                 let (bidder_j_id, n_j, c_j, r_j, v_j, p_j, q_j) = bidders[j].clone();
[2025-10-22 11:32:29] (+0.03 mins | took: 0.00 mins)      |                                        ^^^ help: if this is intentional, prefix it with an underscore: `_c_j`
[2025-10-22 11:32:29] (+0.03 mins | took: 0.00 mins)  
[2025-10-22 11:32:29] (+0.03 mins | took: 0.00 mins)  warning: unused variable: `bidder_i_id`
[2025-10-22 11:32:29] (+0.03 mins | took: 0.00 mins)     --> src/main.rs:229:27
[2025-10-22 11:32:29] (+0.03 mins | took: 0.00 mins)      |
[2025-10-22 11:32:29] (+0.03 mins | took: 0.00 mins)  229 |         let (bidder_j_id, bidder_i_id, result) = rx.recv().unwrap();
[2025-10-22 11:32:29] (+0.03 mins | took: 0.00 mins)      |                           ^^^^^^^^^^^ help: if this is intentional, prefix it with an underscore: `_bidder_i_id`
[2025-10-22 11:32:29] (+0.03 mins | took: 0.00 mins)  
[2025-10-22 11:32:29] (+0.03 mins | took: 0.00 mins)  warning: field `proof_shuffle` is never read
[2025-10-22 11:32:29] (+0.03 mins | took: 0.00 mins)    --> src/main.rs:34:5
[2025-10-22 11:32:29] (+0.03 mins | took: 0.00 mins)     |
[2025-10-22 11:32:29] (+0.03 mins | took: 0.00 mins)  25 | struct BidderProveResult {
[2025-10-22 11:32:29] (+0.03 mins | took: 0.00 mins)     |        ----------------- field in this struct
[2025-10-22 11:32:29] (+0.03 mins | took: 0.00 mins)  ...
[2025-10-22 11:32:29] (+0.03 mins | took: 0.00 mins)  34 |     proof_shuffle: HashMap<u32, StrainProof>,
[2025-10-22 11:32:29] (+0.03 mins | took: 0.00 mins)     |     ^^^^^^^^^^^^^
[2025-10-22 11:32:29] (+0.03 mins | took: 0.00 mins)     |
[2025-10-22 11:32:29] (+0.03 mins | took: 0.00 mins)     = note: `BidderProveResult` has a derived impl for the trait `Clone`, but this is intentionally ignored during dead code analysis
[2025-10-22 11:32:29] (+0.03 mins | took: 0.00 mins)     = note: `#[warn(dead_code)]` on by default
[2025-10-22 11:32:29] (+0.03 mins | took: 0.00 mins)  
[2025-10-22 11:32:29] (+0.03 mins | took: 0.00 mins)  warning: function `bidder_join` is never used
[2025-10-22 11:32:29] (+0.03 mins | took: 0.00 mins)     --> src/main.rs:121:4
[2025-10-22 11:32:29] (+0.03 mins | took: 0.00 mins)      |
[2025-10-22 11:32:29] (+0.03 mins | took: 0.00 mins)  121 | fn bidder_join(bidder_id: String, bid_value: BigInt) -> (BigInt, Vec<BigInt>, Vec<BigInt>, (BigInt, BigInt)) {
[2025-10-22 11:32:29] (+0.03 mins | took: 0.00 mins)      |    ^^^^^^^^^^^
[2025-10-22 11:32:29] (+0.03 mins | took: 0.00 mins)  
[2025-10-22 11:32:29] (+0.03 mins | took: 0.00 mins)  warning: function `verify_shuffle` is never used
[2025-10-22 11:32:29] (+0.03 mins | took: 0.00 mins)     --> src/main.rs:865:4
[2025-10-22 11:32:29] (+0.03 mins | took: 0.00 mins)      |
[2025-10-22 11:32:29] (+0.03 mins | took: 0.00 mins)  865 | fn verify_shuffle(proof: &HashMap<u32, StrainProof>, n2: &BigInt, res: &[Vec<BigInt>]) -> bool {
[2025-10-22 11:32:29] (+0.03 mins | took: 0.00 mins)      |    ^^^^^^^^^^^^^^
[2025-10-22 11:32:29] (+0.03 mins | took: 0.00 mins)  
[2025-10-22 11:32:31] (+0.07 mins | took: 0.03 mins)  warning: `zk-auctions` (bin "zk-auctions") generated 10 warnings
[2025-10-22 11:32:31] (+0.07 mins | took: 0.00 mins)      Finished `release` profile [optimized] target(s) in 3.53s
[2025-10-22 11:32:31] (+0.07 mins | took: 0.00 mins)       Running `target/release/zk-auctions`
[2025-10-22 11:32:31] (+0.07 mins | took: 0.00 mins)  ==================================================================================
[2025-10-22 11:32:31] (+0.07 mins | took: 0.00 mins)  ZERO-KNOWLEDGE AUCTION PROTOCOL - 4 PHASE IMPLEMENTATION
[2025-10-22 11:32:31] (+0.07 mins | took: 0.00 mins)  ==================================================================================
[2025-10-22 11:32:31] (+0.07 mins | took: 0.00 mins)  This implementation follows a 4-phase zero-knowledge auction protocol:
[2025-10-22 11:32:31] (+0.07 mins | took: 0.00 mins)  
[2025-10-22 11:32:31] (+0.07 mins | took: 0.00 mins)  PHASE 1: BIDDERS JOIN
[2025-10-22 11:32:31] (+0.07 mins | took: 0.00 mins)    - Each bidder generates GM keypair and encrypts their bid
[2025-10-22 11:32:31] (+0.07 mins | took: 0.00 mins)    - Runs in parallel for efficiency
[2025-10-22 11:32:31] (+0.07 mins | took: 0.00 mins)    - Output: (n_j, c_j, r_j, (p_j, q_j)) for each bidder
[2025-10-22 11:32:31] (+0.07 mins | took: 0.00 mins)  
[2025-10-22 11:32:31] (+0.07 mins | took: 0.00 mins)  PHASE 2: BIDDER PROVE
[2025-10-22 11:32:31] (+0.07 mins | took: 0.00 mins)    - Each bidder 'j' runs bidder_prove against bidder 'i'
[2025-10-22 11:32:31] (+0.07 mins | took: 0.00 mins)    - 'j' = bidder running proof, 'i' = other bidder being compared
[2025-10-22 11:32:31] (+0.07 mins | took: 0.00 mins)    - Generates zero-knowledge proofs of bid validity
[2025-10-22 11:32:31] (+0.07 mins | took: 0.00 mins)  
[2025-10-22 11:32:31] (+0.07 mins | took: 0.00 mins)  PHASE 3: AUCTIONEER VERIFY
[2025-10-22 11:32:31] (+0.07 mins | took: 0.00 mins)    - Auctioneer verifies all proof_eval from all bidders
[2025-10-22 11:32:31] (+0.07 mins | took: 0.00 mins)    - Ensures all bidders provided valid zero-knowledge proofs
[2025-10-22 11:32:31] (+0.07 mins | took: 0.00 mins)    - Auctioneer acts as trusted verifier
[2025-10-22 11:32:31] (+0.07 mins | took: 0.00 mins)  
[2025-10-22 11:32:31] (+0.07 mins | took: 0.00 mins)  PHASE 4: BIDDER VERIFY ALL & WINNER DETERMINATION
[2025-10-22 11:32:31] (+0.07 mins | took: 0.00 mins)    - Each bidder verifies other bidders' proofs using bidder_verify_all
[2025-10-22 11:32:31] (+0.07 mins | took: 0.00 mins)    - Verifies proof_enc (encryption) and proof_dlog (discrete log)
[2025-10-22 11:32:31] (+0.07 mins | took: 0.00 mins)    - Ensures mutual verification between bidders
[2025-10-22 11:32:31] (+0.07 mins | took: 0.00 mins)    - Final bid comparison using compare_leq_honest
[2025-10-22 11:32:31] (+0.07 mins | took: 0.00 mins)    - Determines winner by comparing against all other bidders
[2025-10-22 11:32:31] (+0.07 mins | took: 0.00 mins)    - Runs in parallel for efficiency
[2025-10-22 11:32:31] (+0.07 mins | took: 0.00 mins)  ==================================================================================
[2025-10-22 11:32:31] (+0.07 mins | took: 0.00 mins)  Running Example 2: N Bidders Example (Configurable)
[2025-10-22 11:32:31] (+0.07 mins | took: 0.00 mins)  [host] ==================================================================================
[2025-10-22 11:32:31] (+0.07 mins | took: 0.00 mins)  [host] Starting N-Bidder Auction Protocol...
[2025-10-22 11:32:31] (+0.07 mins | took: 0.00 mins)  [host] ==================================================================================
[2025-10-22 11:32:31] (+0.07 mins | took: 0.00 mins)  [host] Running auction with 3 bidders
[2025-10-22 11:32:31] (+0.07 mins | took: 0.00 mins)  [host] Bidders: [("Alice", 1500), ("Bob", 5000), ("Oscar", 10000)]
[2025-10-22 11:32:31] (+0.07 mins | took: 0.00 mins)  [host] sound_param = 40 sigma = 40
[2025-10-22 11:32:31] (+0.07 mins | took: 0.00 mins)  [host] ==================================================================================
[2025-10-22 11:32:31] (+0.07 mins | took: 0.00 mins)  [host] PHASE 1: Bidders Join - Generating keys and encrypting bids for 3 bidders...
[2025-10-22 11:32:31] (+0.07 mins | took: 0.00 mins)  [host] ==================================================================================
[2025-10-22 11:32:31] (+0.07 mins | took: 0.00 mins)  [host] Starting Bob thread with bid v = 5000
[2025-10-22 11:32:31] (+0.07 mins | took: 0.00 mins)  [host] Starting mock_bidder_join for bidder: Bob
[2025-10-22 11:32:31] (+0.07 mins | took: 0.00 mins)  [host] Starting Oscar thread with bid v = 10000
[2025-10-22 11:32:31] (+0.07 mins | took: 0.00 mins)  [host] Starting mock_bidder_join for bidder: Oscar
[2025-10-22 11:32:31] (+0.07 mins | took: 0.00 mins)  [host] Starting Alice thread with bid v = 1500
[2025-10-22 11:32:31] (+0.07 mins | took: 0.00 mins)  [host] Starting mock_bidder_join for bidder: Alice
[2025-10-22 11:32:31] (+0.07 mins | took: 0.00 mins)  [host] Mock bidder Oscar generated public key n_j = 1206027126859752200577494164431653190131978066555375639243048999480339806376344073165561134417000882226099764578795460471469046845134709227447087367192263905309505577042137637642323231190040588805978894327458249120384348477364943964733258458004283648821270520712167214159399055075523218577574286048877132775107536403323764064606049101125988908224012965844820029459936011665459809093614569080604151030475932674016774881108967090502253771553152150106126984217747641
[2025-10-22 11:32:31] (+0.07 mins | took: 0.00 mins)  [host] Mock bidder Oscar encrypted value c_j (len=32)
[2025-10-22 11:32:31] (+0.07 mins | took: 0.00 mins)  [host] Oscar thread completed
[2025-10-22 11:32:31] (+0.07 mins | took: 0.00 mins)  [host] Received Oscar results
[2025-10-22 11:32:31] (+0.07 mins | took: 0.00 mins)  [host] Mock bidder Alice generated public key n_j = 1209806457795384697817573224755950637753586961358349487574199169644426076529450985342575986623411019585803966177569432859007160275852221470240581914169602257427181446129538420817249133430913819357848054356228743678295158486012866714478597882034841276539205140130471771033663354942546479071805515311777626158689861049630326450081676335025369034596538733422429236019959666169963042080336235822674589054926436388057826926981408269329721609854847337988608869772288369
[2025-10-22 11:32:31] (+0.07 mins | took: 0.00 mins)  [host] Mock bidder Alice encrypted value c_j (len=32)
[2025-10-22 11:32:31] (+0.07 mins | took: 0.00 mins)  [host] Alice thread completed
[2025-10-22 11:32:31] (+0.07 mins | took: 0.00 mins)  [host] Received Alice results
[2025-10-22 11:32:32] (+0.08 mins | took: 0.02 mins)  [host] Mock bidder Bob generated public key n_j = 1207687406890595963449523313186409735721659390782236977046669666951514047042577740343329916696862338742538311737737851352338813754996661038771702760940952021355314016178970802523723739220141683011361978429469781139011198651625986876312862359451894669060723507311424567825104461467365762311745391679071261682350435082269077113946095421488117794302381699689916001111394186887215292370649228907973321642086421589668696266201730133908440738196976035991656945929006693
[2025-10-22 11:32:32] (+0.08 mins | took: 0.00 mins)  [host] Mock bidder Bob encrypted value c_j (len=32)
[2025-10-22 11:32:32] (+0.08 mins | took: 0.00 mins)  [host] Bob thread completed
[2025-10-22 11:32:32] (+0.08 mins | took: 0.00 mins)  [host] Received Bob results
[2025-10-22 11:32:32] (+0.08 mins | took: 0.00 mins)  [host] PHASE 1: All 3 bidders have joined successfully
[2025-10-22 11:32:32] (+0.08 mins | took: 0.00 mins)  [host] ==================================================================================
[2025-10-22 11:32:32] (+0.08 mins | took: 0.00 mins)  [host] PHASE 2: Bidder Prove - Generating zero-knowledge proofs for all bidder pairs...
[2025-10-22 11:32:32] (+0.08 mins | took: 0.00 mins)  [host] ==================================================================================
[2025-10-22 11:32:32] (+0.08 mins | took: 0.00 mins)  [host] Expected number of proof operations: 6 (n*(n-1) where n=3)
[2025-10-22 11:32:32] (+0.08 mins | took: 0.00 mins)  [host] PHASE 2: Running bidder_prove in parallel for all bidder pairs...
[2025-10-22 11:32:32] (+0.08 mins | took: 0.00 mins)  [host] Starting bidder_prove: Bob vs Alice
[2025-10-22 11:32:32] (+0.08 mins | took: 0.00 mins)  [host] Starting bidder_prove: Oscar vs Alice
[2025-10-22 11:32:32] (+0.08 mins | took: 0.00 mins)  [host] Starting bidder_prove: Alice vs Bob
[2025-10-22 11:32:32] (+0.08 mins | took: 0.00 mins)  [host] Starting bidder_prove: Oscar vs Bob
[2025-10-22 11:32:32] (+0.08 mins | took: 0.00 mins)  [host] Starting bidder_prove: Alice vs Oscar
[2025-10-22 11:32:32] (+0.08 mins | took: 0.00 mins)  [host] Starting bidder_prove: Bob vs Oscar
[2025-10-22 11:32:32] (+0.08 mins | took: 0.00 mins)  [(Oscar)-host] Building ExecutorEnv...
[2025-10-22 11:32:32] (+0.08 mins | took: 0.00 mins)  [(Alice)-host] Building ExecutorEnv...
[2025-10-22 11:32:32] (+0.08 mins | took: 0.00 mins)  [(Oscar)-host] Building ExecutorEnv...
[2025-10-22 11:32:32] (+0.08 mins | took: 0.00 mins)  [(Bob)-host] Building ExecutorEnv...
[2025-10-22 11:32:32] (+0.08 mins | took: 0.00 mins)  [(Bob)-host] Building ExecutorEnv...
[2025-10-22 11:32:32] (+0.08 mins | took: 0.00 mins)  [(Alice)-host] Building ExecutorEnv...
[2025-10-22 11:32:32] (+0.08 mins | took: 0.00 mins)  [(Oscar)-host] ExecutorEnv built successfully.
[2025-10-22 11:32:32] (+0.08 mins | took: 0.00 mins)  [(Oscar)-host] Running zkVM (prove)...
[2025-10-22 11:32:32] (+0.08 mins | took: 0.00 mins)  [(Alice)-host] ExecutorEnv built successfully.
[2025-10-22 11:32:32] (+0.08 mins | took: 0.00 mins)  [(Alice)-host] Running zkVM (prove)...
[2025-10-22 11:32:32] (+0.08 mins | took: 0.00 mins)  [(Oscar)-host] ExecutorEnv built successfully.
[2025-10-22 11:32:32] (+0.08 mins | took: 0.00 mins)  [(Oscar)-host] Running zkVM (prove)...
[2025-10-22 11:32:32] (+0.08 mins | took: 0.00 mins)  [(Bob)-host] ExecutorEnv built successfully.
[2025-10-22 11:32:32] (+0.08 mins | took: 0.00 mins)  [(Bob)-host] Running zkVM (prove)...
[2025-10-22 11:32:32] (+0.08 mins | took: 0.00 mins)  [(Bob)-host] ExecutorEnv built successfully.
[2025-10-22 11:32:32] (+0.08 mins | took: 0.00 mins)  [(Bob)-host] Running zkVM (prove)...
[2025-10-22 11:32:32] (+0.08 mins | took: 0.00 mins)  [(Alice)-host] ExecutorEnv built successfully.
[2025-10-22 11:32:32] (+0.08 mins | took: 0.00 mins)  [(Alice)-host] Running zkVM (prove)...
[2025-10-22 11:32:32] (+0.08 mins | took: 0.00 mins)  WARNING: proving in dev mode. This will not generate valid, secure proofs.
[2025-10-22 11:32:32] (+0.08 mins | took: 0.00 mins)  WARNING: proving in dev mode. This will not generate valid, secure proofs.
[2025-10-22 11:32:32] (+0.08 mins | took: 0.00 mins)  WARNING: proving in dev mode. This will not generate valid, secure proofs.
[2025-10-22 11:32:32] (+0.08 mins | took: 0.00 mins)  WARNING: proving in dev mode. This will not generate valid, secure proofs.
[2025-10-22 11:32:32] (+0.08 mins | took: 0.00 mins)  WARNING: proving in dev mode. This will not generate valid, secure proofs.
[2025-10-22 11:32:32] (+0.08 mins | took: 0.00 mins)  WARNING: proving in dev mode. This will not generate valid, secure proofs.
[2025-10-22 11:32:32] (+0.08 mins | took: 0.00 mins)  
[2025-10-22 11:32:32] (+0.08 mins | took: 0.00 mins)  
[2025-10-22 11:32:32] (+0.08 mins | took: 0.00 mins)  
[2025-10-22 11:32:32] (+0.08 mins | took: 0.00 mins)  
[2025-10-22 11:32:32] (+0.08 mins | took: 0.00 mins)  [(Bob)-zkvm-bidder-prover-guest] Starting main function
[2025-10-22 11:32:32] (+0.08 mins | took: 0.00 mins)  [(Bob)-zkvm-bidder-prover-guest] Reading inputs from environment for bidder j
[2025-10-22 11:32:32] (+0.08 mins | took: 0.00 mins)  [(Bob)-zkvm-bidder-prover-guest][(Oscar)-zkvm-bidder-prover-guest] Starting main function
[2025-10-22 11:32:32] (+0.08 mins | took: 0.00 mins)   Starting main function
[2025-10-22 11:32:32] (+0.08 mins | took: 0.00 mins)  [(Bob)-zkvm-bidder-prover-guest][(Oscar)-zkvm-bidder-prover-guest] Reading inputs from environment for bidder j
[2025-10-22 11:32:32] (+0.08 mins | took: 0.00 mins)   Reading inputs from environment for bidder j
[2025-10-22 11:32:32] (+0.08 mins | took: 0.00 mins)  
[2025-10-22 11:32:32] (+0.08 mins | took: 0.00 mins)  [(Oscar)-zkvm-bidder-prover-guest] Starting main function
[2025-10-22 11:32:32] (+0.08 mins | took: 0.00 mins)  [(Oscar)-zkvm-bidder-prover-guest] Reading inputs from environment for bidder j
[2025-10-22 11:32:32] (+0.08 mins | took: 0.00 mins)  [(Alice)-zkvm-bidder-prover-guest] Starting main function
[2025-10-22 11:32:32] (+0.08 mins | took: 0.00 mins)  [(Alice)-zkvm-bidder-prover-guest] Reading inputs from environment for bidder j
[2025-10-22 11:32:32] (+0.08 mins | took: 0.00 mins)  
[2025-10-22 11:32:32] (+0.08 mins | took: 0.00 mins)  [(Alice)-zkvm-bidder-prover-guest] Starting main function
[2025-10-22 11:32:32] (+0.08 mins | took: 0.00 mins)  [(Alice)-zkvm-bidder-prover-guest] Reading inputs from environment for bidder j
[2025-10-22 11:32:32] (+0.08 mins | took: 0.00 mins)  [(Bob)-zkvm-bidder-prover-guest] Reading inputs from environment for bidder i
[2025-10-22 11:32:32] (+0.08 mins | took: 0.00 mins)  [(Bob)-zkvm-bidder-prover-guest] Reading inputs from environment for bidder i
[2025-10-22 11:32:32] (+0.08 mins | took: 0.00 mins)  [(Alice)-zkvm-bidder-prover-guest] Reading inputs from environment for bidder i
[2025-10-22 11:32:32] (+0.08 mins | took: 0.00 mins)  [(Oscar)-zkvm-bidder-prover-guest] Reading inputs from environment for bidder i
[2025-10-22 11:32:32] (+0.08 mins | took: 0.00 mins)  [(Oscar)-zkvm-bidder-prover-guest][(Alice)-zkvm-bidder-prover-guest] Reading inputs from environment for bidder i
[2025-10-22 11:32:32] (+0.08 mins | took: 0.00 mins)   Reading inputs from environment for bidder i
[2025-10-22 11:32:32] (+0.08 mins | took: 0.00 mins)  [(Bob)-zkvm-bidder-prover-guest] Read c_i (len: 32), n_i (bits: 1536), r_i (len: 32)
[2025-10-22 11:32:32] (+0.08 mins | took: 0.00 mins)  [(Bob)-zkvm-bidder-prover-guest] Read sigma and sound_param: 40
[2025-10-22 11:32:32] (+0.08 mins | took: 0.00 mins)  [(Bob)-zkvm-bidder-prover-guest] Read c_i (len: 32), n_i (bits: 1536), r_i (len: 32)
[2025-10-22 11:32:32] (+0.08 mins | took: 0.00 mins)  [(Bob)-zkvm-bidder-prover-guest] Read sigma and sound_param: 40[(Alice)-zkvm-bidder-prover-guest]
[2025-10-22 11:32:32] (+0.08 mins | took: 0.00 mins)   Read c_i (len: 32[(Oscar)-zkvm-bidder-prover-guest]), n_i (bits:  Read c_i (len: 153632), r_i (len: ), n_i (bits: 321536), r_i (len: )
[2025-10-22 11:32:32] (+0.08 mins | took: 0.00 mins)  32)
[2025-10-22 11:32:32] (+0.08 mins | took: 0.00 mins)  [(Oscar)-zkvm-bidder-prover-guest][(Alice)-zkvm-bidder-prover-guest] Read sigma and sound_param:  Read sigma and sound_param: 4040
[2025-10-22 11:32:32] (+0.08 mins | took: 0.00 mins)  
[2025-10-22 11:32:32] (+0.08 mins | took: 0.00 mins)  [(Alice)-zkvm-bidder-prover-guest] Read c_i (len: 32), n_i (bits: 1536), r_i (len: 32)
[2025-10-22 11:32:32] (+0.08 mins | took: 0.00 mins)  [(Alice)-zkvm-bidder-prover-guest] Read sigma and sound_param: 40
[2025-10-22 11:32:32] (+0.08 mins | took: 0.00 mins)  [(Oscar)-zkvm-bidder-prover-guest] Read c_i (len: 32), n_i (bits: 1536), r_i (len: 32)
[2025-10-22 11:32:32] (+0.08 mins | took: 0.00 mins)  [(Oscar)-zkvm-bidder-prover-guest] Read sigma and sound_param: 40
[2025-10-22 11:32:44] (+0.28 mins | took: 0.20 mins)  [(Bob)-zkvm-bidder-prover-guest] Read random values
[2025-10-22 11:32:44] (+0.28 mins | took: 0.00 mins)  [(Bob)-zkvm-bidder-prover-guest] Computing proof_eval
[2025-10-22 11:32:44] (+0.28 mins | took: 0.00 mins)  [(Oscar)-zkvm-bidder-prover-guest] Read random values
[2025-10-22 11:32:44] (+0.28 mins | took: 0.00 mins)  [(Oscar)-zkvm-bidder-prover-guest] Computing proof_eval
[2025-10-22 11:32:44] (+0.28 mins | took: 0.00 mins)  [(Alice)-zkvm-bidder-prover-guest] Read random values
[2025-10-22 11:32:44] (+0.28 mins | took: 0.00 mins)  [(Alice)-zkvm-bidder-prover-guest] Computing proof_eval
[2025-10-22 11:32:44] (+0.28 mins | took: 0.00 mins)  [(Alice)-zkvm-bidder-prover-guest] Read random values
[2025-10-22 11:32:44] (+0.28 mins | took: 0.00 mins)  [(Alice)-zkvm-bidder-prover-guest] Computing proof_eval
[2025-10-22 11:32:45] (+0.30 mins | took: 0.02 mins)  [(Oscar)-zkvm-bidder-prover-guest] Read random values
[2025-10-22 11:32:45] (+0.30 mins | took: 0.00 mins)  [(Oscar)-zkvm-bidder-prover-guest] Computing proof_eval
[2025-10-22 11:32:45] (+0.30 mins | took: 0.00 mins)  [(Bob)-zkvm-bidder-prover-guest] Read random values
[2025-10-22 11:32:45] (+0.30 mins | took: 0.00 mins)  [(Bob)-zkvm-bidder-prover-guest] Computing proof_eval
[2025-10-22 11:40:17] (+7.83 mins | took: 7.53 mins)  [(Bob)-zkvm-bidder-prover-guest] proof_eval completed
[2025-10-22 11:40:17] (+7.83 mins | took: 0.00 mins)  [(Bob)-zkvm-bidder-prover-guest] Computing proof_enc
[2025-10-22 11:40:37] (+8.17 mins | took: 0.33 mins)  [(Alice)-zkvm-bidder-prover-guest] proof_eval completed
[2025-10-22 11:40:37] (+8.17 mins | took: 0.00 mins)  [(Alice)-zkvm-bidder-prover-guest] Computing proof_enc
[2025-10-22 11:40:43] (+8.27 mins | took: 0.10 mins)  [(Oscar)-zkvm-bidder-prover-guest] proof_eval completed
[2025-10-22 11:40:43] (+8.27 mins | took: 0.00 mins)  [(Oscar)-zkvm-bidder-prover-guest] Computing proof_enc
[2025-10-22 11:40:51] (+8.40 mins | took: 0.13 mins)  [(Oscar)-zkvm-bidder-prover-guest] proof_eval completed
[2025-10-22 11:40:51] (+8.40 mins | took: 0.00 mins)  [(Oscar)-zkvm-bidder-prover-guest] Computing proof_enc
[2025-10-22 11:40:54] (+8.45 mins | took: 0.05 mins)  [(Alice)-zkvm-bidder-prover-guest] proof_eval completed
[2025-10-22 11:40:54] (+8.45 mins | took: 0.00 mins)  [(Alice)-zkvm-bidder-prover-guest] Computing proof_enc
[2025-10-22 11:41:01] (+8.57 mins | took: 0.12 mins)  [(Bob)-zkvm-bidder-prover-guest] proof_eval completed
[2025-10-22 11:41:01] (+8.57 mins | took: 0.00 mins)  [(Bob)-zkvm-bidder-prover-guest] Computing proof_enc
[2025-10-22 11:47:46] (+15.32 mins | took: 6.75 mins)  [(Oscar)-zkvm-bidder-prover-guest] proof_enc completed
[2025-10-22 11:47:46] (+15.32 mins | took: 0.00 mins)  [(Oscar)-zkvm-bidder-prover-guest] Computing proof_dlog
[2025-10-22 11:47:48] (+15.35 mins | took: 0.03 mins)  [(Alice)-zkvm-bidder-prover-guest] proof_enc completed
[2025-10-22 11:47:48] (+15.35 mins | took: 0.00 mins)  [(Alice)-zkvm-bidder-prover-guest] Computing proof_dlog
[2025-10-22 11:47:48] (+15.35 mins | took: 0.00 mins)  [(Bob)-zkvm-bidder-prover-guest] proof_enc completed
[2025-10-22 11:47:48] (+15.35 mins | took: 0.00 mins)  [(Bob)-zkvm-bidder-prover-guest] Computing proof_dlog
[2025-10-22 11:47:51] (+15.40 mins | took: 0.05 mins)  [(Oscar)-zkvm-bidder-prover-guest] proof_enc completed
[2025-10-22 11:47:51] (+15.40 mins | took: 0.00 mins)  [(Oscar)-zkvm-bidder-prover-guest] Computing proof_dlog
[2025-10-22 11:47:52] (+15.42 mins | took: 0.02 mins)  [(Alice)-zkvm-bidder-prover-guest] proof_enc completed
[2025-10-22 11:47:52] (+15.42 mins | took: 0.00 mins)  [(Alice)-zkvm-bidder-prover-guest] Computing proof_dlog
[2025-10-22 11:48:30] (+16.05 mins | took: 0.63 mins)  [(Bob)-zkvm-bidder-prover-guest] proof_enc completed
[2025-10-22 11:48:30] (+16.05 mins | took: 0.00 mins)  [(Bob)-zkvm-bidder-prover-guest] Computing proof_dlog
[2025-10-22 11:59:17] (+26.83 mins | took: 10.78 mins)  [(Alice)-zkvm-bidder-prover-guest] proof_dlog completed
[2025-10-22 11:59:17] (+26.83 mins | took: 0.00 mins)  [(Alice)-zkvm-bidder-prover-guest] Computing gm_eval_honest
[2025-10-22 11:59:22] (+26.92 mins | took: 0.08 mins)  [(Bob)-zkvm-bidder-prover-guest] proof_dlog completed
[2025-10-22 11:59:22] (+26.92 mins | took: 0.00 mins)  [(Bob)-zkvm-bidder-prover-guest] Computing gm_eval_honest
[2025-10-22 11:59:33] (+27.10 mins | took: 0.18 mins)  [(Oscar)-zkvm-bidder-prover-guest] proof_dlog completed
[2025-10-22 11:59:33] (+27.10 mins | took: 0.00 mins)  [(Oscar)-zkvm-bidder-prover-guest] Computing gm_eval_honest
[2025-10-22 11:59:56] (+27.48 mins | took: 0.38 mins)  [(Alice)-zkvm-bidder-prover-guest] proof_dlog completed
[2025-10-22 11:59:56] (+27.48 mins | took: 0.00 mins)  [(Alice)-zkvm-bidder-prover-guest] Computing gm_eval_honest
[2025-10-22 12:00:29] (+28.03 mins | took: 0.55 mins)  [(Oscar)-zkvm-bidder-prover-guest] proof_dlog completed
[2025-10-22 12:00:29] (+28.03 mins | took: 0.00 mins)  [(Oscar)-zkvm-bidder-prover-guest] Computing gm_eval_honest
[2025-10-22 12:00:32] (+28.08 mins | took: 0.05 mins)  [(Bob)-zkvm-bidder-prover-guest] proof_dlog completed
[2025-10-22 12:00:32] (+28.08 mins | took: 0.00 mins)  [(Bob)-zkvm-bidder-prover-guest] Computing gm_eval_honest
[2025-10-22 12:40:42] (+68.25 mins | took: 40.17 mins)  [(Alice)-zkvm-bidder-prover-guest] gm_eval_honest completed, res length: 32
[2025-10-22 12:40:42] (+68.25 mins | took: 0.00 mins)  [(Alice)-zkvm-bidder-prover-guest] Using empty proof_shuffle
[2025-10-22 12:40:42] (+68.25 mins | took: 0.00 mins)  [(Alice)-zkvm-bidder-prover-guest] Writing private data
[2025-10-22 12:40:55] (+68.47 mins | took: 0.22 mins)  [(Alice)-zkvm-bidder-prover-guest] Committing public results
[2025-10-22 12:40:58] (+68.52 mins | took: 0.05 mins)  [(Alice)-zkvm-bidder-prover-guest] Main function completed successfully
[2025-10-22 12:40:59] (+68.53 mins | took: 0.02 mins)  WARNING: Proving in dev mode does not generate a valid receipt. Receipts generated from this process are invalid and should never be used in production.
[2025-10-22 12:40:59] (+68.53 mins | took: 0.00 mins)  [(Alice)-host] zkVM proof generated.
[2025-10-22 12:40:59] (+68.53 mins | took: 0.00 mins)  [(Alice)-host] Reading private output...
[2025-10-22 12:40:59] (+68.53 mins | took: 0.00 mins)  [(Alice)-host] Private output deserialization successful.
[2025-10-22 12:40:59] (+68.53 mins | took: 0.00 mins)  [(Alice)-host] Decoding public results from journal...
[2025-10-22 12:40:59] (+68.53 mins | took: 0.00 mins)  [(Alice)-host] Got n_j = 1209806457795384697817573224755950637753586961358349487574199169644426076529450985342575986623411019585803966177569432859007160275852221470240581914169602257427181446129538420817249133430913819357848054356228743678295158486012866714478597882034841276539205140130471771033663354942546479071805515311777626158689861049630326450081676335025369034596538733422429236019959666169963042080336235822674589054926436388057826926981408269329721609854847337988608869772288369
[2025-10-22 12:40:59] (+68.53 mins | took: 0.00 mins)  [host] Completed bidder_prove: Alice vs Bob
[2025-10-22 12:40:59] (+68.53 mins | took: 0.00 mins)  [(Oscar)-zkvm-bidder-prover-guest] gm_eval_honest completed, res length: 32
[2025-10-22 12:40:59] (+68.53 mins | took: 0.00 mins)  [(Oscar)-zkvm-bidder-prover-guest] Using empty proof_shuffle
[2025-10-22 12:40:59] (+68.53 mins | took: 0.00 mins)  [(Oscar)-zkvm-bidder-prover-guest] Writing private data
[2025-10-22 12:41:04] (+68.62 mins | took: 0.08 mins)  [(Bob)-zkvm-bidder-prover-guest] gm_eval_honest completed, res length: 32
[2025-10-22 12:41:04] (+68.62 mins | took: 0.00 mins)  [(Bob)-zkvm-bidder-prover-guest] Using empty proof_shuffle
[2025-10-22 12:41:04] (+68.62 mins | took: 0.00 mins)  [(Bob)-zkvm-bidder-prover-guest] Writing private data
[2025-10-22 12:41:14] (+68.78 mins | took: 0.17 mins)  [(Oscar)-zkvm-bidder-prover-guest] Committing public results
[2025-10-22 12:41:17] (+68.83 mins | took: 0.05 mins)  [(Oscar)-zkvm-bidder-prover-guest] Main function completed successfully
[2025-10-22 12:41:17] (+68.83 mins | took: 0.00 mins)  WARNING: Proving in dev mode does not generate a valid receipt. Receipts generated from this process are invalid and should never be used in production.
[2025-10-22 12:41:17] (+68.83 mins | took: 0.00 mins)  [(Oscar)-host] zkVM proof generated.
[2025-10-22 12:41:17] (+68.83 mins | took: 0.00 mins)  [(Oscar)-host] Reading private output...
[2025-10-22 12:41:17] (+68.83 mins | took: 0.00 mins)  [(Oscar)-host] Private output deserialization successful.
[2025-10-22 12:41:17] (+68.83 mins | took: 0.00 mins)  [(Oscar)-host] Decoding public results from journal...
[2025-10-22 12:41:17] (+68.83 mins | took: 0.00 mins)  [(Oscar)-host] Got n_j = 1206027126859752200577494164431653190131978066555375639243048999480339806376344073165561134417000882226099764578795460471469046845134709227447087367192263905309505577042137637642323231190040588805978894327458249120384348477364943964733258458004283648821270520712167214159399055075523218577574286048877132775107536403323764064606049101125988908224012965844820029459936011665459809093614569080604151030475932674016774881108967090502253771553152150106126984217747641
[2025-10-22 12:41:17] (+68.83 mins | took: 0.00 mins)  [host] Completed bidder_prove: Oscar vs Bob
[2025-10-22 12:41:22] (+68.92 mins | took: 0.08 mins)  [(Bob)-zkvm-bidder-prover-guest] Committing public results
[2025-10-22 12:41:25] (+68.97 mins | took: 0.05 mins)  [(Bob)-zkvm-bidder-prover-guest] Main function completed successfully
[2025-10-22 12:41:25] (+68.97 mins | took: 0.00 mins)  WARNING: Proving in dev mode does not generate a valid receipt. Receipts generated from this process are invalid and should never be used in production.
[2025-10-22 12:41:25] (+68.97 mins | took: 0.00 mins)  [(Bob)-host] zkVM proof generated.
[2025-10-22 12:41:25] (+68.97 mins | took: 0.00 mins)  [(Bob)-host] Reading private output...
[2025-10-22 12:41:25] (+68.97 mins | took: 0.00 mins)  [(Bob)-host] Private output deserialization successful.
[2025-10-22 12:41:25] (+68.97 mins | took: 0.00 mins)  [(Bob)-host] Decoding public results from journal...
[2025-10-22 12:41:25] (+68.97 mins | took: 0.00 mins)  [(Bob)-host] Got n_j = 1207687406890595963449523313186409735721659390782236977046669666951514047042577740343329916696862338742538311737737851352338813754996661038771702760940952021355314016178970802523723739220141683011361978429469781139011198651625986876312862359451894669060723507311424567825104461467365762311745391679071261682350435082269077113946095421488117794302381699689916001111394186887215292370649228907973321642086421589668696266201730133908440738196976035991656945929006693
[2025-10-22 12:41:25] (+68.97 mins | took: 0.00 mins)  [host] Completed bidder_prove: Bob vs Oscar
[2025-10-22 12:41:38] (+69.18 mins | took: 0.22 mins)  [(Alice)-zkvm-bidder-prover-guest] gm_eval_honest completed, res length: 32
[2025-10-22 12:41:38] (+69.18 mins | took: 0.00 mins)  [(Alice)-zkvm-bidder-prover-guest] Using empty proof_shuffle
[2025-10-22 12:41:38] (+69.18 mins | took: 0.00 mins)  [(Alice)-zkvm-bidder-prover-guest] Writing private data
[2025-10-22 12:41:49] (+69.37 mins | took: 0.18 mins)  [(Alice)-zkvm-bidder-prover-guest] Committing public results
[2025-10-22 12:41:52] (+69.42 mins | took: 0.05 mins)  [(Alice)-zkvm-bidder-prover-guest] Main function completed successfully
[2025-10-22 12:41:52] (+69.42 mins | took: 0.00 mins)  WARNING: Proving in dev mode does not generate a valid receipt. Receipts generated from this process are invalid and should never be used in production.
[2025-10-22 12:41:52] (+69.42 mins | took: 0.00 mins)  [(Alice)-host] zkVM proof generated.
[2025-10-22 12:41:52] (+69.42 mins | took: 0.00 mins)  [(Alice)-host] Reading private output...
[2025-10-22 12:41:52] (+69.42 mins | took: 0.00 mins)  [(Alice)-host] Private output deserialization successful.
[2025-10-22 12:41:52] (+69.42 mins | took: 0.00 mins)  [(Alice)-host] Decoding public results from journal...
[2025-10-22 12:41:52] (+69.42 mins | took: 0.00 mins)  [(Alice)-host] Got n_j = 1209806457795384697817573224755950637753586961358349487574199169644426076529450985342575986623411019585803966177569432859007160275852221470240581914169602257427181446129538420817249133430913819357848054356228743678295158486012866714478597882034841276539205140130471771033663354942546479071805515311777626158689861049630326450081676335025369034596538733422429236019959666169963042080336235822674589054926436388057826926981408269329721609854847337988608869772288369
[2025-10-22 12:41:52] (+69.42 mins | took: 0.00 mins)  [host] Completed bidder_prove: Alice vs Oscar
[2025-10-22 12:42:02] (+69.58 mins | took: 0.17 mins)  [(Oscar)-zkvm-bidder-prover-guest] gm_eval_honest completed, res length: 32
[2025-10-22 12:42:02] (+69.58 mins | took: 0.00 mins)  [(Oscar)-zkvm-bidder-prover-guest] Using empty proof_shuffle
[2025-10-22 12:42:02] (+69.58 mins | took: 0.00 mins)  [(Oscar)-zkvm-bidder-prover-guest] Writing private data
[2025-10-22 12:42:14] (+69.78 mins | took: 0.20 mins)  [(Oscar)-zkvm-bidder-prover-guest] Committing public results
[2025-10-22 12:42:17] (+69.83 mins | took: 0.05 mins)  [(Oscar)-zkvm-bidder-prover-guest] Main function completed successfully
[2025-10-22 12:42:17] (+69.83 mins | took: 0.00 mins)  WARNING: Proving in dev mode does not generate a valid receipt. Receipts generated from this process are invalid and should never be used in production.
[2025-10-22 12:42:17] (+69.83 mins | took: 0.00 mins)  [(Oscar)-host] zkVM proof generated.
[2025-10-22 12:42:17] (+69.83 mins | took: 0.00 mins)  [(Oscar)-host] Reading private output...
[2025-10-22 12:42:17] (+69.83 mins | took: 0.00 mins)  [(Oscar)-host] Private output deserialization successful.
[2025-10-22 12:42:17] (+69.83 mins | took: 0.00 mins)  [(Oscar)-host] Decoding public results from journal...
[2025-10-22 12:42:17] (+69.83 mins | took: 0.00 mins)  [(Oscar)-host] Got n_j = 1206027126859752200577494164431653190131978066555375639243048999480339806376344073165561134417000882226099764578795460471469046845134709227447087367192263905309505577042137637642323231190040588805978894327458249120384348477364943964733258458004283648821270520712167214159399055075523218577574286048877132775107536403323764064606049101125988908224012965844820029459936011665459809093614569080604151030475932674016774881108967090502253771553152150106126984217747641
[2025-10-22 12:42:17] (+69.83 mins | took: 0.00 mins)  [host] Completed bidder_prove: Oscar vs Alice
[2025-10-22 12:42:22] (+69.92 mins | took: 0.08 mins)  [(Bob)-zkvm-bidder-prover-guest] gm_eval_honest completed, res length: 32
[2025-10-22 12:42:22] (+69.92 mins | took: 0.00 mins)  [(Bob)-zkvm-bidder-prover-guest] Using empty proof_shuffle
[2025-10-22 12:42:22] (+69.92 mins | took: 0.00 mins)  [(Bob)-zkvm-bidder-prover-guest] Writing private data
[2025-10-22 12:42:35] (+70.13 mins | took: 0.22 mins)  [(Bob)-zkvm-bidder-prover-guest] Committing public results
[2025-10-22 12:42:38] (+70.18 mins | took: 0.05 mins)  [(Bob)-zkvm-bidder-prover-guest] Main function completed successfully
[2025-10-22 12:42:39] (+70.20 mins | took: 0.02 mins)  WARNING: Proving in dev mode does not generate a valid receipt. Receipts generated from this process are invalid and should never be used in production.
[2025-10-22 12:42:39] (+70.20 mins | took: 0.00 mins)  [(Bob)-host] zkVM proof generated.
[2025-10-22 12:42:39] (+70.20 mins | took: 0.00 mins)  [(Bob)-host] Reading private output...
[2025-10-22 12:42:39] (+70.20 mins | took: 0.00 mins)  [(Bob)-host] Private output deserialization successful.
[2025-10-22 12:42:39] (+70.20 mins | took: 0.00 mins)  [(Bob)-host] Decoding public results from journal...
[2025-10-22 12:42:39] (+70.20 mins | took: 0.00 mins)  [(Bob)-host] Got n_j = 1207687406890595963449523313186409735721659390782236977046669666951514047042577740343329916696862338742538311737737851352338813754996661038771702760940952021355314016178970802523723739220141683011361978429469781139011198651625986876312862359451894669060723507311424567825104461467365762311745391679071261682350435082269077113946095421488117794302381699689916001111394186887215292370649228907973321642086421589668696266201730133908440738196976035991656945929006693
[2025-10-22 12:42:39] (+70.20 mins | took: 0.00 mins)  [host] Completed bidder_prove: Bob vs Alice
[2025-10-22 12:42:39] (+70.20 mins | took: 0.00 mins)  [host] PHASE 2: All bidder_prove operations completed
[2025-10-22 12:42:39] (+70.20 mins | took: 0.00 mins)  [host] PHASE 2: All bidder_prove operations completed for 3 bidders
[2025-10-22 12:42:39] (+70.20 mins | took: 0.00 mins)  [host] ==================================================================================
[2025-10-22 12:42:39] (+70.20 mins | took: 0.00 mins)  [host] PHASE 3: Auctioneer Verify - Verifying all evaluation proofs and receipts...
[2025-10-22 12:42:39] (+70.20 mins | took: 0.00 mins)  [host] ==================================================================================
[2025-10-22 12:42:39] (+70.20 mins | took: 0.00 mins)  [(auctioneer)-host] PHASE 3: Auctioneer Verify - Verifying all evaluation proofs and receipts from all bidders...
[2025-10-22 12:42:39] (+70.20 mins | took: 0.00 mins)  [(auctioneer)-host] Verifying 2 results for bidder: Oscar
[2025-10-22 12:42:39] (+70.20 mins | took: 0.00 mins)  [(auctioneer)-host] Verifying result 1 for bidder Oscar vs Bob
[2025-10-22 12:42:39] (+70.20 mins | took: 0.00 mins)  
[2025-10-22 12:42:39] (+70.20 mins | took: 0.00 mins)  thread 'main' panicked at core/src/gm.rs:75:5:
[2025-10-22 12:42:39] (+70.20 mins | took: 0.00 mins)  assertion failed: r >= BigInt::zero() && r < *n
[2025-10-22 12:42:39] (+70.20 mins | took: 0.00 mins)  stack backtrace:
[2025-10-22 12:42:39] (+70.20 mins | took: 0.00 mins)     0:     0x560cc59ceac2 - <std::sys::backtrace::BacktraceLock::print::DisplayBacktrace as core::fmt::Display>::fmt::hdcfcb6d4c8489523
[2025-10-22 12:42:39] (+70.20 mins | took: 0.00 mins)     1:     0x560cc59f6843 - core::fmt::write::h8a494366950f23bb
[2025-10-22 12:42:39] (+70.20 mins | took: 0.00 mins)     2:     0x560cc59cb3c3 - std::io::Write::write_fmt::h6556609fca33d0b1
[2025-10-22 12:42:39] (+70.20 mins | took: 0.00 mins)     3:     0x560cc59ce912 - std::sys::backtrace::BacktraceLock::print::hb2a626a81e06b2dc
[2025-10-22 12:42:39] (+70.20 mins | took: 0.00 mins)     4:     0x560cc59cfb43 - std::panicking::default_hook::{{closure}}::h4f78485264f12d10
[2025-10-22 12:42:39] (+70.20 mins | took: 0.00 mins)     5:     0x560cc59cf925 - std::panicking::default_hook::h2c66fc99e962531d
[2025-10-22 12:42:39] (+70.20 mins | took: 0.00 mins)     6:     0x560cc59d0555 - std::panicking::rust_panic_with_hook::h33ac55f64bbd807d
[2025-10-22 12:42:39] (+70.20 mins | took: 0.00 mins)     7:     0x560cc59d02b6 - std::panicking::begin_panic_handler::{{closure}}::h30e7cb89678a57fe
[2025-10-22 12:42:39] (+70.20 mins | took: 0.00 mins)     8:     0x560cc59cefc9 - std::sys::backtrace::__rust_end_short_backtrace::hed60f27456c16ced
[2025-10-22 12:42:39] (+70.20 mins | took: 0.00 mins)     9:     0x560cc59cff7d - __rustc[de2ca18b4c54d5b8]::rust_begin_unwind
[2025-10-22 12:42:39] (+70.20 mins | took: 0.00 mins)    10:     0x560cc59f4650 - core::panicking::panic_fmt::h62f63d096dd276af
[2025-10-22 12:42:39] (+70.20 mins | took: 0.00 mins)    11:     0x560cc59f46dc - core::panicking::panic::h89a5f2df32b0508a
[2025-10-22 12:42:39] (+70.20 mins | took: 0.00 mins)    12:     0x560cc577e3e5 - zk_auctions_core::gm::encrypt_bit_gm_coin::h81506600ed9bd837
[2025-10-22 12:42:39] (+70.20 mins | took: 0.00 mins)    13:     0x560cc5789fbf - <zk_auctions_core::protocols::strain::auctioneer::Auctioneer as zk_auctions_core::protocols::strain::auctioneer::StrainAuctioneer>::verify_eval::he935104a8f7bc5fc
[2025-10-22 12:42:39] (+70.20 mins | took: 0.00 mins)    14:     0x560cc5746177 - zk_auctions::run_n_bidders_example::he85259be85007424
[2025-10-22 12:42:39] (+70.20 mins | took: 0.00 mins)    15:     0x560cc574988e - zk_auctions::main::hb091adefd5b0f642
[2025-10-22 12:42:39] (+70.20 mins | took: 0.00 mins)    16:     0x560cc5775463 - std::sys::backtrace::__rust_begin_short_backtrace::h9061e530fbcdd265
[2025-10-22 12:42:39] (+70.20 mins | took: 0.00 mins)    17:     0x560cc5770669 - std::rt::lang_start::{{closure}}::h0fcc048e9a9bacfc
[2025-10-22 12:42:39] (+70.20 mins | took: 0.00 mins)    18:     0x560cc59c3ca0 - std::rt::lang_start_internal::h34f9328d113fd60a
[2025-10-22 12:42:39] (+70.20 mins | took: 0.00 mins)    19:     0x560cc5749a05 - main
[2025-10-22 12:42:39] (+70.20 mins | took: 0.00 mins)    20:     0x7f6a94627675 - <unknown>
[2025-10-22 12:42:39] (+70.20 mins | took: 0.00 mins)    21:     0x7f6a94627729 - __libc_start_main
[2025-10-22 12:42:39] (+70.20 mins | took: 0.00 mins)    22:     0x560cc573c625 - _start
[2025-10-22 12:42:39] (+70.20 mins | took: 0.00 mins)    23:                0x0 - <unknown>
[2025-10-22 12:42:39] (+70.20 mins | took: 0.00 mins)  [(auctioneer)-host] ❌ Verification FAILED for Oscar result 1 vs Bob
[2025-10-22 12:42:39] (+70.20 mins | took: 0.00 mins)  [(auctioneer)-host] Verifying result 2 for bidder Oscar vs Alice
[2025-10-22 12:42:39] (+70.20 mins | took: 0.00 mins)  [(auctioneer)-host] proof_eval verification passed.
[2025-10-22 12:42:39] (+70.20 mins | took: 0.00 mins)  [(auctioneer)-host] ✅ Verification PASSED for Oscar result 2 vs Alice
[2025-10-22 12:42:39] (+70.20 mins | took: 0.00 mins)  [(auctioneer)-host] Verifying 2 results for bidder: Bob
[2025-10-22 12:42:39] (+70.20 mins | took: 0.00 mins)  [(auctioneer)-host] Verifying result 1 for bidder Bob vs Oscar
[2025-10-22 12:42:39] (+70.20 mins | took: 0.00 mins)  [(auctioneer)-host] proof_eval verification passed.
[2025-10-22 12:42:39] (+70.20 mins | took: 0.00 mins)  [(auctioneer)-host] ✅ Verification PASSED for Bob result 1 vs Oscar
[2025-10-22 12:42:39] (+70.20 mins | took: 0.00 mins)  [(auctioneer)-host] Verifying result 2 for bidder Bob vs Alice
[2025-10-22 12:42:39] (+70.20 mins | took: 0.00 mins)  [(auctioneer)-host] proof_eval verification passed.
[2025-10-22 12:42:39] (+70.20 mins | took: 0.00 mins)  [(auctioneer)-host] ✅ Verification PASSED for Bob result 2 vs Alice
[2025-10-22 12:42:39] (+70.20 mins | took: 0.00 mins)  [(auctioneer)-host] Verifying 2 results for bidder: Alice
[2025-10-22 12:42:39] (+70.20 mins | took: 0.00 mins)  [(auctioneer)-host] Verifying result 1 for bidder Alice vs Bob
[2025-10-22 12:42:39] (+70.20 mins | took: 0.00 mins)  [(auctioneer)-host] proof_eval verification passed.
[2025-10-22 12:42:39] (+70.20 mins | took: 0.00 mins)  [(auctioneer)-host] ✅ Verification PASSED for Alice result 1 vs Bob
[2025-10-22 12:42:39] (+70.20 mins | took: 0.00 mins)  [(auctioneer)-host] Verifying result 2 for bidder Alice vs Oscar
[2025-10-22 12:42:39] (+70.20 mins | took: 0.00 mins)  [(auctioneer)-host] proof_eval verification passed.
[2025-10-22 12:42:39] (+70.20 mins | took: 0.00 mins)  [(auctioneer)-host] ✅ Verification PASSED for Alice result 2 vs Oscar
[2025-10-22 12:42:39] (+70.20 mins | took: 0.00 mins)  [(auctioneer)-host] ❌ Some auctioneer verifications FAILED - Stopping protocol
[2025-10-22 12:42:39] (+70.20 mins | took: 0.00 mins)  [host] Protocol stopped due to verification failures
