[2025-10-22 10:06:16] (+0.02 mins | took: 0.00 mins)     Compiling zk-auctions-methods v0.1.0 (/home/iskander/Projects/zk-auctions-archive/methods)
[2025-10-22 10:06:16] (+0.02 mins | took: 0.00 mins)  warning: unused variable: `cipher_i_and`
[2025-10-22 10:06:16] (+0.02 mins | took: 0.00 mins)     --> core/src/protocols/strain/bidder.rs:450:13
[2025-10-22 10:06:16] (+0.02 mins | took: 0.00 mins)      |
[2025-10-22 10:06:16] (+0.02 mins | took: 0.00 mins)  450 |         let cipher_i_and = embed_and(cipher_i, pub_key_j, rand1);
[2025-10-22 10:06:16] (+0.02 mins | took: 0.00 mins)      |             ^^^^^^^^^^^^ help: if this is intentional, prefix it with an underscore: `_cipher_i_and`
[2025-10-22 10:06:16] (+0.02 mins | took: 0.00 mins)      |
[2025-10-22 10:06:16] (+0.02 mins | took: 0.00 mins)      = note: `#[warn(unused_variables)]` on by default
[2025-10-22 10:06:16] (+0.02 mins | took: 0.00 mins)  
[2025-10-22 10:06:16] (+0.02 mins | took: 0.00 mins)  warning: unused variable: `number1`
[2025-10-22 10:06:16] (+0.02 mins | took: 0.00 mins)     --> core/src/protocols/strain/bidder.rs:435:9
[2025-10-22 10:06:16] (+0.02 mins | took: 0.00 mins)      |
[2025-10-22 10:06:16] (+0.02 mins | took: 0.00 mins)  435 |         number1: &BigInt,
[2025-10-22 10:06:16] (+0.02 mins | took: 0.00 mins)      |         ^^^^^^^ help: if this is intentional, prefix it with an underscore: `_number1`
[2025-10-22 10:06:16] (+0.02 mins | took: 0.00 mins)  
[2025-10-22 10:06:16] (+0.02 mins | took: 0.00 mins)  warning: field `soundness_params` is never read
[2025-10-22 10:06:16] (+0.02 mins | took: 0.00 mins)     --> core/src/protocols/strain/bidder.rs:139:5
[2025-10-22 10:06:16] (+0.02 mins | took: 0.00 mins)      |
[2025-10-22 10:06:16] (+0.02 mins | took: 0.00 mins)  137 | pub struct Bidder {
[2025-10-22 10:06:16] (+0.02 mins | took: 0.00 mins)      |            ------ field in this struct
[2025-10-22 10:06:16] (+0.02 mins | took: 0.00 mins)  138 |     config: StrainConfig,
[2025-10-22 10:06:16] (+0.02 mins | took: 0.00 mins)  139 |     soundness_params: StrainSecurityParams,
[2025-10-22 10:06:16] (+0.02 mins | took: 0.00 mins)      |     ^^^^^^^^^^^^^^^^
[2025-10-22 10:06:16] (+0.02 mins | took: 0.00 mins)      |
[2025-10-22 10:06:16] (+0.02 mins | took: 0.00 mins)      = note: `#[warn(dead_code)]` on by default
[2025-10-22 10:06:16] (+0.02 mins | took: 0.00 mins)  
[2025-10-22 10:06:16] (+0.02 mins | took: 0.00 mins)  warning: `zk-auctions-core` (lib) generated 3 warnings
[2025-10-22 10:06:17] (+0.03 mins | took: 0.02 mins)     Compiling zk-auctions v0.1.0 (/home/iskander/Projects/zk-auctions-archive)
[2025-10-22 10:06:17] (+0.03 mins | took: 0.00 mins)  warning: unused variable: `p_i`
[2025-10-22 10:06:17] (+0.03 mins | took: 0.00 mins)    --> src/main.rs:89:23
[2025-10-22 10:06:17] (+0.03 mins | took: 0.00 mins)     |
[2025-10-22 10:06:17] (+0.03 mins | took: 0.00 mins)  89 |             let (n_i, p_i, q_i) = bidders_data.get(bidder_id).unwrap();
[2025-10-22 10:06:17] (+0.03 mins | took: 0.00 mins)     |                       ^^^ help: if this is intentional, prefix it with an underscore: `_p_i`
[2025-10-22 10:06:17] (+0.03 mins | took: 0.00 mins)     |
[2025-10-22 10:06:17] (+0.03 mins | took: 0.00 mins)     = note: `#[warn(unused_variables)]` on by default
[2025-10-22 10:06:17] (+0.03 mins | took: 0.00 mins)  
[2025-10-22 10:06:17] (+0.03 mins | took: 0.00 mins)  warning: unused variable: `q_i`
[2025-10-22 10:06:17] (+0.03 mins | took: 0.00 mins)    --> src/main.rs:89:28
[2025-10-22 10:06:17] (+0.03 mins | took: 0.00 mins)     |
[2025-10-22 10:06:17] (+0.03 mins | took: 0.00 mins)  89 |             let (n_i, p_i, q_i) = bidders_data.get(bidder_id).unwrap();
[2025-10-22 10:06:17] (+0.03 mins | took: 0.00 mins)     |                            ^^^ help: if this is intentional, prefix it with an underscore: `_q_i`
[2025-10-22 10:06:17] (+0.03 mins | took: 0.00 mins)  
[2025-10-22 10:06:17] (+0.03 mins | took: 0.00 mins)  warning: unused variable: `v_i`
[2025-10-22 10:06:17] (+0.03 mins | took: 0.00 mins)     --> src/main.rs:193:50
[2025-10-22 10:06:17] (+0.03 mins | took: 0.00 mins)      |
[2025-10-22 10:06:17] (+0.03 mins | took: 0.00 mins)  193 |                 let (bidder_i_id, n_i, c_i, r_i, v_i, p_i, q_i) = bidders[i].clone();
[2025-10-22 10:06:17] (+0.03 mins | took: 0.00 mins)      |                                                  ^^^ help: if this is intentional, prefix it with an underscore: `_v_i`
[2025-10-22 10:06:17] (+0.03 mins | took: 0.00 mins)  
[2025-10-22 10:06:17] (+0.03 mins | took: 0.00 mins)  warning: unused variable: `p_i`
[2025-10-22 10:06:17] (+0.03 mins | took: 0.00 mins)     --> src/main.rs:193:55
[2025-10-22 10:06:17] (+0.03 mins | took: 0.00 mins)      |
[2025-10-22 10:06:17] (+0.03 mins | took: 0.00 mins)  193 |                 let (bidder_i_id, n_i, c_i, r_i, v_i, p_i, q_i) = bidders[i].clone();
[2025-10-22 10:06:17] (+0.03 mins | took: 0.00 mins)      |                                                       ^^^ help: if this is intentional, prefix it with an underscore: `_p_i`
[2025-10-22 10:06:17] (+0.03 mins | took: 0.00 mins)  
[2025-10-22 10:06:17] (+0.03 mins | took: 0.00 mins)  warning: unused variable: `q_i`
[2025-10-22 10:06:17] (+0.03 mins | took: 0.00 mins)     --> src/main.rs:193:60
[2025-10-22 10:06:17] (+0.03 mins | took: 0.00 mins)      |
[2025-10-22 10:06:17] (+0.03 mins | took: 0.00 mins)  193 |                 let (bidder_i_id, n_i, c_i, r_i, v_i, p_i, q_i) = bidders[i].clone();
[2025-10-22 10:06:17] (+0.03 mins | took: 0.00 mins)      |                                                            ^^^ help: if this is intentional, prefix it with an underscore: `_q_i`
[2025-10-22 10:06:17] (+0.03 mins | took: 0.00 mins)  
[2025-10-22 10:06:17] (+0.03 mins | took: 0.00 mins)  warning: unused variable: `c_j`
[2025-10-22 10:06:17] (+0.03 mins | took: 0.00 mins)     --> src/main.rs:194:40
[2025-10-22 10:06:17] (+0.03 mins | took: 0.00 mins)      |
[2025-10-22 10:06:17] (+0.03 mins | took: 0.00 mins)  194 |                 let (bidder_j_id, n_j, c_j, r_j, v_j, p_j, q_j) = bidders[j].clone();
[2025-10-22 10:06:17] (+0.03 mins | took: 0.00 mins)      |                                        ^^^ help: if this is intentional, prefix it with an underscore: `_c_j`
[2025-10-22 10:06:17] (+0.03 mins | took: 0.00 mins)  
[2025-10-22 10:06:17] (+0.03 mins | took: 0.00 mins)  warning: unused variable: `bidder_i_id`
[2025-10-22 10:06:17] (+0.03 mins | took: 0.00 mins)     --> src/main.rs:230:27
[2025-10-22 10:06:17] (+0.03 mins | took: 0.00 mins)      |
[2025-10-22 10:06:17] (+0.03 mins | took: 0.00 mins)  230 |         let (bidder_j_id, bidder_i_id, result) = rx.recv().unwrap();
[2025-10-22 10:06:17] (+0.03 mins | took: 0.00 mins)      |                           ^^^^^^^^^^^ help: if this is intentional, prefix it with an underscore: `_bidder_i_id`
[2025-10-22 10:06:17] (+0.03 mins | took: 0.00 mins)  
[2025-10-22 10:06:17] (+0.03 mins | took: 0.00 mins)  warning: field `proof_shuffle` is never read
[2025-10-22 10:06:17] (+0.03 mins | took: 0.00 mins)    --> src/main.rs:34:5
[2025-10-22 10:06:17] (+0.03 mins | took: 0.00 mins)     |
[2025-10-22 10:06:17] (+0.03 mins | took: 0.00 mins)  25 | struct BidderProveResult {
[2025-10-22 10:06:17] (+0.03 mins | took: 0.00 mins)     |        ----------------- field in this struct
[2025-10-22 10:06:17] (+0.03 mins | took: 0.00 mins)  ...
[2025-10-22 10:06:17] (+0.03 mins | took: 0.00 mins)  34 |     proof_shuffle: HashMap<u32, StrainProof>,
[2025-10-22 10:06:17] (+0.03 mins | took: 0.00 mins)     |     ^^^^^^^^^^^^^
[2025-10-22 10:06:17] (+0.03 mins | took: 0.00 mins)     |
[2025-10-22 10:06:17] (+0.03 mins | took: 0.00 mins)     = note: `BidderProveResult` has a derived impl for the trait `Clone`, but this is intentionally ignored during dead code analysis
[2025-10-22 10:06:17] (+0.03 mins | took: 0.00 mins)     = note: `#[warn(dead_code)]` on by default
[2025-10-22 10:06:17] (+0.03 mins | took: 0.00 mins)  
[2025-10-22 10:06:17] (+0.03 mins | took: 0.00 mins)  warning: function `bidder_join` is never used
[2025-10-22 10:06:17] (+0.03 mins | took: 0.00 mins)     --> src/main.rs:122:4
[2025-10-22 10:06:17] (+0.03 mins | took: 0.00 mins)      |
[2025-10-22 10:06:17] (+0.03 mins | took: 0.00 mins)  122 | fn bidder_join(bidder_id: String, bid_value: BigInt) -> (BigInt, Vec<BigInt>, Vec<BigInt>, (BigInt, BigInt)) {
[2025-10-22 10:06:17] (+0.03 mins | took: 0.00 mins)      |    ^^^^^^^^^^^
[2025-10-22 10:06:17] (+0.03 mins | took: 0.00 mins)  
[2025-10-22 10:06:17] (+0.03 mins | took: 0.00 mins)  warning: function `verify_shuffle` is never used
[2025-10-22 10:06:17] (+0.03 mins | took: 0.00 mins)     --> src/main.rs:880:4
[2025-10-22 10:06:17] (+0.03 mins | took: 0.00 mins)      |
[2025-10-22 10:06:17] (+0.03 mins | took: 0.00 mins)  880 | fn verify_shuffle(proof: &HashMap<u32, StrainProof>, n2: &BigInt, res: &[Vec<BigInt>]) -> bool {
[2025-10-22 10:06:17] (+0.03 mins | took: 0.00 mins)      |    ^^^^^^^^^^^^^^
[2025-10-22 10:06:17] (+0.03 mins | took: 0.00 mins)  
[2025-10-22 10:06:19] (+0.07 mins | took: 0.03 mins)  warning: `zk-auctions` (bin "zk-auctions") generated 10 warnings
[2025-10-22 10:06:19] (+0.07 mins | took: 0.00 mins)      Finished `release` profile [optimized] target(s) in 3.77s
[2025-10-22 10:06:19] (+0.07 mins | took: 0.00 mins)       Running `target/release/zk-auctions`
[2025-10-22 10:06:19] (+0.07 mins | took: 0.00 mins)  ==================================================================================
[2025-10-22 10:06:19] (+0.07 mins | took: 0.00 mins)  ZERO-KNOWLEDGE AUCTION PROTOCOL - 4 PHASE IMPLEMENTATION
[2025-10-22 10:06:19] (+0.07 mins | took: 0.00 mins)  ==================================================================================
[2025-10-22 10:06:19] (+0.07 mins | took: 0.00 mins)  This implementation follows a 4-phase zero-knowledge auction protocol:
[2025-10-22 10:06:19] (+0.07 mins | took: 0.00 mins)  
[2025-10-22 10:06:19] (+0.07 mins | took: 0.00 mins)  PHASE 1: BIDDERS JOIN
[2025-10-22 10:06:19] (+0.07 mins | took: 0.00 mins)    - Each bidder generates GM keypair and encrypts their bid
[2025-10-22 10:06:19] (+0.07 mins | took: 0.00 mins)    - Runs in parallel for efficiency
[2025-10-22 10:06:19] (+0.07 mins | took: 0.00 mins)    - Output: (n_j, c_j, r_j, (p_j, q_j)) for each bidder
[2025-10-22 10:06:19] (+0.07 mins | took: 0.00 mins)  
[2025-10-22 10:06:19] (+0.07 mins | took: 0.00 mins)  PHASE 2: BIDDER PROVE
[2025-10-22 10:06:19] (+0.07 mins | took: 0.00 mins)    - Each bidder 'j' runs bidder_prove against bidder 'i'
[2025-10-22 10:06:19] (+0.07 mins | took: 0.00 mins)    - 'j' = bidder running proof, 'i' = other bidder being compared
[2025-10-22 10:06:19] (+0.07 mins | took: 0.00 mins)    - Generates zero-knowledge proofs of bid validity
[2025-10-22 10:06:19] (+0.07 mins | took: 0.00 mins)  
[2025-10-22 10:06:19] (+0.07 mins | took: 0.00 mins)  PHASE 3: AUCTIONEER VERIFY
[2025-10-22 10:06:19] (+0.07 mins | took: 0.00 mins)    - Auctioneer verifies all proof_eval from all bidders
[2025-10-22 10:06:19] (+0.07 mins | took: 0.00 mins)    - Ensures all bidders provided valid zero-knowledge proofs
[2025-10-22 10:06:19] (+0.07 mins | took: 0.00 mins)    - Auctioneer acts as trusted verifier
[2025-10-22 10:06:19] (+0.07 mins | took: 0.00 mins)  
[2025-10-22 10:06:19] (+0.07 mins | took: 0.00 mins)  PHASE 4: BIDDER VERIFY ALL & WINNER DETERMINATION
[2025-10-22 10:06:19] (+0.07 mins | took: 0.00 mins)    - Each bidder verifies other bidders' proofs using bidder_verify_all
[2025-10-22 10:06:19] (+0.07 mins | took: 0.00 mins)    - Verifies proof_enc (encryption) and proof_dlog (discrete log)
[2025-10-22 10:06:19] (+0.07 mins | took: 0.00 mins)    - Ensures mutual verification between bidders
[2025-10-22 10:06:19] (+0.07 mins | took: 0.00 mins)    - Final bid comparison using compare_leq_honest
[2025-10-22 10:06:19] (+0.07 mins | took: 0.00 mins)    - Determines winner by comparing against all other bidders
[2025-10-22 10:06:19] (+0.07 mins | took: 0.00 mins)    - Runs in parallel for efficiency
[2025-10-22 10:06:19] (+0.07 mins | took: 0.00 mins)  ==================================================================================
[2025-10-22 10:06:19] (+0.07 mins | took: 0.00 mins)  Running Example 2: N Bidders Example (Configurable)
[2025-10-22 10:06:19] (+0.07 mins | took: 0.00 mins)  [host] Starting N-Bidder Auction Protocol...
[2025-10-22 10:06:19] (+0.07 mins | took: 0.00 mins)  [host] Running auction with 3 bidders
[2025-10-22 10:06:19] (+0.07 mins | took: 0.00 mins)  [host] Bidders: [("Alice", 1500), ("Bob", 2000), ("Oscar", 1800)]
[2025-10-22 10:06:19] (+0.07 mins | took: 0.00 mins)  [host] sound_param = 40 sigma = 40
[2025-10-22 10:06:19] (+0.07 mins | took: 0.00 mins)  [host] PHASE 1: Bidders Join - Generating keys and encrypting bids for 3 bidders...
[2025-10-22 10:06:19] (+0.07 mins | took: 0.00 mins)  [host] Starting Oscar thread with bid v = 1800
[2025-10-22 10:06:19] (+0.07 mins | took: 0.00 mins)  [host] Starting mock_bidder_join for bidder: Oscar
[2025-10-22 10:06:19] (+0.07 mins | took: 0.00 mins)  [host] Starting Bob thread with bid v = 2000
[2025-10-22 10:06:19] (+0.07 mins | took: 0.00 mins)  [host] Starting mock_bidder_join for bidder: Bob
[2025-10-22 10:06:19] (+0.07 mins | took: 0.00 mins)  [host] Starting Alice thread with bid v = 1500
[2025-10-22 10:06:19] (+0.07 mins | took: 0.00 mins)  [host] Starting mock_bidder_join for bidder: Alice
[2025-10-22 10:06:19] (+0.07 mins | took: 0.00 mins)  [host] Mock bidder Alice generated public key n_j = 1209689659097625762575602542827676575222857533851689680340378044278636432098442039243116045705854144599006560036959586274674842012223241700634053404178330104673057069676421960518380002044641402952033123167535944553278309095062957565685113180187136445725423574463945056289942305587550350203342326307260505500320804426645955566919036410912441818289143750216969217502433175903612499738456566337215896647029580494283120322114049803844821893135602400499446546846535773
[2025-10-22 10:06:19] (+0.07 mins | took: 0.00 mins)  [host] Mock bidder Alice encrypted value c_j (len=32)
[2025-10-22 10:06:19] (+0.07 mins | took: 0.00 mins)  [host] Alice thread completed
[2025-10-22 10:06:19] (+0.07 mins | took: 0.00 mins)  [host] Received Alice results
[2025-10-22 10:06:20] (+0.08 mins | took: 0.02 mins)  [host] Mock bidder Oscar generated public key n_j = 1206777938869256178084941922563247839322285000635637844727827616125604162277711880115118150502176928716319330126139077296156454098340567371442226405422080605636626346429744943394374925107354429590355961360272645718752788442828861083245897880049520006736655500875627777672852444876686428914955774830462339975442290596751859285480417313201913588428136001849089772428675948345318337281687590817510216910417249523446574644995996363005226848911452996903144316236905377
[2025-10-22 10:06:20] (+0.08 mins | took: 0.00 mins)  [host] Mock bidder Oscar encrypted value c_j (len=32)
[2025-10-22 10:06:20] (+0.08 mins | took: 0.00 mins)  [host] Oscar thread completed
[2025-10-22 10:06:20] (+0.08 mins | took: 0.00 mins)  [host] Received Oscar results
[2025-10-22 10:06:20] (+0.08 mins | took: 0.00 mins)  [host] Mock bidder Bob generated public key n_j = 1207372135970317782519593345828810596174892996985066004697929514125584302605988683928961625197236200037236095163628404445551722563159987924694384261524387485294229077630492629271253622155113611838845893587922213138478852137279253861534122391885212823053644797819852586314587838461134732009125692372159851677053513920363776455862744726971862665576080226966136983675825812910065232160247986098932143029670436773857334255128259721007618664099378029383416534117499681
[2025-10-22 10:06:20] (+0.08 mins | took: 0.00 mins)  [host] Mock bidder Bob encrypted value c_j (len=32)
[2025-10-22 10:06:20] (+0.08 mins | took: 0.00 mins)  [host] Bob thread completed
[2025-10-22 10:06:20] (+0.08 mins | took: 0.00 mins)  [host] Received Bob results
[2025-10-22 10:06:20] (+0.08 mins | took: 0.00 mins)  [host] PHASE 1: All 3 bidders have joined successfully
[2025-10-22 10:06:20] (+0.08 mins | took: 0.00 mins)  [host] PHASE 2: Bidder Prove - Generating zero-knowledge proofs for all bidder pairs...
[2025-10-22 10:06:20] (+0.08 mins | took: 0.00 mins)  [host] Expected number of proof operations: 6 (n*(n-1) where n=3)
[2025-10-22 10:06:20] (+0.08 mins | took: 0.00 mins)  [host] PHASE 2: Running bidder_prove in parallel for all bidder pairs...
[2025-10-22 10:06:20] (+0.08 mins | took: 0.00 mins)  [host] Starting bidder_prove: Oscar vs Bob
[2025-10-22 10:06:20] (+0.08 mins | took: 0.00 mins)  [host] Starting bidder_prove: Alice vs Bob
[2025-10-22 10:06:20] (+0.08 mins | took: 0.00 mins)  [host] Starting bidder_prove: Bob vs Oscar
[2025-10-22 10:06:20] (+0.08 mins | took: 0.00 mins)  [host] Starting bidder_prove: Alice vs Oscar
[2025-10-22 10:06:20] (+0.08 mins | took: 0.00 mins)  [host] Starting bidder_prove: Bob vs Alice
[2025-10-22 10:06:20] (+0.08 mins | took: 0.00 mins)  [host] Starting bidder_prove: Oscar vs Alice
[2025-10-22 10:06:20] (+0.08 mins | took: 0.00 mins)  [host] Building ExecutorEnv...
[2025-10-22 10:06:20] (+0.08 mins | took: 0.00 mins)  [host] Building ExecutorEnv...
[2025-10-22 10:06:20] (+0.08 mins | took: 0.00 mins)  [host] Building ExecutorEnv...
[2025-10-22 10:06:20] (+0.08 mins | took: 0.00 mins)  [host] Building ExecutorEnv...
[2025-10-22 10:06:20] (+0.08 mins | took: 0.00 mins)  [host] Building ExecutorEnv...
[2025-10-22 10:06:20] (+0.08 mins | took: 0.00 mins)  [host] Building ExecutorEnv...
[2025-10-22 10:06:20] (+0.08 mins | took: 0.00 mins)  [host] ExecutorEnv built successfully.
[2025-10-22 10:06:20] (+0.08 mins | took: 0.00 mins)  [host] Running zkVM (prove)...
[2025-10-22 10:06:20] (+0.08 mins | took: 0.00 mins)  [host] ExecutorEnv built successfully.
[2025-10-22 10:06:20] (+0.08 mins | took: 0.00 mins)  [host] Running zkVM (prove)...
[2025-10-22 10:06:20] (+0.08 mins | took: 0.00 mins)  [host] ExecutorEnv built successfully.
[2025-10-22 10:06:20] (+0.08 mins | took: 0.00 mins)  [host] Running zkVM (prove)...
[2025-10-22 10:06:20] (+0.08 mins | took: 0.00 mins)  [host] ExecutorEnv built successfully.
[2025-10-22 10:06:20] (+0.08 mins | took: 0.00 mins)  [host] Running zkVM (prove)...
[2025-10-22 10:06:20] (+0.08 mins | took: 0.00 mins)  [host] ExecutorEnv built successfully.
[2025-10-22 10:06:20] (+0.08 mins | took: 0.00 mins)  [host] Running zkVM (prove)...
[2025-10-22 10:06:20] (+0.08 mins | took: 0.00 mins)  [host] ExecutorEnv built successfully.
[2025-10-22 10:06:20] (+0.08 mins | took: 0.00 mins)  [host] Running zkVM (prove)...
[2025-10-22 10:06:21] (+0.10 mins | took: 0.02 mins)  WARNING: proving in dev mode. This will not generate valid, secure proofs.
[2025-10-22 10:06:21] (+0.10 mins | took: 0.00 mins)  WARNING: proving in dev mode. This will not generate valid, secure proofs.
[2025-10-22 10:06:21] (+0.10 mins | took: 0.00 mins)  WARNING: proving in dev mode. This will not generate valid, secure proofs.
[2025-10-22 10:06:21] (+0.10 mins | took: 0.00 mins)  WARNING: proving in dev mode. This will not generate valid, secure proofs.
[2025-10-22 10:06:21] (+0.10 mins | took: 0.00 mins)  WARNING: proving in dev mode. This will not generate valid, secure proofs.
[2025-10-22 10:06:21] (+0.10 mins | took: 0.00 mins)  WARNING: proving in dev mode. This will not generate valid, secure proofs.
[2025-10-22 10:06:21] (+0.10 mins | took: 0.00 mins)  
[2025-10-22 10:06:21] (+0.10 mins | took: 0.00 mins)  [(Oscar)-zkvm-bidder-prover-guest] Starting main function
[2025-10-22 10:06:21] (+0.10 mins | took: 0.00 mins)  [(Oscar)-zkvm-bidder-prover-guest] Reading inputs from environment for bidder j
[2025-10-22 10:06:21] (+0.10 mins | took: 0.00 mins)  
[2025-10-22 10:06:21] (+0.10 mins | took: 0.00 mins)  [(Alice)-zkvm-bidder-prover-guest] Starting main function
[2025-10-22 10:06:21] (+0.10 mins | took: 0.00 mins)  [(Alice)-zkvm-bidder-prover-guest] Reading inputs from environment for bidder j
[2025-10-22 10:06:21] (+0.10 mins | took: 0.00 mins)  
[2025-10-22 10:06:21] (+0.10 mins | took: 0.00 mins)  [(Bob)-zkvm-bidder-prover-guest] Starting main function
[2025-10-22 10:06:21] (+0.10 mins | took: 0.00 mins)  [(Bob)-zkvm-bidder-prover-guest] Reading inputs from environment for bidder j
[2025-10-22 10:06:21] (+0.10 mins | took: 0.00 mins)  
[2025-10-22 10:06:21] (+0.10 mins | took: 0.00 mins)  [(Bob)-zkvm-bidder-prover-guest] Starting main function
[2025-10-22 10:06:21] (+0.10 mins | took: 0.00 mins)  [(Bob)-zkvm-bidder-prover-guest] Reading inputs from environment for bidder j
[2025-10-22 10:06:21] (+0.10 mins | took: 0.00 mins)  
[2025-10-22 10:06:21] (+0.10 mins | took: 0.00 mins)  [(Oscar)-zkvm-bidder-prover-guest] Starting main function
[2025-10-22 10:06:21] (+0.10 mins | took: 0.00 mins)  [(Oscar)-zkvm-bidder-prover-guest] Reading inputs from environment for bidder j
[2025-10-22 10:06:21] (+0.10 mins | took: 0.00 mins)  
[2025-10-22 10:06:21] (+0.10 mins | took: 0.00 mins)  [(Alice)-zkvm-bidder-prover-guest] Starting main function
[2025-10-22 10:06:21] (+0.10 mins | took: 0.00 mins)  [(Alice)-zkvm-bidder-prover-guest] Reading inputs from environment for bidder j
[2025-10-22 10:06:21] (+0.10 mins | took: 0.00 mins)  [(Alice)-zkvm-bidder-prover-guest] Reading inputs from environment for bidder i
[2025-10-22 10:06:21] (+0.10 mins | took: 0.00 mins)  [(Oscar)-zkvm-bidder-prover-guest] Reading inputs from environment for bidder i
[2025-10-22 10:06:21] (+0.10 mins | took: 0.00 mins)  [(Bob)-zkvm-bidder-prover-guest] Reading inputs from environment for bidder i
[2025-10-22 10:06:21] (+0.10 mins | took: 0.00 mins)  [(Alice)-zkvm-bidder-prover-guest] Reading inputs from environment for bidder i
[2025-10-22 10:06:21] (+0.10 mins | took: 0.00 mins)  [(Bob)-zkvm-bidder-prover-guest] Reading inputs from environment for bidder i
[2025-10-22 10:06:21] (+0.10 mins | took: 0.00 mins)  [(Oscar)-zkvm-bidder-prover-guest] Reading inputs from environment for bidder i
[2025-10-22 10:06:21] (+0.10 mins | took: 0.00 mins)  [(Alice)-zkvm-bidder-prover-guest] Read c_i (len: 32), n_i (bits: 1536), r_i (len: 32)
[2025-10-22 10:06:21] (+0.10 mins | took: 0.00 mins)  [(Alice)-zkvm-bidder-prover-guest] Read sigma and sound_param: 40
[2025-10-22 10:06:21] (+0.10 mins | took: 0.00 mins)  [(Oscar)-zkvm-bidder-prover-guest] Read c_i (len: 32), n_i (bits: 1536), r_i (len: 32)
[2025-10-22 10:06:21] (+0.10 mins | took: 0.00 mins)  [(Oscar)-zkvm-bidder-prover-guest] Read sigma and sound_param: 40
[2025-10-22 10:06:21] (+0.10 mins | took: 0.00 mins)  [(Bob)-zkvm-bidder-prover-guest] Read c_i (len: 32), n_i (bits: 1536), r_i (len: 32)
[2025-10-22 10:06:21] (+0.10 mins | took: 0.00 mins)  [(Bob)-zkvm-bidder-prover-guest] Read sigma and sound_param: 40
[2025-10-22 10:06:21] (+0.10 mins | took: 0.00 mins)  [(Alice)-zkvm-bidder-prover-guest] Read c_i (len: 32), n_i (bits: 1536), r_i (len: 32)
[2025-10-22 10:06:21] (+0.10 mins | took: 0.00 mins)  [(Alice)-zkvm-bidder-prover-guest] Read sigma and sound_param: 40
[2025-10-22 10:06:21] (+0.10 mins | took: 0.00 mins)  [(Bob)-zkvm-bidder-prover-guest] Read c_i (len: 32), n_i (bits: 1536), r_i (len: 32)
[2025-10-22 10:06:21] (+0.10 mins | took: 0.00 mins)  [(Bob)-zkvm-bidder-prover-guest] Read sigma and sound_param: 40
[2025-10-22 10:06:21] (+0.10 mins | took: 0.00 mins)  [(Oscar)-zkvm-bidder-prover-guest] Read c_i (len: 32), n_i (bits: 1536), r_i (len: 32)
[2025-10-22 10:06:21] (+0.10 mins | took: 0.00 mins)  [(Oscar)-zkvm-bidder-prover-guest] Read sigma and sound_param: 40
[2025-10-22 10:06:34] (+0.32 mins | took: 0.22 mins)  [(Alice)-zkvm-bidder-prover-guest] Read random values
[2025-10-22 10:06:34] (+0.32 mins | took: 0.00 mins)  [(Alice)-zkvm-bidder-prover-guest] Computing proof_eval
[2025-10-22 10:06:34] (+0.32 mins | took: 0.00 mins)  [(Alice)-zkvm-bidder-prover-guest] Read random values
[2025-10-22 10:06:34] (+0.32 mins | took: 0.00 mins)  [(Alice)-zkvm-bidder-prover-guest] Computing proof_eval
[2025-10-22 10:06:34] (+0.32 mins | took: 0.00 mins)  [(Oscar)-zkvm-bidder-prover-guest] Read random values
[2025-10-22 10:06:34] (+0.32 mins | took: 0.00 mins)  [(Oscar)-zkvm-bidder-prover-guest] Computing proof_eval
[2025-10-22 10:06:34] (+0.32 mins | took: 0.00 mins)  [(Oscar)-zkvm-bidder-prover-guest] Read random values
[2025-10-22 10:06:34] (+0.32 mins | took: 0.00 mins)  [(Oscar)-zkvm-bidder-prover-guest] Computing proof_eval
[2025-10-22 10:06:35] (+0.33 mins | took: 0.02 mins)  [(Bob)-zkvm-bidder-prover-guest] Read random values
[2025-10-22 10:06:35] (+0.33 mins | took: 0.00 mins)  [(Bob)-zkvm-bidder-prover-guest] Computing proof_eval
[2025-10-22 10:06:35] (+0.33 mins | took: 0.00 mins)  [(Bob)-zkvm-bidder-prover-guest] Read random values
[2025-10-22 10:06:35] (+0.33 mins | took: 0.00 mins)  [(Bob)-zkvm-bidder-prover-guest] Computing proof_eval
[2025-10-22 10:13:36] (+7.35 mins | took: 7.02 mins)  [(Oscar)-zkvm-bidder-prover-guest] proof_eval completed
[2025-10-22 10:13:36] (+7.35 mins | took: 0.00 mins)  [(Oscar)-zkvm-bidder-prover-guest] Computing proof_enc
[2025-10-22 10:13:40] (+7.42 mins | took: 0.07 mins)  [(Oscar)-zkvm-bidder-prover-guest] proof_eval completed
[2025-10-22 10:13:40] (+7.42 mins | took: 0.00 mins)  [(Oscar)-zkvm-bidder-prover-guest] Computing proof_enc
[2025-10-22 10:13:58] (+7.72 mins | took: 0.30 mins)  [(Bob)-zkvm-bidder-prover-guest] proof_eval completed
[2025-10-22 10:13:58] (+7.72 mins | took: 0.00 mins)  [(Bob)-zkvm-bidder-prover-guest] Computing proof_enc
[2025-10-22 10:14:02] (+7.78 mins | took: 0.07 mins)  [(Alice)-zkvm-bidder-prover-guest] proof_eval completed
[2025-10-22 10:14:02] (+7.78 mins | took: 0.00 mins)  [(Alice)-zkvm-bidder-prover-guest] Computing proof_enc
[2025-10-22 10:14:24] (+8.15 mins | took: 0.37 mins)  [(Alice)-zkvm-bidder-prover-guest] proof_eval completed
[2025-10-22 10:14:24] (+8.15 mins | took: 0.00 mins)  [(Alice)-zkvm-bidder-prover-guest] Computing proof_enc
[2025-10-22 10:14:37] (+8.37 mins | took: 0.22 mins)  [(Bob)-zkvm-bidder-prover-guest] proof_eval completed
[2025-10-22 10:14:37] (+8.37 mins | took: 0.00 mins)  [(Bob)-zkvm-bidder-prover-guest] Computing proof_enc
[2025-10-22 10:19:54] (+13.65 mins | took: 5.28 mins)  [(Oscar)-zkvm-bidder-prover-guest] proof_enc completed
[2025-10-22 10:19:54] (+13.65 mins | took: 0.00 mins)  [(Oscar)-zkvm-bidder-prover-guest] Computing proof_dlog
[2025-10-22 10:20:19] (+14.07 mins | took: 0.42 mins)  [(Alice)-zkvm-bidder-prover-guest] proof_enc completed
[2025-10-22 10:20:19] (+14.07 mins | took: 0.00 mins)  [(Alice)-zkvm-bidder-prover-guest] Computing proof_dlog
[2025-10-22 10:20:40] (+14.42 mins | took: 0.35 mins)  [(Oscar)-zkvm-bidder-prover-guest] proof_enc completed
[2025-10-22 10:20:40] (+14.42 mins | took: 0.00 mins)  [(Oscar)-zkvm-bidder-prover-guest] Computing proof_dlog
[2025-10-22 10:20:55] (+14.67 mins | took: 0.25 mins)  [(Alice)-zkvm-bidder-prover-guest] proof_enc completed
[2025-10-22 10:20:55] (+14.67 mins | took: 0.00 mins)  [(Alice)-zkvm-bidder-prover-guest] Computing proof_dlog
[2025-10-22 10:21:12] (+14.95 mins | took: 0.28 mins)  [(Bob)-zkvm-bidder-prover-guest] proof_enc completed
[2025-10-22 10:21:12] (+14.95 mins | took: 0.00 mins)  [(Bob)-zkvm-bidder-prover-guest] Computing proof_dlog
[2025-10-22 10:21:18] (+15.05 mins | took: 0.10 mins)  [(Bob)-zkvm-bidder-prover-guest] proof_enc completed
[2025-10-22 10:21:18] (+15.05 mins | took: 0.00 mins)  [(Bob)-zkvm-bidder-prover-guest] Computing proof_dlog
[2025-10-22 10:32:12] (+25.95 mins | took: 10.90 mins)  [(Alice)-zkvm-bidder-prover-guest] proof_dlog completed
[2025-10-22 10:32:12] (+25.95 mins | took: 0.00 mins)  [(Alice)-zkvm-bidder-prover-guest] Computing gm_eval_honest
[2025-10-22 10:32:36] (+26.35 mins | took: 0.40 mins)  [(Oscar)-zkvm-bidder-prover-guest] proof_dlog completed
[2025-10-22 10:32:36] (+26.35 mins | took: 0.00 mins)  [(Oscar)-zkvm-bidder-prover-guest] Computing gm_eval_honest
[2025-10-22 10:33:07] (+26.87 mins | took: 0.52 mins)  [(Bob)-zkvm-bidder-prover-guest] proof_dlog completed
[2025-10-22 10:33:07] (+26.87 mins | took: 0.00 mins)  [(Bob)-zkvm-bidder-prover-guest] Computing gm_eval_honest
[2025-10-22 10:33:07] (+26.87 mins | took: 0.00 mins)  [(Alice)-zkvm-bidder-prover-guest] proof_dlog completed
[2025-10-22 10:33:07] (+26.87 mins | took: 0.00 mins)  [(Alice)-zkvm-bidder-prover-guest] Computing gm_eval_honest
[2025-10-22 10:33:22] (+27.12 mins | took: 0.25 mins)  [(Oscar)-zkvm-bidder-prover-guest] proof_dlog completed
[2025-10-22 10:33:22] (+27.12 mins | took: 0.00 mins)  [(Oscar)-zkvm-bidder-prover-guest] Computing gm_eval_honest
[2025-10-22 10:33:49] (+27.57 mins | took: 0.45 mins)  [(Bob)-zkvm-bidder-prover-guest] proof_dlog completed
[2025-10-22 10:33:49] (+27.57 mins | took: 0.00 mins)  [(Bob)-zkvm-bidder-prover-guest] Computing gm_eval_honest
[2025-10-22 10:39:46] (+33.52 mins | took: 5.95 mins)  [(Alice)-zkvm-bidder-prover-guest] gm_eval_honest completed, res length: 32
[2025-10-22 10:39:46] (+33.52 mins | took: 0.00 mins)  [(Alice)-zkvm-bidder-prover-guest] Using empty proof_shuffle
[2025-10-22 10:39:46] (+33.52 mins | took: 0.00 mins)  [(Alice)-zkvm-bidder-prover-guest] Writing private data
[2025-10-22 10:39:58] (+33.72 mins | took: 0.20 mins)  [(Oscar)-zkvm-bidder-prover-guest] gm_eval_honest completed, res length: 32
[2025-10-22 10:39:58] (+33.72 mins | took: 0.00 mins)  [(Oscar)-zkvm-bidder-prover-guest] Using empty proof_shuffle
[2025-10-22 10:39:58] (+33.72 mins | took: 0.00 mins)  [(Oscar)-zkvm-bidder-prover-guest] Writing private data
[2025-10-22 10:40:07] (+33.87 mins | took: 0.15 mins)  [(Alice)-zkvm-bidder-prover-guest] Committing public results
[2025-10-22 10:40:10] (+33.92 mins | took: 0.05 mins)  [(Alice)-zkvm-bidder-prover-guest] Main function completed successfully
[2025-10-22 10:40:11] (+33.93 mins | took: 0.02 mins)  WARNING: Proving in dev mode does not generate a valid receipt. Receipts generated from this process are invalid and should never be used in production.
[2025-10-22 10:40:11] (+33.93 mins | took: 0.00 mins)  [host] zkVM proof generated.
[2025-10-22 10:40:11] (+33.93 mins | took: 0.00 mins)  [host] Reading private output...
[2025-10-22 10:40:11] (+33.93 mins | took: 0.00 mins)  [host] Private output deserialization successful.
[2025-10-22 10:40:11] (+33.93 mins | took: 0.00 mins)  [host] Decoding public results from journal...
[2025-10-22 10:40:11] (+33.93 mins | took: 0.00 mins)  [host] Got n_j = 1209689659097625762575602542827676575222857533851689680340378044278636432098442039243116045705854144599006560036959586274674842012223241700634053404178330104673057069676421960518380002044641402952033123167535944553278309095062957565685113180187136445725423574463945056289942305587550350203342326307260505500320804426645955566919036410912441818289143750216969217502433175903612499738456566337215896647029580494283120322114049803844821893135602400499446546846535773
[2025-10-22 10:40:11] (+33.93 mins | took: 0.00 mins)  [host] Completed bidder_prove: Alice vs Oscar
[2025-10-22 10:40:19] (+34.07 mins | took: 0.13 mins)  [(Oscar)-zkvm-bidder-prover-guest] Committing public results
[2025-10-22 10:40:22] (+34.12 mins | took: 0.05 mins)  [(Oscar)-zkvm-bidder-prover-guest] Main function completed successfully
[2025-10-22 10:40:23] (+34.13 mins | took: 0.02 mins)  WARNING: Proving in dev mode does not generate a valid receipt. Receipts generated from this process are invalid and should never be used in production.
[2025-10-22 10:40:23] (+34.13 mins | took: 0.00 mins)  [host] zkVM proof generated.
[2025-10-22 10:40:23] (+34.13 mins | took: 0.00 mins)  [host] Reading private output...
[2025-10-22 10:40:23] (+34.13 mins | took: 0.00 mins)  [host] Private output deserialization successful.
[2025-10-22 10:40:23] (+34.13 mins | took: 0.00 mins)  [host] Decoding public results from journal...
[2025-10-22 10:40:23] (+34.13 mins | took: 0.00 mins)  [host] Got n_j = 1206777938869256178084941922563247839322285000635637844727827616125604162277711880115118150502176928716319330126139077296156454098340567371442226405422080605636626346429744943394374925107354429590355961360272645718752788442828861083245897880049520006736655500875627777672852444876686428914955774830462339975442290596751859285480417313201913588428136001849089772428675948345318337281687590817510216910417249523446574644995996363005226848911452996903144316236905377
[2025-10-22 10:40:23] (+34.13 mins | took: 0.00 mins)  [host] Completed bidder_prove: Oscar vs Bob
[2025-10-22 10:40:54] (+34.65 mins | took: 0.52 mins)  [(Bob)-zkvm-bidder-prover-guest] gm_eval_honest completed, res length: 32
[2025-10-22 10:40:54] (+34.65 mins | took: 0.00 mins)  [(Bob)-zkvm-bidder-prover-guest] Using empty proof_shuffle
[2025-10-22 10:40:54] (+34.65 mins | took: 0.00 mins)  [(Bob)-zkvm-bidder-prover-guest] Writing private data
[2025-10-22 10:40:57] (+34.70 mins | took: 0.05 mins)  [(Alice)-zkvm-bidder-prover-guest] gm_eval_honest completed, res length: 32
[2025-10-22 10:40:57] (+34.70 mins | took: 0.00 mins)  [(Alice)-zkvm-bidder-prover-guest] Using empty proof_shuffle
[2025-10-22 10:40:57] (+34.70 mins | took: 0.00 mins)  [(Alice)-zkvm-bidder-prover-guest] Writing private data
[2025-10-22 10:41:11] (+34.93 mins | took: 0.23 mins)  [(Bob)-zkvm-bidder-prover-guest] Committing public results
[2025-10-22 10:41:14] (+34.98 mins | took: 0.05 mins)  [(Alice)-zkvm-bidder-prover-guest] Committing public results
[2025-10-22 10:41:14] (+34.98 mins | took: 0.00 mins)  [(Bob)-zkvm-bidder-prover-guest] Main function completed successfully
[2025-10-22 10:41:14] (+34.98 mins | took: 0.00 mins)  WARNING: Proving in dev mode does not generate a valid receipt. Receipts generated from this process are invalid and should never be used in production.
[2025-10-22 10:41:14] (+34.98 mins | took: 0.00 mins)  [(Oscar)-zkvm-bidder-prover-guest] gm_eval_honest completed, res length: 32
[2025-10-22 10:41:14] (+34.98 mins | took: 0.00 mins)  [(Oscar)-zkvm-bidder-prover-guest] Using empty proof_shuffle
[2025-10-22 10:41:14] (+34.98 mins | took: 0.00 mins)  [(Oscar)-zkvm-bidder-prover-guest] Writing private data
[2025-10-22 10:41:14] (+34.98 mins | took: 0.00 mins)  [host] zkVM proof generated.
[2025-10-22 10:41:14] (+34.98 mins | took: 0.00 mins)  [host] Reading private output...
[2025-10-22 10:41:14] (+34.98 mins | took: 0.00 mins)  [host] Private output deserialization successful.
[2025-10-22 10:41:14] (+34.98 mins | took: 0.00 mins)  [host] Decoding public results from journal...
[2025-10-22 10:41:14] (+34.98 mins | took: 0.00 mins)  [host] Got n_j = 1207372135970317782519593345828810596174892996985066004697929514125584302605988683928961625197236200037236095163628404445551722563159987924694384261524387485294229077630492629271253622155113611838845893587922213138478852137279253861534122391885212823053644797819852586314587838461134732009125692372159851677053513920363776455862744726971862665576080226966136983675825812910065232160247986098932143029670436773857334255128259721007618664099378029383416534117499681
[2025-10-22 10:41:14] (+34.98 mins | took: 0.00 mins)  [host] Completed bidder_prove: Bob vs Alice
[2025-10-22 10:41:17] (+35.03 mins | took: 0.05 mins)  [(Alice)-zkvm-bidder-prover-guest] Main function completed successfully
[2025-10-22 10:41:17] (+35.03 mins | took: 0.00 mins)  WARNING: Proving in dev mode does not generate a valid receipt. Receipts generated from this process are invalid and should never be used in production.
[2025-10-22 10:41:17] (+35.03 mins | took: 0.00 mins)  [host] zkVM proof generated.
[2025-10-22 10:41:17] (+35.03 mins | took: 0.00 mins)  [host] Reading private output...
[2025-10-22 10:41:17] (+35.03 mins | took: 0.00 mins)  [host] Private output deserialization successful.
[2025-10-22 10:41:17] (+35.03 mins | took: 0.00 mins)  [host] Decoding public results from journal...
[2025-10-22 10:41:17] (+35.03 mins | took: 0.00 mins)  [host] Got n_j = 1209689659097625762575602542827676575222857533851689680340378044278636432098442039243116045705854144599006560036959586274674842012223241700634053404178330104673057069676421960518380002044641402952033123167535944553278309095062957565685113180187136445725423574463945056289942305587550350203342326307260505500320804426645955566919036410912441818289143750216969217502433175903612499738456566337215896647029580494283120322114049803844821893135602400499446546846535773
[2025-10-22 10:41:17] (+35.03 mins | took: 0.00 mins)  [host] Completed bidder_prove: Alice vs Bob
[2025-10-22 10:41:27] (+35.20 mins | took: 0.17 mins)  [(Oscar)-zkvm-bidder-prover-guest] Committing public results
[2025-10-22 10:41:30] (+35.25 mins | took: 0.05 mins)  [(Oscar)-zkvm-bidder-prover-guest] Main function completed successfully
[2025-10-22 10:41:31] (+35.27 mins | took: 0.02 mins)  WARNING: Proving in dev mode does not generate a valid receipt. Receipts generated from this process are invalid and should never be used in production.
[2025-10-22 10:41:31] (+35.27 mins | took: 0.00 mins)  [host] zkVM proof generated.
[2025-10-22 10:41:31] (+35.27 mins | took: 0.00 mins)  [host] Reading private output...
[2025-10-22 10:41:31] (+35.27 mins | took: 0.00 mins)  [host] Private output deserialization successful.
[2025-10-22 10:41:31] (+35.27 mins | took: 0.00 mins)  [host] Decoding public results from journal...
[2025-10-22 10:41:31] (+35.27 mins | took: 0.00 mins)  [host] Got n_j = 1206777938869256178084941922563247839322285000635637844727827616125604162277711880115118150502176928716319330126139077296156454098340567371442226405422080605636626346429744943394374925107354429590355961360272645718752788442828861083245897880049520006736655500875627777672852444876686428914955774830462339975442290596751859285480417313201913588428136001849089772428675948345318337281687590817510216910417249523446574644995996363005226848911452996903144316236905377
[2025-10-22 10:41:31] (+35.27 mins | took: 0.00 mins)  [host] Completed bidder_prove: Oscar vs Alice
[2025-10-22 10:41:42] (+35.45 mins | took: 0.18 mins)  [(Bob)-zkvm-bidder-prover-guest] gm_eval_honest completed, res length: 32
[2025-10-22 10:41:42] (+35.45 mins | took: 0.00 mins)  [(Bob)-zkvm-bidder-prover-guest] Using empty proof_shuffle
[2025-10-22 10:41:42] (+35.45 mins | took: 0.00 mins)  [(Bob)-zkvm-bidder-prover-guest] Writing private data
[2025-10-22 10:41:54] (+35.65 mins | took: 0.20 mins)  [(Bob)-zkvm-bidder-prover-guest] Committing public results
[2025-10-22 10:41:57] (+35.70 mins | took: 0.05 mins)  [(Bob)-zkvm-bidder-prover-guest] Main function completed successfully
[2025-10-22 10:41:57] (+35.70 mins | took: 0.00 mins)  WARNING: Proving in dev mode does not generate a valid receipt. Receipts generated from this process are invalid and should never be used in production.
[2025-10-22 10:41:57] (+35.70 mins | took: 0.00 mins)  [host] zkVM proof generated.
[2025-10-22 10:41:57] (+35.70 mins | took: 0.00 mins)  [host] Reading private output...
[2025-10-22 10:41:57] (+35.70 mins | took: 0.00 mins)  [host] Private output deserialization successful.
[2025-10-22 10:41:57] (+35.70 mins | took: 0.00 mins)  [host] Decoding public results from journal...
[2025-10-22 10:41:57] (+35.70 mins | took: 0.00 mins)  [host] Got n_j = 1207372135970317782519593345828810596174892996985066004697929514125584302605988683928961625197236200037236095163628404445551722563159987924694384261524387485294229077630492629271253622155113611838845893587922213138478852137279253861534122391885212823053644797819852586314587838461134732009125692372159851677053513920363776455862744726971862665576080226966136983675825812910065232160247986098932143029670436773857334255128259721007618664099378029383416534117499681
[2025-10-22 10:41:57] (+35.70 mins | took: 0.00 mins)  [host] Completed bidder_prove: Bob vs Oscar
[2025-10-22 10:41:57] (+35.70 mins | took: 0.00 mins)  [host] PHASE 2: All bidder_prove operations completed
[2025-10-22 10:41:57] (+35.70 mins | took: 0.00 mins)  [host] PHASE 2: All bidder_prove operations completed for 3 bidders
[2025-10-22 10:41:57] (+35.70 mins | took: 0.00 mins)  [host] PHASE 3: Auctioneer Verify - Verifying all evaluation proofs and receipts...
[2025-10-22 10:41:57] (+35.70 mins | took: 0.00 mins)  [(auctioneer)-host] PHASE 3: Auctioneer Verify - Verifying all evaluation proofs and receipts from all bidders...
[2025-10-22 10:41:57] (+35.70 mins | took: 0.00 mins)  [(auctioneer)-host] Verifying 2 results for bidder: Alice
[2025-10-22 10:41:57] (+35.70 mins | took: 0.00 mins)  [(auctioneer)-host] Verifying result 1 for bidder Alice vs Oscar
[2025-10-22 10:41:57] (+35.70 mins | took: 0.00 mins)  [(auctioneer)-host] Verifying receipt for Alice result 1 vs Oscar
[2025-10-22 10:41:57] (+35.70 mins | took: 0.00 mins)  [(auctioneer)-host] ✅ Receipt verification PASSED for Alice result 1 vs Oscar
[2025-10-22 10:41:57] (+35.70 mins | took: 0.00 mins)  [(auctioneer)-host] Verifying proof_eval for Alice vs Oscar
[2025-10-22 10:41:57] (+35.70 mins | took: 0.00 mins)  [(auctioneer)-host] n_i = 1209689659097625762575602542827676575222857533851689680340378044278636432098442039243116045705854144599006560036959586274674842012223241700634053404178330104673057069676421960518380002044641402952033123167535944553278309095062957565685113180187136445725423574463945056289942305587550350203342326307260505500320804426645955566919036410912441818289143750216969217502433175903612499738456566337215896647029580494283120322114049803844821893135602400499446546846535773
[2025-10-22 10:41:57] (+35.70 mins | took: 0.00 mins)  [(auctioneer)-host] n_j_from_proof = 1209689659097625762575602542827676575222857533851689680340378044278636432098442039243116045705854144599006560036959586274674842012223241700634053404178330104673057069676421960518380002044641402952033123167535944553278309095062957565685113180187136445725423574463945056289942305587550350203342326307260505500320804426645955566919036410912441818289143750216969217502433175903612499738456566337215896647029580494283120322114049803844821893135602400499446546846535773
[2025-10-22 10:41:57] (+35.70 mins | took: 0.00 mins)  [(auctioneer)-host] proof_eval verification passed.
[2025-10-22 10:41:57] (+35.70 mins | took: 0.00 mins)  [(auctioneer)-host] ✅ Verification PASSED for Alice result 1 vs Oscar
[2025-10-22 10:41:57] (+35.70 mins | took: 0.00 mins)  [(auctioneer)-host] Verifying result 2 for bidder Alice vs Bob
[2025-10-22 10:41:57] (+35.70 mins | took: 0.00 mins)  [(auctioneer)-host] Verifying receipt for Alice result 2 vs Bob
[2025-10-22 10:41:57] (+35.70 mins | took: 0.00 mins)  [(auctioneer)-host] ✅ Receipt verification PASSED for Alice result 2 vs Bob
[2025-10-22 10:41:57] (+35.70 mins | took: 0.00 mins)  [(auctioneer)-host] Verifying proof_eval for Alice vs Bob
[2025-10-22 10:41:57] (+35.70 mins | took: 0.00 mins)  [(auctioneer)-host] n_i = 1209689659097625762575602542827676575222857533851689680340378044278636432098442039243116045705854144599006560036959586274674842012223241700634053404178330104673057069676421960518380002044641402952033123167535944553278309095062957565685113180187136445725423574463945056289942305587550350203342326307260505500320804426645955566919036410912441818289143750216969217502433175903612499738456566337215896647029580494283120322114049803844821893135602400499446546846535773
[2025-10-22 10:41:57] (+35.70 mins | took: 0.00 mins)  [(auctioneer)-host] n_j_from_proof = 1209689659097625762575602542827676575222857533851689680340378044278636432098442039243116045705854144599006560036959586274674842012223241700634053404178330104673057069676421960518380002044641402952033123167535944553278309095062957565685113180187136445725423574463945056289942305587550350203342326307260505500320804426645955566919036410912441818289143750216969217502433175903612499738456566337215896647029580494283120322114049803844821893135602400499446546846535773
[2025-10-22 10:41:57] (+35.70 mins | took: 0.00 mins)  [(auctioneer)-host] proof_eval verification passed.
[2025-10-22 10:41:57] (+35.70 mins | took: 0.00 mins)  [(auctioneer)-host] ✅ Verification PASSED for Alice result 2 vs Bob
[2025-10-22 10:41:57] (+35.70 mins | took: 0.00 mins)  [(auctioneer)-host] Verifying 2 results for bidder: Oscar
[2025-10-22 10:41:57] (+35.70 mins | took: 0.00 mins)  [(auctioneer)-host] Verifying result 1 for bidder Oscar vs Bob
[2025-10-22 10:41:57] (+35.70 mins | took: 0.00 mins)  [(auctioneer)-host] Verifying receipt for Oscar result 1 vs Bob
[2025-10-22 10:41:57] (+35.70 mins | took: 0.00 mins)  [(auctioneer)-host] ✅ Receipt verification PASSED for Oscar result 1 vs Bob
[2025-10-22 10:41:57] (+35.70 mins | took: 0.00 mins)  [(auctioneer)-host] Verifying proof_eval for Oscar vs Bob
[2025-10-22 10:41:57] (+35.70 mins | took: 0.00 mins)  [(auctioneer)-host] n_i = 1206777938869256178084941922563247839322285000635637844727827616125604162277711880115118150502176928716319330126139077296156454098340567371442226405422080605636626346429744943394374925107354429590355961360272645718752788442828861083245897880049520006736655500875627777672852444876686428914955774830462339975442290596751859285480417313201913588428136001849089772428675948345318337281687590817510216910417249523446574644995996363005226848911452996903144316236905377
[2025-10-22 10:41:57] (+35.70 mins | took: 0.00 mins)  [(auctioneer)-host] n_j_from_proof = 1206777938869256178084941922563247839322285000635637844727827616125604162277711880115118150502176928716319330126139077296156454098340567371442226405422080605636626346429744943394374925107354429590355961360272645718752788442828861083245897880049520006736655500875627777672852444876686428914955774830462339975442290596751859285480417313201913588428136001849089772428675948345318337281687590817510216910417249523446574644995996363005226848911452996903144316236905377
[2025-10-22 10:41:57] (+35.70 mins | took: 0.00 mins)  
[2025-10-22 10:41:57] (+35.70 mins | took: 0.00 mins)  thread 'main' panicked at core/src/gm.rs:87:5:
[2025-10-22 10:41:57] (+35.70 mins | took: 0.00 mins)  assertion failed: r >= BigInt::zero() && r < *n
[2025-10-22 10:41:57] (+35.70 mins | took: 0.00 mins)  stack backtrace:
[2025-10-22 10:41:57] (+35.70 mins | took: 0.00 mins)     0:     0x559d17a1a0e2 - <std::sys::backtrace::BacktraceLock::print::DisplayBacktrace as core::fmt::Display>::fmt::hdcfcb6d4c8489523
[2025-10-22 10:41:57] (+35.70 mins | took: 0.00 mins)     1:     0x559d17a41e63 - core::fmt::write::h8a494366950f23bb
[2025-10-22 10:41:57] (+35.70 mins | took: 0.00 mins)     2:     0x559d17a169e3 - std::io::Write::write_fmt::h6556609fca33d0b1
[2025-10-22 10:41:57] (+35.70 mins | took: 0.00 mins)     3:     0x559d17a19f32 - std::sys::backtrace::BacktraceLock::print::hb2a626a81e06b2dc
[2025-10-22 10:41:57] (+35.70 mins | took: 0.00 mins)     4:     0x559d17a1b163 - std::panicking::default_hook::{{closure}}::h4f78485264f12d10
[2025-10-22 10:41:57] (+35.70 mins | took: 0.00 mins)     5:     0x559d17a1af45 - std::panicking::default_hook::h2c66fc99e962531d
[2025-10-22 10:41:57] (+35.70 mins | took: 0.00 mins)     6:     0x559d17a1bb75 - std::panicking::rust_panic_with_hook::h33ac55f64bbd807d
[2025-10-22 10:41:57] (+35.70 mins | took: 0.00 mins)     7:     0x559d17a1b8d6 - std::panicking::begin_panic_handler::{{closure}}::h30e7cb89678a57fe
[2025-10-22 10:41:57] (+35.70 mins | took: 0.00 mins)     8:     0x559d17a1a5e9 - std::sys::backtrace::__rust_end_short_backtrace::hed60f27456c16ced
[2025-10-22 10:41:57] (+35.70 mins | took: 0.00 mins)     9:     0x559d17a1b59d - __rustc[de2ca18b4c54d5b8]::rust_begin_unwind
[2025-10-22 10:41:57] (+35.70 mins | took: 0.00 mins)    10:     0x559d17a3fc70 - core::panicking::panic_fmt::h62f63d096dd276af
[2025-10-22 10:41:57] (+35.70 mins | took: 0.00 mins)    11:     0x559d17a3fcfc - core::panicking::panic::h89a5f2df32b0508a
[2025-10-22 10:41:57] (+35.70 mins | took: 0.00 mins)    12:     0x559d177c9295 - zk_auctions_core::gm::encrypt_bit_gm_coin::h81506600ed9bd837
[2025-10-22 10:41:57] (+35.70 mins | took: 0.00 mins)    13:     0x559d177d55df - <zk_auctions_core::protocols::strain::auctioneer::Auctioneer as zk_auctions_core::protocols::strain::auctioneer::StrainAuctioneer>::verify_eval::he935104a8f7bc5fc
[2025-10-22 10:41:57] (+35.70 mins | took: 0.00 mins)    14:     0x559d1778ee8a - zk_auctions::run_n_bidders_example::he85259be85007424
[2025-10-22 10:41:57] (+35.70 mins | took: 0.00 mins)    15:     0x559d17792ace - zk_auctions::main::hb091adefd5b0f642
[2025-10-22 10:41:57] (+35.70 mins | took: 0.00 mins)    16:     0x559d177b4d73 - std::sys::backtrace::__rust_begin_short_backtrace::h9061e530fbcdd265
[2025-10-22 10:41:57] (+35.70 mins | took: 0.00 mins)    17:     0x559d177c11a9 - std::rt::lang_start::{{closure}}::h0fcc048e9a9bacfc
[2025-10-22 10:41:57] (+35.70 mins | took: 0.00 mins)    18:     0x559d17a0f2c0 - std::rt::lang_start_internal::h34f9328d113fd60a
[2025-10-22 10:41:57] (+35.70 mins | took: 0.00 mins)    19:     0x559d17792c45 - main
[2025-10-22 10:41:57] (+35.70 mins | took: 0.00 mins)    20:     0x7f77a0027675 - <unknown>
[2025-10-22 10:41:57] (+35.70 mins | took: 0.00 mins)    21:     0x7f77a0027729 - __libc_start_main
[2025-10-22 10:41:57] (+35.70 mins | took: 0.00 mins)    22:     0x559d17785285 - _start
[2025-10-22 10:41:57] (+35.70 mins | took: 0.00 mins)    23:                0x0 - <unknown>
[2025-10-22 10:41:57] (+35.70 mins | took: 0.00 mins)  [(auctioneer)-host] ❌ Verification FAILED for Oscar result 1 vs Bob
[2025-10-22 10:41:57] (+35.70 mins | took: 0.00 mins)  [(auctioneer)-host] Verifying result 2 for bidder Oscar vs Alice
[2025-10-22 10:41:57] (+35.70 mins | took: 0.00 mins)  [(auctioneer)-host] Verifying receipt for Oscar result 2 vs Alice
[2025-10-22 10:41:57] (+35.70 mins | took: 0.00 mins)  [(auctioneer)-host] ✅ Receipt verification PASSED for Oscar result 2 vs Alice
[2025-10-22 10:41:57] (+35.70 mins | took: 0.00 mins)  [(auctioneer)-host] Verifying proof_eval for Oscar vs Alice
[2025-10-22 10:41:57] (+35.70 mins | took: 0.00 mins)  [(auctioneer)-host] n_i = 1206777938869256178084941922563247839322285000635637844727827616125604162277711880115118150502176928716319330126139077296156454098340567371442226405422080605636626346429744943394374925107354429590355961360272645718752788442828861083245897880049520006736655500875627777672852444876686428914955774830462339975442290596751859285480417313201913588428136001849089772428675948345318337281687590817510216910417249523446574644995996363005226848911452996903144316236905377
[2025-10-22 10:41:57] (+35.70 mins | took: 0.00 mins)  [(auctioneer)-host] n_j_from_proof = 1206777938869256178084941922563247839322285000635637844727827616125604162277711880115118150502176928716319330126139077296156454098340567371442226405422080605636626346429744943394374925107354429590355961360272645718752788442828861083245897880049520006736655500875627777672852444876686428914955774830462339975442290596751859285480417313201913588428136001849089772428675948345318337281687590817510216910417249523446574644995996363005226848911452996903144316236905377
[2025-10-22 10:41:57] (+35.70 mins | took: 0.00 mins)  [(auctioneer)-host] proof_eval verification passed.
[2025-10-22 10:41:57] (+35.70 mins | took: 0.00 mins)  [(auctioneer)-host] ✅ Verification PASSED for Oscar result 2 vs Alice
[2025-10-22 10:41:57] (+35.70 mins | took: 0.00 mins)  [(auctioneer)-host] Verifying 2 results for bidder: Bob
[2025-10-22 10:41:57] (+35.70 mins | took: 0.00 mins)  [(auctioneer)-host] Verifying result 1 for bidder Bob vs Alice
[2025-10-22 10:41:57] (+35.70 mins | took: 0.00 mins)  [(auctioneer)-host] Verifying receipt for Bob result 1 vs Alice
[2025-10-22 10:41:57] (+35.70 mins | took: 0.00 mins)  [(auctioneer)-host] ✅ Receipt verification PASSED for Bob result 1 vs Alice
[2025-10-22 10:41:57] (+35.70 mins | took: 0.00 mins)  [(auctioneer)-host] Verifying proof_eval for Bob vs Alice
[2025-10-22 10:41:57] (+35.70 mins | took: 0.00 mins)  [(auctioneer)-host] n_i = 1207372135970317782519593345828810596174892996985066004697929514125584302605988683928961625197236200037236095163628404445551722563159987924694384261524387485294229077630492629271253622155113611838845893587922213138478852137279253861534122391885212823053644797819852586314587838461134732009125692372159851677053513920363776455862744726971862665576080226966136983675825812910065232160247986098932143029670436773857334255128259721007618664099378029383416534117499681
[2025-10-22 10:41:57] (+35.70 mins | took: 0.00 mins)  [(auctioneer)-host] n_j_from_proof = 1207372135970317782519593345828810596174892996985066004697929514125584302605988683928961625197236200037236095163628404445551722563159987924694384261524387485294229077630492629271253622155113611838845893587922213138478852137279253861534122391885212823053644797819852586314587838461134732009125692372159851677053513920363776455862744726971862665576080226966136983675825812910065232160247986098932143029670436773857334255128259721007618664099378029383416534117499681
[2025-10-22 10:41:57] (+35.70 mins | took: 0.00 mins)  
[2025-10-22 10:41:57] (+35.70 mins | took: 0.00 mins)  thread 'main' panicked at core/src/gm.rs:87:5:
[2025-10-22 10:41:57] (+35.70 mins | took: 0.00 mins)  assertion failed: r >= BigInt::zero() && r < *n
[2025-10-22 10:41:57] (+35.70 mins | took: 0.00 mins)  stack backtrace:
[2025-10-22 10:41:57] (+35.70 mins | took: 0.00 mins)     0:     0x559d17a1a0e2 - <std::sys::backtrace::BacktraceLock::print::DisplayBacktrace as core::fmt::Display>::fmt::hdcfcb6d4c8489523
[2025-10-22 10:41:57] (+35.70 mins | took: 0.00 mins)     1:     0x559d17a41e63 - core::fmt::write::h8a494366950f23bb
[2025-10-22 10:41:57] (+35.70 mins | took: 0.00 mins)     2:     0x559d17a169e3 - std::io::Write::write_fmt::h6556609fca33d0b1
[2025-10-22 10:41:57] (+35.70 mins | took: 0.00 mins)     3:     0x559d17a19f32 - std::sys::backtrace::BacktraceLock::print::hb2a626a81e06b2dc
[2025-10-22 10:41:57] (+35.70 mins | took: 0.00 mins)     4:     0x559d17a1b163 - std::panicking::default_hook::{{closure}}::h4f78485264f12d10
[2025-10-22 10:41:57] (+35.70 mins | took: 0.00 mins)     5:     0x559d17a1af45 - std::panicking::default_hook::h2c66fc99e962531d
[2025-10-22 10:41:57] (+35.70 mins | took: 0.00 mins)     6:     0x559d17a1bb75 - std::panicking::rust_panic_with_hook::h33ac55f64bbd807d
[2025-10-22 10:41:57] (+35.70 mins | took: 0.00 mins)     7:     0x559d17a1b8d6 - std::panicking::begin_panic_handler::{{closure}}::h30e7cb89678a57fe
[2025-10-22 10:41:57] (+35.70 mins | took: 0.00 mins)     8:     0x559d17a1a5e9 - std::sys::backtrace::__rust_end_short_backtrace::hed60f27456c16ced
[2025-10-22 10:41:57] (+35.70 mins | took: 0.00 mins)     9:     0x559d17a1b59d - __rustc[de2ca18b4c54d5b8]::rust_begin_unwind
[2025-10-22 10:41:57] (+35.70 mins | took: 0.00 mins)    10:     0x559d17a3fc70 - core::panicking::panic_fmt::h62f63d096dd276af
[2025-10-22 10:41:57] (+35.70 mins | took: 0.00 mins)    11:     0x559d17a3fcfc - core::panicking::panic::h89a5f2df32b0508a
[2025-10-22 10:41:57] (+35.70 mins | took: 0.00 mins)    12:     0x559d177c9295 - zk_auctions_core::gm::encrypt_bit_gm_coin::h81506600ed9bd837
[2025-10-22 10:41:57] (+35.70 mins | took: 0.00 mins)    13:     0x559d177d55df - <zk_auctions_core::protocols::strain::auctioneer::Auctioneer as zk_auctions_core::protocols::strain::auctioneer::StrainAuctioneer>::verify_eval::he935104a8f7bc5fc
[2025-10-22 10:41:57] (+35.70 mins | took: 0.00 mins)    14:     0x559d1778ee8a - zk_auctions::run_n_bidders_example::he85259be85007424
[2025-10-22 10:41:57] (+35.70 mins | took: 0.00 mins)    15:     0x559d17792ace - zk_auctions::main::hb091adefd5b0f642
[2025-10-22 10:41:57] (+35.70 mins | took: 0.00 mins)    16:     0x559d177b4d73 - std::sys::backtrace::__rust_begin_short_backtrace::h9061e530fbcdd265
[2025-10-22 10:41:57] (+35.70 mins | took: 0.00 mins)    17:     0x559d177c11a9 - std::rt::lang_start::{{closure}}::h0fcc048e9a9bacfc
[2025-10-22 10:41:57] (+35.70 mins | took: 0.00 mins)    18:     0x559d17a0f2c0 - std::rt::lang_start_internal::h34f9328d113fd60a
[2025-10-22 10:41:57] (+35.70 mins | took: 0.00 mins)    19:     0x559d17792c45 - main
[2025-10-22 10:41:57] (+35.70 mins | took: 0.00 mins)    20:     0x7f77a0027675 - <unknown>
[2025-10-22 10:41:57] (+35.70 mins | took: 0.00 mins)    21:     0x7f77a0027729 - __libc_start_main
[2025-10-22 10:41:57] (+35.70 mins | took: 0.00 mins)    22:     0x559d17785285 - _start
[2025-10-22 10:41:57] (+35.70 mins | took: 0.00 mins)    23:                0x0 - <unknown>
[2025-10-22 10:41:57] (+35.70 mins | took: 0.00 mins)  [(auctioneer)-host] ❌ Verification FAILED for Bob result 1 vs Alice
[2025-10-22 10:41:57] (+35.70 mins | took: 0.00 mins)  [(auctioneer)-host] Verifying result 2 for bidder Bob vs Oscar
[2025-10-22 10:41:57] (+35.70 mins | took: 0.00 mins)  [(auctioneer)-host] Verifying receipt for Bob result 2 vs Oscar
[2025-10-22 10:41:57] (+35.70 mins | took: 0.00 mins)  [(auctioneer)-host] ✅ Receipt verification PASSED for Bob result 2 vs Oscar
[2025-10-22 10:41:57] (+35.70 mins | took: 0.00 mins)  [(auctioneer)-host] Verifying proof_eval for Bob vs Oscar
[2025-10-22 10:41:57] (+35.70 mins | took: 0.00 mins)  [(auctioneer)-host] n_i = 1207372135970317782519593345828810596174892996985066004697929514125584302605988683928961625197236200037236095163628404445551722563159987924694384261524387485294229077630492629271253622155113611838845893587922213138478852137279253861534122391885212823053644797819852586314587838461134732009125692372159851677053513920363776455862744726971862665576080226966136983675825812910065232160247986098932143029670436773857334255128259721007618664099378029383416534117499681
[2025-10-22 10:41:57] (+35.70 mins | took: 0.00 mins)  [(auctioneer)-host] n_j_from_proof = 1207372135970317782519593345828810596174892996985066004697929514125584302605988683928961625197236200037236095163628404445551722563159987924694384261524387485294229077630492629271253622155113611838845893587922213138478852137279253861534122391885212823053644797819852586314587838461134732009125692372159851677053513920363776455862744726971862665576080226966136983675825812910065232160247986098932143029670436773857334255128259721007618664099378029383416534117499681
[2025-10-22 10:41:57] (+35.70 mins | took: 0.00 mins)  [(auctioneer)-host] proof_eval verification passed.
[2025-10-22 10:41:57] (+35.70 mins | took: 0.00 mins)  [(auctioneer)-host] ✅ Verification PASSED for Bob result 2 vs Oscar
[2025-10-22 10:41:57] (+35.70 mins | took: 0.00 mins)  [(auctioneer)-host] ❌ Some auctioneer verifications FAILED - Stopping protocol
[2025-10-22 10:41:57] (+35.70 mins | took: 0.00 mins)  [host] Protocol stopped due to verification failures
