[2025-10-16 17:10:29] (+0.00 mins | took: 0.00 mins)     Compiling zk-auctions-methods v0.1.0 (/home/iskander/Projects/zk-auctions-archive/methods)
[2025-10-16 17:10:29] (+0.00 mins | took: 0.00 mins)     Compiling zk-auctions v0.1.0 (/home/iskander/Projects/zk-auctions-archive)
[2025-10-16 17:10:29] (+0.00 mins | took: 0.00 mins)  warning: unused import: `RandBigInt`
[2025-10-16 17:10:29] (+0.00 mins | took: 0.00 mins)   --> src/main.rs:8:26
[2025-10-16 17:10:29] (+0.00 mins | took: 0.00 mins)    |
[2025-10-16 17:10:29] (+0.00 mins | took: 0.00 mins)  8 | use num_bigint::{BigInt, RandBigInt};
[2025-10-16 17:10:29] (+0.00 mins | took: 0.00 mins)    |                          ^^^^^^^^^^
[2025-10-16 17:10:29] (+0.00 mins | took: 0.00 mins)    |
[2025-10-16 17:10:29] (+0.00 mins | took: 0.00 mins)    = note: `#[warn(unused_imports)]` on by default
[2025-10-16 17:10:29] (+0.00 mins | took: 0.00 mins)  
[2025-10-16 17:10:30] (+0.02 mins | took: 0.02 mins)  warning: unused variable: `rng`
[2025-10-16 17:10:30] (+0.02 mins | took: 0.00 mins)    --> src/main.rs:24:13
[2025-10-16 17:10:30] (+0.02 mins | took: 0.00 mins)     |
[2025-10-16 17:10:30] (+0.02 mins | took: 0.00 mins)  24 |     let mut rng = rand::thread_rng();
[2025-10-16 17:10:30] (+0.02 mins | took: 0.00 mins)     |             ^^^ help: if this is intentional, prefix it with an underscore: `_rng`
[2025-10-16 17:10:30] (+0.02 mins | took: 0.00 mins)     |
[2025-10-16 17:10:30] (+0.02 mins | took: 0.00 mins)     = note: `#[warn(unused_variables)]` on by default
[2025-10-16 17:10:30] (+0.02 mins | took: 0.00 mins)  
[2025-10-16 17:10:30] (+0.02 mins | took: 0.00 mins)  warning: unused variable: `proof_shuffle`
[2025-10-16 17:10:30] (+0.02 mins | took: 0.00 mins)    --> src/main.rs:93:64
[2025-10-16 17:10:30] (+0.02 mins | took: 0.00 mins)     |
[2025-10-16 17:10:30] (+0.02 mins | took: 0.00 mins)  93 |     let (n_j, proof_enc, (proof_dlog, y_j, y_pow_r, z_pow_r), (proof_shuffle, res)): (
[2025-10-16 17:10:30] (+0.02 mins | took: 0.00 mins)     |                                                                ^^^^^^^^^^^^^ help: if this is intentional, prefix it with an underscore: `_proof_shuffle`
[2025-10-16 17:10:30] (+0.02 mins | took: 0.00 mins)  
[2025-10-16 17:10:30] (+0.02 mins | took: 0.00 mins)  warning: variable does not need to be mutable
[2025-10-16 17:10:30] (+0.02 mins | took: 0.00 mins)    --> src/main.rs:24:9
[2025-10-16 17:10:30] (+0.02 mins | took: 0.00 mins)     |
[2025-10-16 17:10:30] (+0.02 mins | took: 0.00 mins)  24 |     let mut rng = rand::thread_rng();
[2025-10-16 17:10:30] (+0.02 mins | took: 0.00 mins)     |         ----^^^
[2025-10-16 17:10:30] (+0.02 mins | took: 0.00 mins)     |         |
[2025-10-16 17:10:30] (+0.02 mins | took: 0.00 mins)     |         help: remove this `mut`
[2025-10-16 17:10:30] (+0.02 mins | took: 0.00 mins)     |
[2025-10-16 17:10:30] (+0.02 mins | took: 0.00 mins)     = note: `#[warn(unused_mut)]` on by default
[2025-10-16 17:10:30] (+0.02 mins | took: 0.00 mins)  
[2025-10-16 17:10:30] (+0.02 mins | took: 0.00 mins)  warning: function `verify_eval` is never used
[2025-10-16 17:10:30] (+0.02 mins | took: 0.00 mins)     --> src/main.rs:159:4
[2025-10-16 17:10:30] (+0.02 mins | took: 0.00 mins)      |
[2025-10-16 17:10:30] (+0.02 mins | took: 0.00 mins)  159 | fn verify_eval(
[2025-10-16 17:10:30] (+0.02 mins | took: 0.00 mins)      |    ^^^^^^^^^^^
[2025-10-16 17:10:30] (+0.02 mins | took: 0.00 mins)      |
[2025-10-16 17:10:30] (+0.02 mins | took: 0.00 mins)      = note: `#[warn(dead_code)]` on by default
[2025-10-16 17:10:30] (+0.02 mins | took: 0.00 mins)  
[2025-10-16 17:10:30] (+0.02 mins | took: 0.00 mins)  warning: function `verify_shuffle` is never used
[2025-10-16 17:10:30] (+0.02 mins | took: 0.00 mins)     --> src/main.rs:240:4
[2025-10-16 17:10:30] (+0.02 mins | took: 0.00 mins)      |
[2025-10-16 17:10:30] (+0.02 mins | took: 0.00 mins)  240 | fn verify_shuffle(proof: &HashMap<u32, StrainProof>, n2: &BigInt, res: &[Vec<BigInt>]) -> bool {
[2025-10-16 17:10:30] (+0.02 mins | took: 0.00 mins)      |    ^^^^^^^^^^^^^^
[2025-10-16 17:10:30] (+0.02 mins | took: 0.00 mins)  
[2025-10-16 17:10:31] (+0.03 mins | took: 0.02 mins)  warning: `zk-auctions` (bin "zk-auctions") generated 6 warnings (run `cargo fix --bin "zk-auctions"` to apply 2 suggestions)
[2025-10-16 17:10:31] (+0.03 mins | took: 0.00 mins)      Finished `release` profile [optimized] target(s) in 2.01s
[2025-10-16 17:10:31] (+0.03 mins | took: 0.00 mins)       Running `target/release/zk-auctions`
[2025-10-16 17:10:31] (+0.03 mins | took: 0.00 mins)  [DEBUG] Public key n_i = 1207217550054004094311326852704797742261636425691307853349635188061926715044102536732751090237606270774797702213968242939084347155999977083168226527114000330675932652087251205646940544954155312820897683556243736719148887760754958815956554719905783961952350292629168049879960268078884215546256659478572186305561302033601432912823500195299169219306467449897425107669920285119538023321459281639992825498082972445394862611693864936093932754519850082878209426324780441
[2025-10-16 17:10:31] (+0.03 mins | took: 0.00 mins)  [DEBUG] First bidder's bid v_i = 1595375260
[2025-10-16 17:10:31] (+0.03 mins | took: 0.00 mins)  [DEBUG] First bidder's encrypted value c_i (len=32)
[2025-10-16 17:10:31] (+0.03 mins | took: 0.00 mins)  [DEBUG] sound_param = 40 sigma = 40
[2025-10-16 17:10:31] (+0.03 mins | took: 0.00 mins)  [DEBUG] Building ExecutorEnv...
[2025-10-16 17:10:31] (+0.03 mins | took: 0.00 mins)  [DEBUG] ExecutorEnv built successfully.
[2025-10-16 17:10:31] (+0.03 mins | took: 0.00 mins)  [DEBUG] Running zkVM (prove)...
[2025-10-16 17:10:31] (+0.03 mins | took: 0.00 mins)  WARNING: proving in dev mode. This will not generate valid, secure proofs.
[2025-10-16 17:10:31] (+0.03 mins | took: 0.00 mins)  [zkvm-guest] Starting main function
[2025-10-16 17:10:31] (+0.03 mins | took: 0.00 mins)  [zkvm-guest] Generating keys_j
[2025-10-16 17:16:18] (+5.82 mins | took: 5.78 mins)  [zkvm-guest] Keys generated, n_j bit length: 1536
[2025-10-16 17:16:18] (+5.82 mins | took: 0.00 mins)  [zkvm-guest] Second bidder's bid v_j = 219134682
[2025-10-16 17:16:18] (+5.82 mins | took: 0.00 mins)  [zkvm-guest] Reading inputs from environment
[2025-10-16 17:16:18] (+5.82 mins | took: 0.00 mins)  [zkvm-guest] Read c_i (len: 32), n_i (bits: 1536), r_i (len: 32)
[2025-10-16 17:16:18] (+5.82 mins | took: 0.00 mins)  [zkvm-guest] Read sigma and sound_param: 40
[2025-10-16 17:16:29] (+6.00 mins | took: 0.18 mins)  [zkvm-guest] Read random values
[2025-10-16 17:16:29] (+6.00 mins | took: 0.00 mins)  [zkvm-guest] Computing proof_eval
[2025-10-16 17:23:07] (+12.63 mins | took: 6.63 mins)  [zkvm-guest] proof_eval completed
[2025-10-16 17:23:07] (+12.63 mins | took: 0.00 mins)  [zkvm-guest] Computing proof_enc
[2025-10-16 17:29:09] (+18.67 mins | took: 6.03 mins)  [zkvm-guest] proof_enc completed
[2025-10-16 17:29:09] (+18.67 mins | took: 0.00 mins)  [zkvm-guest] Computing proof_dlog
[2025-10-16 17:40:19] (+29.83 mins | took: 11.17 mins)  [zkvm-guest] proof_dlog completed
[2025-10-16 17:40:19] (+29.83 mins | took: 0.00 mins)  [zkvm-guest] Computing gm_eval_honest
[2025-10-16 17:47:30] (+37.02 mins | took: 7.18 mins)  [zkvm-guest] gm_eval_honest completed, res length: 32
[2025-10-16 17:47:30] (+37.02 mins | took: 0.00 mins)  [zkvm-guest] Using empty proof_shuffle
[2025-10-16 17:47:30] (+37.02 mins | took: 0.00 mins)  [zkvm-guest] Writing private data
[2025-10-16 17:47:41] (+37.20 mins | took: 0.18 mins)  [zkvm-guest] Committing public results
[2025-10-16 17:47:44] (+37.25 mins | took: 0.05 mins)  [zkvm-guest] Main function completed successfully
[2025-10-16 17:47:45] (+37.27 mins | took: 0.02 mins)  WARNING: Proving in dev mode does not generate a valid receipt. Receipts generated from this process are invalid and should never be used in production.
[2025-10-16 17:47:45] (+37.27 mins | took: 0.00 mins)  [DEBUG] zkVM proof generated. Verifying...
[2025-10-16 17:47:45] (+37.27 mins | took: 0.00 mins)  [DEBUG] zkVM proof verified.
[2025-10-16 17:47:45] (+37.27 mins | took: 0.00 mins)  [DEBUG] Reading private output...
[2025-10-16 17:47:45] (+37.27 mins | took: 0.00 mins)  [DEBUG] Private output deserialization successful.
[2025-10-16 17:47:45] (+37.27 mins | took: 0.00 mins)  [DEBUG] Decoding public results from journal...
[2025-10-16 17:47:45] (+37.27 mins | took: 0.00 mins)  [DEBUG] Got n_j = 1209613561797656048322923885508706487281937906732039881652047489527441271931828640226055905329382020341513642283068470998431385812045375493015741466938419193728727965753833318937642475069904708875920581291630206270057264494840600016809238950677749544231429325311241890871462349741737377123565589305475434657699760333298041459781461750975330845084098951667796748477882323288028444991149695082315919665502363460728504849875594995333856546208626637464929926418096337
[2025-10-16 17:47:45] (+37.27 mins | took: 0.00 mins)  [DEBUG] Verifying proof_eval...
[2025-10-16 17:47:45] (+37.27 mins | took: 0.00 mins)  [DEBUG] proof_eval verification passed.
[2025-10-16 17:47:45] (+37.27 mins | took: 0.00 mins)  [DEBUG] Verifying proof_enc...
[2025-10-16 17:47:45] (+37.27 mins | took: 0.00 mins)  [DEBUG] proof_enc verification passed.
[2025-10-16 17:47:45] (+37.27 mins | took: 0.00 mins)  [DEBUG] Verifying dlog proof...
[2025-10-16 17:47:46] (+37.28 mins | took: 0.02 mins)  [DEBUG] dlog proof verification passed.
[2025-10-16 17:47:46] (+37.28 mins | took: 0.00 mins)  The second bidder's bid is greater than the first bidder's bid.
