[2025-10-23 17:47:03] (+0.02 mins | took: 0.00 mins)     Compiling zk-auctions-methods v0.1.0 (/home/iskander/Projects/zk-auctions-archive/methods)
[2025-10-23 17:47:03] (+0.02 mins | took: 0.00 mins)  warning: unused variable: `cipher_i_and`
[2025-10-23 17:47:03] (+0.02 mins | took: 0.00 mins)     --> core/src/protocols/strain/bidder.rs:450:13
[2025-10-23 17:47:03] (+0.02 mins | took: 0.00 mins)      |
[2025-10-23 17:47:03] (+0.02 mins | took: 0.00 mins)  450 |         let cipher_i_and = embed_and(cipher_i, pub_key_j, rand1);
[2025-10-23 17:47:03] (+0.02 mins | took: 0.00 mins)      |             ^^^^^^^^^^^^ help: if this is intentional, prefix it with an underscore: `_cipher_i_and`
[2025-10-23 17:47:03] (+0.02 mins | took: 0.00 mins)      |
[2025-10-23 17:47:03] (+0.02 mins | took: 0.00 mins)      = note: `#[warn(unused_variables)]` on by default
[2025-10-23 17:47:03] (+0.02 mins | took: 0.00 mins)  
[2025-10-23 17:47:03] (+0.02 mins | took: 0.00 mins)  warning: unused variable: `number1`
[2025-10-23 17:47:03] (+0.02 mins | took: 0.00 mins)     --> core/src/protocols/strain/bidder.rs:435:9
[2025-10-23 17:47:03] (+0.02 mins | took: 0.00 mins)      |
[2025-10-23 17:47:03] (+0.02 mins | took: 0.00 mins)  435 |         number1: &BigInt,
[2025-10-23 17:47:03] (+0.02 mins | took: 0.00 mins)      |         ^^^^^^^ help: if this is intentional, prefix it with an underscore: `_number1`
[2025-10-23 17:47:03] (+0.02 mins | took: 0.00 mins)  
[2025-10-23 17:47:03] (+0.02 mins | took: 0.00 mins)  warning: field `soundness_params` is never read
[2025-10-23 17:47:03] (+0.02 mins | took: 0.00 mins)     --> core/src/protocols/strain/bidder.rs:139:5
[2025-10-23 17:47:03] (+0.02 mins | took: 0.00 mins)      |
[2025-10-23 17:47:03] (+0.02 mins | took: 0.00 mins)  137 | pub struct Bidder {
[2025-10-23 17:47:03] (+0.02 mins | took: 0.00 mins)      |            ------ field in this struct
[2025-10-23 17:47:03] (+0.02 mins | took: 0.00 mins)  138 |     config: StrainConfig,
[2025-10-23 17:47:03] (+0.02 mins | took: 0.00 mins)  139 |     soundness_params: StrainSecurityParams,
[2025-10-23 17:47:03] (+0.02 mins | took: 0.00 mins)      |     ^^^^^^^^^^^^^^^^
[2025-10-23 17:47:03] (+0.02 mins | took: 0.00 mins)      |
[2025-10-23 17:47:03] (+0.02 mins | took: 0.00 mins)      = note: `#[warn(dead_code)]` on by default
[2025-10-23 17:47:03] (+0.02 mins | took: 0.00 mins)  
[2025-10-23 17:47:03] (+0.02 mins | took: 0.00 mins)  warning: `zk-auctions-core` (lib) generated 3 warnings
[2025-10-23 17:47:04] (+0.03 mins | took: 0.02 mins)     Compiling zk-auctions v0.1.0 (/home/iskander/Projects/zk-auctions-archive)
[2025-10-23 17:47:04] (+0.03 mins | took: 0.00 mins)  warning: unused variable: `p_i`
[2025-10-23 17:47:04] (+0.03 mins | took: 0.00 mins)    --> src/host/mod.rs:81:23
[2025-10-23 17:47:04] (+0.03 mins | took: 0.00 mins)     |
[2025-10-23 17:47:04] (+0.03 mins | took: 0.00 mins)  81 |             let (n_i, p_i, q_i) = bidders_data.get(bidder_id).unwrap();
[2025-10-23 17:47:04] (+0.03 mins | took: 0.00 mins)     |                       ^^^ help: if this is intentional, prefix it with an underscore: `_p_i`
[2025-10-23 17:47:04] (+0.03 mins | took: 0.00 mins)     |
[2025-10-23 17:47:04] (+0.03 mins | took: 0.00 mins)     = note: `#[warn(unused_variables)]` on by default
[2025-10-23 17:47:04] (+0.03 mins | took: 0.00 mins)  
[2025-10-23 17:47:04] (+0.03 mins | took: 0.00 mins)  warning: unused variable: `q_i`
[2025-10-23 17:47:04] (+0.03 mins | took: 0.00 mins)    --> src/host/mod.rs:81:28
[2025-10-23 17:47:04] (+0.03 mins | took: 0.00 mins)     |
[2025-10-23 17:47:04] (+0.03 mins | took: 0.00 mins)  81 |             let (n_i, p_i, q_i) = bidders_data.get(bidder_id).unwrap();
[2025-10-23 17:47:04] (+0.03 mins | took: 0.00 mins)     |                            ^^^ help: if this is intentional, prefix it with an underscore: `_q_i`
[2025-10-23 17:47:04] (+0.03 mins | took: 0.00 mins)  
[2025-10-23 17:47:04] (+0.03 mins | took: 0.00 mins)  warning: unused variable: `v_i`
[2025-10-23 17:47:04] (+0.03 mins | took: 0.00 mins)     --> src/host/mod.rs:204:50
[2025-10-23 17:47:04] (+0.03 mins | took: 0.00 mins)      |
[2025-10-23 17:47:04] (+0.03 mins | took: 0.00 mins)  204 |                 let (bidder_i_id, n_i, c_i, r_i, v_i, p_i, q_i) = bidders[i].clone();
[2025-10-23 17:47:04] (+0.03 mins | took: 0.00 mins)      |                                                  ^^^ help: if this is intentional, prefix it with an underscore: `_v_i`
[2025-10-23 17:47:04] (+0.03 mins | took: 0.00 mins)  
[2025-10-23 17:47:04] (+0.03 mins | took: 0.00 mins)  warning: unused variable: `p_i`
[2025-10-23 17:47:04] (+0.03 mins | took: 0.00 mins)     --> src/host/mod.rs:204:55
[2025-10-23 17:47:04] (+0.03 mins | took: 0.00 mins)      |
[2025-10-23 17:47:04] (+0.03 mins | took: 0.00 mins)  204 |                 let (bidder_i_id, n_i, c_i, r_i, v_i, p_i, q_i) = bidders[i].clone();
[2025-10-23 17:47:04] (+0.03 mins | took: 0.00 mins)      |                                                       ^^^ help: if this is intentional, prefix it with an underscore: `_p_i`
[2025-10-23 17:47:04] (+0.03 mins | took: 0.00 mins)  
[2025-10-23 17:47:04] (+0.03 mins | took: 0.00 mins)  warning: unused variable: `q_i`
[2025-10-23 17:47:04] (+0.03 mins | took: 0.00 mins)     --> src/host/mod.rs:204:60
[2025-10-23 17:47:04] (+0.03 mins | took: 0.00 mins)      |
[2025-10-23 17:47:04] (+0.03 mins | took: 0.00 mins)  204 |                 let (bidder_i_id, n_i, c_i, r_i, v_i, p_i, q_i) = bidders[i].clone();
[2025-10-23 17:47:04] (+0.03 mins | took: 0.00 mins)      |                                                            ^^^ help: if this is intentional, prefix it with an underscore: `_q_i`
[2025-10-23 17:47:04] (+0.03 mins | took: 0.00 mins)  
[2025-10-23 17:47:04] (+0.03 mins | took: 0.00 mins)  warning: unused variable: `c_j`
[2025-10-23 17:47:04] (+0.03 mins | took: 0.00 mins)     --> src/host/mod.rs:205:40
[2025-10-23 17:47:04] (+0.03 mins | took: 0.00 mins)      |
[2025-10-23 17:47:04] (+0.03 mins | took: 0.00 mins)  205 |                 let (bidder_j_id, n_j, c_j, r_j, v_j, p_j, q_j) = bidders[j].clone();
[2025-10-23 17:47:04] (+0.03 mins | took: 0.00 mins)      |                                        ^^^ help: if this is intentional, prefix it with an underscore: `_c_j`
[2025-10-23 17:47:04] (+0.03 mins | took: 0.00 mins)  
[2025-10-23 17:47:04] (+0.03 mins | took: 0.00 mins)  warning: unused variable: `bidder_i_id`
[2025-10-23 17:47:04] (+0.03 mins | took: 0.00 mins)     --> src/host/mod.rs:243:27
[2025-10-23 17:47:04] (+0.03 mins | took: 0.00 mins)      |
[2025-10-23 17:47:04] (+0.03 mins | took: 0.00 mins)  243 |         let (bidder_j_id, bidder_i_id, result) = rx.recv().unwrap();
[2025-10-23 17:47:04] (+0.03 mins | took: 0.00 mins)      |                           ^^^^^^^^^^^ help: if this is intentional, prefix it with an underscore: `_bidder_i_id`
[2025-10-23 17:47:04] (+0.03 mins | took: 0.00 mins)  
[2025-10-23 17:47:04] (+0.03 mins | took: 0.00 mins)  warning: field `proof_shuffle` is never read
[2025-10-23 17:47:04] (+0.03 mins | took: 0.00 mins)    --> src/host/mod.rs:27:5
[2025-10-23 17:47:04] (+0.03 mins | took: 0.00 mins)     |
[2025-10-23 17:47:04] (+0.03 mins | took: 0.00 mins)  18 | pub struct BidderProveResult {
[2025-10-23 17:47:04] (+0.03 mins | took: 0.00 mins)     |            ----------------- field in this struct
[2025-10-23 17:47:04] (+0.03 mins | took: 0.00 mins)  ...
[2025-10-23 17:47:04] (+0.03 mins | took: 0.00 mins)  27 |     proof_shuffle: HashMap<u32, StrainProof>,
[2025-10-23 17:47:04] (+0.03 mins | took: 0.00 mins)     |     ^^^^^^^^^^^^^
[2025-10-23 17:47:04] (+0.03 mins | took: 0.00 mins)     |
[2025-10-23 17:47:04] (+0.03 mins | took: 0.00 mins)     = note: `BidderProveResult` has a derived impl for the trait `Clone`, but this is intentionally ignored during dead code analysis
[2025-10-23 17:47:04] (+0.03 mins | took: 0.00 mins)     = note: `#[warn(dead_code)]` on by default
[2025-10-23 17:47:04] (+0.03 mins | took: 0.00 mins)  
[2025-10-23 17:47:08] (+0.10 mins | took: 0.07 mins)  warning: `zk-auctions` (bin "zk-auctions") generated 8 warnings
[2025-10-23 17:47:08] (+0.10 mins | took: 0.00 mins)      Finished `release` profile [optimized] target(s) in 5.65s
[2025-10-23 17:47:08] (+0.10 mins | took: 0.00 mins)       Running `target/release/zk-auctions`
[2025-10-23 17:47:08] (+0.10 mins | took: 0.00 mins)  ==================================================================================
[2025-10-23 17:47:08] (+0.10 mins | took: 0.00 mins)  ZERO-KNOWLEDGE AUCTION PROTOCOL - 4 PHASE IMPLEMENTATION
[2025-10-23 17:47:08] (+0.10 mins | took: 0.00 mins)  ==================================================================================
[2025-10-23 17:47:08] (+0.10 mins | took: 0.00 mins)  This implementation follows a 4-phase zero-knowledge auction protocol:
[2025-10-23 17:47:08] (+0.10 mins | took: 0.00 mins)  
[2025-10-23 17:47:08] (+0.10 mins | took: 0.00 mins)  PHASE 1: BIDDERS JOIN
[2025-10-23 17:47:08] (+0.10 mins | took: 0.00 mins)    - Each bidder generates GM keypair and encrypts their bid
[2025-10-23 17:47:08] (+0.10 mins | took: 0.00 mins)    - Runs in parallel for efficiency
[2025-10-23 17:47:08] (+0.10 mins | took: 0.00 mins)    - Output: (n_j, c_j, r_j, (p_j, q_j)) for each bidder
[2025-10-23 17:47:08] (+0.10 mins | took: 0.00 mins)  
[2025-10-23 17:47:08] (+0.10 mins | took: 0.00 mins)  PHASE 2: BIDDER PROVE
[2025-10-23 17:47:08] (+0.10 mins | took: 0.00 mins)    - Each bidder 'j' runs bidder_prove against bidder 'i'
[2025-10-23 17:47:08] (+0.10 mins | took: 0.00 mins)    - 'j' = bidder running proof, 'i' = other bidder being compared
[2025-10-23 17:47:08] (+0.10 mins | took: 0.00 mins)    - Generates zero-knowledge proofs of bid validity
[2025-10-23 17:47:08] (+0.10 mins | took: 0.00 mins)  
[2025-10-23 17:47:08] (+0.10 mins | took: 0.00 mins)  PHASE 3: AUCTIONEER VERIFY
[2025-10-23 17:47:08] (+0.10 mins | took: 0.00 mins)    - Auctioneer verifies all proof_eval from all bidders
[2025-10-23 17:47:08] (+0.10 mins | took: 0.00 mins)    - Ensures all bidders provided valid zero-knowledge proofs
[2025-10-23 17:47:08] (+0.10 mins | took: 0.00 mins)    - Auctioneer acts as trusted verifier
[2025-10-23 17:47:08] (+0.10 mins | took: 0.00 mins)  
[2025-10-23 17:47:08] (+0.10 mins | took: 0.00 mins)  PHASE 4: BIDDER VERIFY ALL & WINNER DETERMINATION
[2025-10-23 17:47:08] (+0.10 mins | took: 0.00 mins)    - Each bidder verifies other bidders' proofs using bidder_verify_all
[2025-10-23 17:47:08] (+0.10 mins | took: 0.00 mins)    - Verifies proof_enc (encryption) and proof_dlog (discrete log)
[2025-10-23 17:47:08] (+0.10 mins | took: 0.00 mins)    - Ensures mutual verification between bidders
[2025-10-23 17:47:08] (+0.10 mins | took: 0.00 mins)    - Final bid comparison using compare_leq_honest
[2025-10-23 17:47:08] (+0.10 mins | took: 0.00 mins)    - Determines winner by comparing against all other bidders
[2025-10-23 17:47:08] (+0.10 mins | took: 0.00 mins)    - Runs in parallel for efficiency
[2025-10-23 17:47:08] (+0.10 mins | took: 0.00 mins)  ==================================================================================
[2025-10-23 17:47:08] (+0.10 mins | took: 0.00 mins)  Running Example 1: Two Bidders Example
[2025-10-23 17:47:08] (+0.10 mins | took: 0.00 mins)  [host] ==================================================================================
[2025-10-23 17:47:08] (+0.10 mins | took: 0.00 mins)  [host] PHASE 1: Bidders Join - Generating keys and encrypting bids...
[2025-10-23 17:47:08] (+0.10 mins | took: 0.00 mins)  [host] ==================================================================================
[2025-10-23 17:47:08] (+0.10 mins | took: 0.00 mins)  [host] Waiting for both bidders to complete...
[2025-10-23 17:47:08] (+0.10 mins | took: 0.00 mins)  [host] Starting bidder1 thread with bid v_i = 1500
[2025-10-23 17:47:08] (+0.10 mins | took: 0.00 mins)  [host] Starting bidder2 thread with bid v_j = 2000
[2025-10-23 17:47:08] (+0.10 mins | took: 0.00 mins)  [host] Starting mock_bidder_join for bidder: bidder2
[2025-10-23 17:47:08] (+0.10 mins | took: 0.00 mins)  [(bidder2)-host-bidder-join] Starting bidder join process
[2025-10-23 17:47:08] (+0.10 mins | took: 0.00 mins)  [host] Starting mock_bidder_join for bidder: bidder1
[2025-10-23 17:47:08] (+0.10 mins | took: 0.00 mins)  [(bidder1)-host-bidder-join] Starting bidder join process
[2025-10-23 17:47:08] (+0.10 mins | took: 0.00 mins)  [(bidder1)-host-bidder-join] Bid value: 1500
[2025-10-23 17:47:08] (+0.10 mins | took: 0.00 mins)  [(bidder1)-host-bidder-join] Generating GM keypair...
[2025-10-23 17:47:08] (+0.10 mins | took: 0.00 mins)  [(bidder2)-host-bidder-join] Bid value: 2000
[2025-10-23 17:47:08] (+0.10 mins | took: 0.00 mins)  [(bidder2)-host-bidder-join] Generating GM keypair...
[2025-10-23 17:47:08] (+0.10 mins | took: 0.00 mins)  [(bidder2)-host-bidder-join] Keypair generated successfully
[2025-10-23 17:47:08] (+0.10 mins | took: 0.00 mins)  [(bidder2)-host-bidder-join] Generating random values...
[2025-10-23 17:47:08] (+0.10 mins | took: 0.00 mins)  [(bidder2)-host-bidder-join] Random values generated
[2025-10-23 17:47:08] (+0.10 mins | took: 0.00 mins)  [(bidder2)-host-bidder-join] Encrypting bid value...
[2025-10-23 17:47:08] (+0.10 mins | took: 0.00 mins)  [(bidder2)-host-bidder-join] Bid value encrypted successfully
[2025-10-23 17:47:08] (+0.10 mins | took: 0.00 mins)  [(bidder2)-host-bidder-join] bidder bidder2 generated public key n_j = 1210645031168589009445720001205372421512555230629145674889062300463344207132033350645425459153095826321539899450655740208008288538636480105135248567813837345333010518235103345186696779233550472037212895865227750334944770732258517772312792124470066701974465845865235057887031585711098012443711403889552520368510879768677490753630549096972546330757191922479920739816464712983887295478766120346563215070764985129142381876366839707921528952727825196525044599738774813
[2025-10-23 17:47:08] (+0.10 mins | took: 0.00 mins)  [(bidder2)-host-bidder-join] bidder bidder2 encrypted value c_j (len=32)
[2025-10-23 17:47:08] (+0.10 mins | took: 0.00 mins)  [(bidder2)-host-bidder-join] bidder bidder2 joined successfully
[2025-10-23 17:47:08] (+0.10 mins | took: 0.00 mins)  [host] Bidder2 thread completed
[2025-10-23 17:47:08] (+0.10 mins | took: 0.00 mins)  [host] Received bidder2 results
[2025-10-23 17:47:09] (+0.12 mins | took: 0.02 mins)  [(bidder1)-host-bidder-join] Keypair generated successfully
[2025-10-23 17:47:09] (+0.12 mins | took: 0.00 mins)  [(bidder1)-host-bidder-join] Generating random values...
[2025-10-23 17:47:09] (+0.12 mins | took: 0.00 mins)  [(bidder1)-host-bidder-join] Random values generated
[2025-10-23 17:47:09] (+0.12 mins | took: 0.00 mins)  [(bidder1)-host-bidder-join] Encrypting bid value...
[2025-10-23 17:47:09] (+0.12 mins | took: 0.00 mins)  [(bidder1)-host-bidder-join] Bid value encrypted successfully
[2025-10-23 17:47:09] (+0.12 mins | took: 0.00 mins)  [(bidder1)-host-bidder-join] bidder bidder1 generated public key n_j = 1208590359132280970120936619171860798735620915397558980017603512678245990324234911105930036492472632429324912529505711901111005148146735108104114079068921769741011206764388594076662347723247547563434343452819379219911202140488060086454088977077866237486387139353209661482831722673024066019197950672863299570274702313957177428101327112055038112003200985799071049499807427053361715494503042491614560321420679758185656990257650793930580895219150272844179564477904973
[2025-10-23 17:47:09] (+0.12 mins | took: 0.00 mins)  [(bidder1)-host-bidder-join] bidder bidder1 encrypted value c_j (len=32)
[2025-10-23 17:47:09] (+0.12 mins | took: 0.00 mins)  [(bidder1)-host-bidder-join] bidder bidder1 joined successfully
[2025-10-23 17:47:09] (+0.12 mins | took: 0.00 mins)  [host] Bidder1 thread completed
[2025-10-23 17:47:09] (+0.12 mins | took: 0.00 mins)  [host] Received bidder1 results
[2025-10-23 17:47:09] (+0.12 mins | took: 0.00 mins)  [host] First bidder's bid v_1 = 1500
[2025-10-23 17:47:09] (+0.12 mins | took: 0.00 mins)  [host] Second bidder's bid v_2 = 2000
[2025-10-23 17:47:09] (+0.12 mins | took: 0.00 mins)  [host] ==================================================================================
[2025-10-23 17:47:09] (+0.12 mins | took: 0.00 mins)  [host] PHASE 2: Bidder Prove - Generating zero-knowledge proofs in parallel...
[2025-10-23 17:47:09] (+0.12 mins | took: 0.00 mins)  [host] ==================================================================================
[2025-10-23 17:47:09] (+0.12 mins | took: 0.00 mins)  [host] sound_param = 40 sigma = 40
[2025-10-23 17:47:09] (+0.12 mins | took: 0.00 mins)  [host-bidders-prove-all] PHASE 2: Running bidder_prove in parallel for all bidder pairs...
[2025-10-23 17:47:09] (+0.12 mins | took: 0.00 mins)  [(bidder1)-host-bidders-prove-all] Starting bidder_prove vs pubkey 12106...74813
[2025-10-23 17:47:09] (+0.12 mins | took: 0.00 mins)  [(bidder2)-host-bidders-prove-all] Starting bidder_prove vs pubkey 12085...04973
[2025-10-23 17:47:09] (+0.12 mins | took: 0.00 mins)  [(bidder1)-host-bidder-prove] Building ExecutorEnv...
[2025-10-23 17:47:09] (+0.12 mins | took: 0.00 mins)  [(bidder2)-host-bidder-prove] Building ExecutorEnv...
[2025-10-23 17:47:09] (+0.12 mins | took: 0.00 mins)  [(bidder1)-host-bidder-prove] ExecutorEnv built successfully.
[2025-10-23 17:47:09] (+0.12 mins | took: 0.00 mins)  [(bidder1)-host-bidder-prove] Running zkVM (prove)...
[2025-10-23 17:47:09] (+0.12 mins | took: 0.00 mins)  [(bidder2)-host-bidder-prove] ExecutorEnv built successfully.
[2025-10-23 17:47:09] (+0.12 mins | took: 0.00 mins)  [(bidder2)-host-bidder-prove] Running zkVM (prove)...
[2025-10-23 17:47:09] (+0.12 mins | took: 0.00 mins)  WARNING: proving in dev mode. This will not generate valid, secure proofs.
[2025-10-23 17:47:09] (+0.12 mins | took: 0.00 mins)  WARNING: proving in dev mode. This will not generate valid, secure proofs.
[2025-10-23 17:47:09] (+0.12 mins | took: 0.00 mins)  
[2025-10-23 17:47:09] (+0.12 mins | took: 0.00 mins)  [(bidder2)-zkvm-bidder-prover-guest] Starting main function
[2025-10-23 17:47:09] (+0.12 mins | took: 0.00 mins)  [(bidder2)-zkvm-bidder-prover-guest] Reading inputs from environment for bidder j
[2025-10-23 17:47:09] (+0.12 mins | took: 0.00 mins)  
[2025-10-23 17:47:09] (+0.12 mins | took: 0.00 mins)  [(bidder1)-zkvm-bidder-prover-guest] Starting main function
[2025-10-23 17:47:09] (+0.12 mins | took: 0.00 mins)  [(bidder1)-zkvm-bidder-prover-guest] Reading inputs from environment for bidder j
[2025-10-23 17:47:09] (+0.12 mins | took: 0.00 mins)  [(bidder2)-zkvm-bidder-prover-guest] Reading inputs from environment for bidder i
[2025-10-23 17:47:09] (+0.12 mins | took: 0.00 mins)  [(bidder1)-zkvm-bidder-prover-guest] Reading inputs from environment for bidder i
[2025-10-23 17:47:09] (+0.12 mins | took: 0.00 mins)  [(bidder2)-zkvm-bidder-prover-guest] Read c_i (len: 32), n_i (bits: 1536), r_i (len: 32)
[2025-10-23 17:47:09] (+0.12 mins | took: 0.00 mins)  [(bidder2)-zkvm-bidder-prover-guest] Read sigma and sound_param: 40
[2025-10-23 17:47:09] (+0.12 mins | took: 0.00 mins)  [(bidder1)-zkvm-bidder-prover-guest] Read c_i (len: 32), n_i (bits: 1536), r_i (len: 32)
[2025-10-23 17:47:09] (+0.12 mins | took: 0.00 mins)  [(bidder1)-zkvm-bidder-prover-guest] Read sigma and sound_param: 40
[2025-10-23 17:47:23] (+0.35 mins | took: 0.23 mins)  [(bidder2)-zkvm-bidder-prover-guest] Read random values
[2025-10-23 17:47:23] (+0.35 mins | took: 0.00 mins)  [(bidder2)-zkvm-bidder-prover-guest] Computing proof_eval
[2025-10-23 17:47:23] (+0.35 mins | took: 0.00 mins)  [(bidder1)-zkvm-bidder-prover-guest] Read random values
[2025-10-23 17:47:23] (+0.35 mins | took: 0.00 mins)  [(bidder1)-zkvm-bidder-prover-guest] Computing proof_eval
[2025-10-23 17:55:40] (+8.63 mins | took: 8.28 mins)  [(bidder1)-zkvm-bidder-prover-guest] proof_eval completed
[2025-10-23 17:55:40] (+8.63 mins | took: 0.00 mins)  [(bidder1)-zkvm-bidder-prover-guest] Computing proof_enc
[2025-10-23 17:55:47] (+8.75 mins | took: 0.12 mins)  [(bidder2)-zkvm-bidder-prover-guest] proof_eval completed
[2025-10-23 17:55:47] (+8.75 mins | took: 0.00 mins)  [(bidder2)-zkvm-bidder-prover-guest] Computing proof_enc
[2025-10-23 18:03:35] (+16.55 mins | took: 7.80 mins)  [(bidder1)-zkvm-bidder-prover-guest] proof_enc completed
[2025-10-23 18:03:35] (+16.55 mins | took: 0.00 mins)  [(bidder1)-zkvm-bidder-prover-guest] Computing proof_dlog
[2025-10-23 18:03:46] (+16.73 mins | took: 0.18 mins)  [(bidder2)-zkvm-bidder-prover-guest] proof_enc completed
[2025-10-23 18:03:46] (+16.73 mins | took: 0.00 mins)  [(bidder2)-zkvm-bidder-prover-guest] Computing proof_dlog
[2025-10-23 18:15:38] (+28.60 mins | took: 11.87 mins)  [(bidder1)-zkvm-bidder-prover-guest] proof_dlog completed
[2025-10-23 18:15:38] (+28.60 mins | took: 0.00 mins)  [(bidder1)-zkvm-bidder-prover-guest] Computing gm_eval_honest
[2025-10-23 18:15:41] (+28.65 mins | took: 0.05 mins)  [(bidder2)-zkvm-bidder-prover-guest] proof_dlog completed
[2025-10-23 18:15:41] (+28.65 mins | took: 0.00 mins)  [(bidder2)-zkvm-bidder-prover-guest] Computing gm_eval_honest
[2025-10-23 18:23:02] (+36.00 mins | took: 7.35 mins)  [(bidder1)-zkvm-bidder-prover-guest] gm_eval_honest completed, res length: 32
[2025-10-23 18:23:02] (+36.00 mins | took: 0.00 mins)  [(bidder1)-zkvm-bidder-prover-guest] Using empty proof_shuffle
[2025-10-23 18:23:02] (+36.00 mins | took: 0.00 mins)  [(bidder1)-zkvm-bidder-prover-guest] Writing private data
[2025-10-23 18:23:03] (+36.02 mins | took: 0.02 mins)  [(bidder2)-zkvm-bidder-prover-guest] gm_eval_honest completed, res length: 32
[2025-10-23 18:23:03] (+36.02 mins | took: 0.00 mins)  [(bidder2)-zkvm-bidder-prover-guest] Using empty proof_shuffle
[2025-10-23 18:23:03] (+36.02 mins | took: 0.00 mins)  [(bidder2)-zkvm-bidder-prover-guest] Writing private data
[2025-10-23 18:23:21] (+36.32 mins | took: 0.30 mins)  [(bidder1)-zkvm-bidder-prover-guest] Committing public results
[2025-10-23 18:23:23] (+36.35 mins | took: 0.03 mins)  [(bidder2)-zkvm-bidder-prover-guest] Committing public results
[2025-10-23 18:23:23] (+36.35 mins | took: 0.00 mins)  [(bidder1)-zkvm-bidder-prover-guest] Main function completed successfully
[2025-10-23 18:23:24] (+36.37 mins | took: 0.02 mins)  WARNING: Proving in dev mode does not generate a valid receipt. Receipts generated from this process are invalid and should never be used in production.
[2025-10-23 18:23:24] (+36.37 mins | took: 0.00 mins)  [(bidder1)-host-bidder-prove] zkVM proof generated.
[2025-10-23 18:23:24] (+36.37 mins | took: 0.00 mins)  [(bidder1)-host-bidder-prove] Reading private output...
[2025-10-23 18:23:24] (+36.37 mins | took: 0.00 mins)  [(bidder1)-host-bidder-prove] Private output deserialization successful.
[2025-10-23 18:23:24] (+36.37 mins | took: 0.00 mins)  [(bidder1)-host-bidder-prove] Decoding public results from journal...
[2025-10-23 18:23:24] (+36.37 mins | took: 0.00 mins)  [(bidder1)-host-bidder-prove] Got n_j = 1208590359132280970120936619171860798735620915397558980017603512678245990324234911105930036492472632429324912529505711901111005148146735108104114079068921769741011206764388594076662347723247547563434343452819379219911202140488060086454088977077866237486387139353209661482831722673024066019197950672863299570274702313957177428101327112055038112003200985799071049499807427053361715494503042491614560321420679758185656990257650793930580895219150272844179564477904973
[2025-10-23 18:23:24] (+36.37 mins | took: 0.00 mins)  [(bidder1)-host-bidders-prove-all] Completed bidder_prove vs pubkey 12106...74813
[2025-10-23 18:23:25] (+36.38 mins | took: 0.02 mins)  [(bidder2)-zkvm-bidder-prover-guest] Main function completed successfully
[2025-10-23 18:23:26] (+36.40 mins | took: 0.02 mins)  WARNING: Proving in dev mode does not generate a valid receipt. Receipts generated from this process are invalid and should never be used in production.
[2025-10-23 18:23:26] (+36.40 mins | took: 0.00 mins)  [(bidder2)-host-bidder-prove] zkVM proof generated.
[2025-10-23 18:23:26] (+36.40 mins | took: 0.00 mins)  [(bidder2)-host-bidder-prove] Reading private output...
[2025-10-23 18:23:26] (+36.40 mins | took: 0.00 mins)  [(bidder2)-host-bidder-prove] Private output deserialization successful.
[2025-10-23 18:23:26] (+36.40 mins | took: 0.00 mins)  [(bidder2)-host-bidder-prove] Decoding public results from journal...
[2025-10-23 18:23:26] (+36.40 mins | took: 0.00 mins)  [(bidder2)-host-bidder-prove] Got n_j = 1210645031168589009445720001205372421512555230629145674889062300463344207132033350645425459153095826321539899450655740208008288538636480105135248567813837345333010518235103345186696779233550472037212895865227750334944770732258517772312792124470066701974465845865235057887031585711098012443711403889552520368510879768677490753630549096972546330757191922479920739816464712983887295478766120346563215070764985129142381876366839707921528952727825196525044599738774813
[2025-10-23 18:23:26] (+36.40 mins | took: 0.00 mins)  [(bidder2)-host-bidders-prove-all] Completed bidder_prove vs pubkey 12085...04973
[2025-10-23 18:23:26] (+36.40 mins | took: 0.00 mins)  [host-bidders-prove-all] PHASE 2: All bidder_prove operations completed
[2025-10-23 18:23:26] (+36.40 mins | took: 0.00 mins)  [(auctioneer)-host-auctioneer-verify-all] PHASE 3: Auctioneer Verify - Verifying all evaluation proofs and receipts from all bidders...
[2025-10-23 18:23:26] (+36.40 mins | took: 0.00 mins)  [(auctioneer)-host-auctioneer-verify-all] Verifying 1 results for bidder: bidder1
[2025-10-23 18:23:26] (+36.40 mins | took: 0.00 mins)  [(auctioneer)-host-auctioneer-verify-all] Verifying result 1 for bidder bidder1 vs bidder2
[2025-10-23 18:23:26] (+36.40 mins | took: 0.00 mins)  [(auctioneer)-host-auctioneer-verify] proof_eval verification passed.
[2025-10-23 18:23:26] (+36.40 mins | took: 0.00 mins)  [(auctioneer)-host-auctioneer-verify-all] ✅ Verification PASSED for bidder1 result 1 vs bidder2
[2025-10-23 18:23:26] (+36.40 mins | took: 0.00 mins)  [(auctioneer)-host-auctioneer-verify-all] Verifying 1 results for bidder: bidder2
[2025-10-23 18:23:26] (+36.40 mins | took: 0.00 mins)  [(auctioneer)-host-auctioneer-verify-all] Verifying result 1 for bidder bidder2 vs bidder1
[2025-10-23 18:23:26] (+36.40 mins | took: 0.00 mins)  [(auctioneer)-host-auctioneer-verify] proof_eval verification passed.
[2025-10-23 18:23:26] (+36.40 mins | took: 0.00 mins)  [(auctioneer)-host-auctioneer-verify-all] ✅ Verification PASSED for bidder2 result 1 vs bidder1
[2025-10-23 18:23:26] (+36.40 mins | took: 0.00 mins)  [(auctioneer)-host-auctioneer-verify-all] ✅ ALL auctioneer verifications PASSED - Proceeding to Phase 4
[2025-10-23 18:23:26] (+36.40 mins | took: 0.00 mins)  [(bidder1)-host-bidder-verify-all] Starting verification for bidder: bidder1
[2025-10-23 18:23:26] (+36.40 mins | took: 0.00 mins)  [(bidder1)-host-bidder-verify-all] Verifying result against bidder2
[2025-10-23 18:23:26] (+36.40 mins | took: 0.00 mins)  [(bidder1)-host-bidder-verify] Verifying proof_enc...
[2025-10-23 18:23:26] (+36.40 mins | took: 0.00 mins)  [(bidder2)-host-bidder-verify-all] Starting verification for bidder: bidder2
[2025-10-23 18:23:26] (+36.40 mins | took: 0.00 mins)  [(bidder2)-host-bidder-verify-all] Verifying result against bidder1
[2025-10-23 18:23:26] (+36.40 mins | took: 0.00 mins)  [(bidder2)-host-bidder-verify] Verifying proof_enc...
[2025-10-23 18:23:26] (+36.40 mins | took: 0.00 mins)  [(bidder1)-host-bidder-verify] proof_enc verification passed.
[2025-10-23 18:23:26] (+36.40 mins | took: 0.00 mins)  [(bidder1)-host-bidder-verify] Verifying dlog proof...
[2025-10-23 18:23:26] (+36.40 mins | took: 0.00 mins)  [(bidder2)-host-bidder-verify] proof_enc verification passed.
[2025-10-23 18:23:26] (+36.40 mins | took: 0.00 mins)  [(bidder2)-host-bidder-verify] Verifying dlog proof...
[2025-10-23 18:23:27] (+36.42 mins | took: 0.02 mins)  [(bidder1)-host-bidder-verify] dlog proof verification passed.
[2025-10-23 18:23:27] (+36.42 mins | took: 0.00 mins)  [(bidder1)-host-bidder-verify] Comparing bids using compare_leq_honest...
[2025-10-23 18:23:27] (+36.42 mins | took: 0.00 mins)  [(bidder2)-host-bidder-verify] dlog proof verification passed.
[2025-10-23 18:23:27] (+36.42 mins | took: 0.00 mins)  [(bidder2)-host-bidder-verify] Comparing bids using compare_leq_honest...
[2025-10-23 18:23:27] (+36.42 mins | took: 0.00 mins)  [(bidder2)-host-bidder-verify] Other bidder's bid is <= current bidder's bid. Continuing...
[2025-10-23 18:23:27] (+36.42 mins | took: 0.00 mins)  [(bidder2)-host-bidder-verify-all] Beat another bidder
[2025-10-23 18:23:27] (+36.42 mins | took: 0.00 mins)  [(bidder2)-host-bidder-verify-all] Verification complete. Is winner: true (checked 1 comparisons)
[2025-10-23 18:23:27] (+36.42 mins | took: 0.00 mins)  [(bidder1)-host-bidder-verify] Other bidder's bid is > current bidder's bid. Not winner.
[2025-10-23 18:23:27] (+36.42 mins | took: 0.00 mins)  [(bidder1)-host-bidder-verify-all] Lost against another bidder
[2025-10-23 18:23:27] (+36.42 mins | took: 0.00 mins)  [(bidder1)-host-bidder-verify-all] Verification complete. Is winner: false (checked 1 comparisons)
[2025-10-23 18:23:27] (+36.42 mins | took: 0.00 mins)  [(bidder1)-host-bidder-verify-all] ❌ bidder1 is not the winner
[2025-10-23 18:23:27] (+36.42 mins | took: 0.00 mins)  [(bidder2)-host-bidder-verify-all] 🏆 WINNER: bidder2 is the auction winner!
[2025-10-23 18:23:27] (+36.42 mins | took: 0.00 mins)  [host] 🎉 WINNER: bidder2 (Bid: 2000)
