[2025-10-21 11:54:43] (+0.00 mins | took: 0.00 mins)     Compiling zk-auctions-methods v0.1.0 (/home/iskander/Projects/zk-auctions-archive/methods)
[2025-10-21 11:54:43] (+0.00 mins | took: 0.00 mins)  warning: unused variable: `cipher_i_and`
[2025-10-21 11:54:43] (+0.00 mins | took: 0.00 mins)     --> core/src/protocols/strain/bidder.rs:450:13
[2025-10-21 11:54:43] (+0.00 mins | took: 0.00 mins)      |
[2025-10-21 11:54:43] (+0.00 mins | took: 0.00 mins)  450 |         let cipher_i_and = embed_and(cipher_i, pub_key_j, rand1);
[2025-10-21 11:54:43] (+0.00 mins | took: 0.00 mins)      |             ^^^^^^^^^^^^ help: if this is intentional, prefix it with an underscore: `_cipher_i_and`
[2025-10-21 11:54:43] (+0.00 mins | took: 0.00 mins)      |
[2025-10-21 11:54:43] (+0.00 mins | took: 0.00 mins)      = note: `#[warn(unused_variables)]` on by default
[2025-10-21 11:54:43] (+0.00 mins | took: 0.00 mins)  
[2025-10-21 11:54:43] (+0.00 mins | took: 0.00 mins)  warning: unused variable: `number1`
[2025-10-21 11:54:43] (+0.00 mins | took: 0.00 mins)     --> core/src/protocols/strain/bidder.rs:435:9
[2025-10-21 11:54:43] (+0.00 mins | took: 0.00 mins)      |
[2025-10-21 11:54:43] (+0.00 mins | took: 0.00 mins)  435 |         number1: &BigInt,
[2025-10-21 11:54:43] (+0.00 mins | took: 0.00 mins)      |         ^^^^^^^ help: if this is intentional, prefix it with an underscore: `_number1`
[2025-10-21 11:54:43] (+0.00 mins | took: 0.00 mins)  
[2025-10-21 11:54:43] (+0.00 mins | took: 0.00 mins)  warning: field `soundness_params` is never read
[2025-10-21 11:54:43] (+0.00 mins | took: 0.00 mins)     --> core/src/protocols/strain/bidder.rs:139:5
[2025-10-21 11:54:43] (+0.00 mins | took: 0.00 mins)      |
[2025-10-21 11:54:43] (+0.00 mins | took: 0.00 mins)  137 | pub struct Bidder {
[2025-10-21 11:54:43] (+0.00 mins | took: 0.00 mins)      |            ------ field in this struct
[2025-10-21 11:54:43] (+0.00 mins | took: 0.00 mins)  138 |     config: StrainConfig,
[2025-10-21 11:54:43] (+0.00 mins | took: 0.00 mins)  139 |     soundness_params: StrainSecurityParams,
[2025-10-21 11:54:43] (+0.00 mins | took: 0.00 mins)      |     ^^^^^^^^^^^^^^^^
[2025-10-21 11:54:43] (+0.00 mins | took: 0.00 mins)      |
[2025-10-21 11:54:43] (+0.00 mins | took: 0.00 mins)      = note: `#[warn(dead_code)]` on by default
[2025-10-21 11:54:43] (+0.00 mins | took: 0.00 mins)  
[2025-10-21 11:54:43] (+0.00 mins | took: 0.00 mins)  warning: `zk-auctions-core` (lib) generated 3 warnings
[2025-10-21 11:54:44] (+0.02 mins | took: 0.02 mins)     Compiling zk-auctions v0.1.0 (/home/iskander/Projects/zk-auctions-archive)
[2025-10-21 11:54:44] (+0.02 mins | took: 0.00 mins)  warning: unused import: `BIDDER_JOIN_ID`
[2025-10-21 11:54:44] (+0.02 mins | took: 0.00 mins)    --> src/main.rs:22:81
[2025-10-21 11:54:44] (+0.02 mins | took: 0.00 mins)     |
[2025-10-21 11:54:44] (+0.02 mins | took: 0.00 mins)  22 | use zk_auctions_methods::{BIDDER_PROVER_ELF, BIDDER_PROVER_ID, BIDDER_JOIN_ELF, BIDDER_JOIN_ID};
[2025-10-21 11:54:44] (+0.02 mins | took: 0.00 mins)     |                                                                                 ^^^^^^^^^^^^^^
[2025-10-21 11:54:44] (+0.02 mins | took: 0.00 mins)     |
[2025-10-21 11:54:44] (+0.02 mins | took: 0.00 mins)     = note: `#[warn(unused_imports)]` on by default
[2025-10-21 11:54:44] (+0.02 mins | took: 0.00 mins)  
[2025-10-21 11:54:44] (+0.02 mins | took: 0.00 mins)  warning: unused variable: `p_i`
[2025-10-21 11:54:44] (+0.02 mins | took: 0.00 mins)    --> src/main.rs:89:23
[2025-10-21 11:54:44] (+0.02 mins | took: 0.00 mins)     |
[2025-10-21 11:54:44] (+0.02 mins | took: 0.00 mins)  89 |             let (n_i, p_i, q_i) = bidders_data.get(bidder_id).unwrap();
[2025-10-21 11:54:44] (+0.02 mins | took: 0.00 mins)     |                       ^^^ help: if this is intentional, prefix it with an underscore: `_p_i`
[2025-10-21 11:54:44] (+0.02 mins | took: 0.00 mins)     |
[2025-10-21 11:54:44] (+0.02 mins | took: 0.00 mins)     = note: `#[warn(unused_variables)]` on by default
[2025-10-21 11:54:44] (+0.02 mins | took: 0.00 mins)  
[2025-10-21 11:54:44] (+0.02 mins | took: 0.00 mins)  warning: unused variable: `q_i`
[2025-10-21 11:54:44] (+0.02 mins | took: 0.00 mins)    --> src/main.rs:89:28
[2025-10-21 11:54:44] (+0.02 mins | took: 0.00 mins)     |
[2025-10-21 11:54:44] (+0.02 mins | took: 0.00 mins)  89 |             let (n_i, p_i, q_i) = bidders_data.get(bidder_id).unwrap();
[2025-10-21 11:54:44] (+0.02 mins | took: 0.00 mins)     |                            ^^^ help: if this is intentional, prefix it with an underscore: `_q_i`
[2025-10-21 11:54:44] (+0.02 mins | took: 0.00 mins)  
[2025-10-21 11:54:44] (+0.02 mins | took: 0.00 mins)  warning: unused variable: `results_mutex`
[2025-10-21 11:54:44] (+0.02 mins | took: 0.00 mins)     --> src/main.rs:185:9
[2025-10-21 11:54:44] (+0.02 mins | took: 0.00 mins)      |
[2025-10-21 11:54:44] (+0.02 mins | took: 0.00 mins)  185 |     let results_mutex = Arc::new(Mutex::new(&mut results));
[2025-10-21 11:54:44] (+0.02 mins | took: 0.00 mins)      |         ^^^^^^^^^^^^^ help: if this is intentional, prefix it with an underscore: `_results_mutex`
[2025-10-21 11:54:44] (+0.02 mins | took: 0.00 mins)  
[2025-10-21 11:54:44] (+0.02 mins | took: 0.00 mins)  warning: unused variable: `v_i`
[2025-10-21 11:54:44] (+0.02 mins | took: 0.00 mins)     --> src/main.rs:194:50
[2025-10-21 11:54:44] (+0.02 mins | took: 0.00 mins)      |
[2025-10-21 11:54:44] (+0.02 mins | took: 0.00 mins)  194 |                 let (bidder_i_id, n_i, c_i, r_i, v_i, p_i, q_i) = bidders[i].clone();
[2025-10-21 11:54:44] (+0.02 mins | took: 0.00 mins)      |                                                  ^^^ help: if this is intentional, prefix it with an underscore: `_v_i`
[2025-10-21 11:54:44] (+0.02 mins | took: 0.00 mins)  
[2025-10-21 11:54:44] (+0.02 mins | took: 0.00 mins)  warning: unused variable: `p_i`
[2025-10-21 11:54:44] (+0.02 mins | took: 0.00 mins)     --> src/main.rs:194:55
[2025-10-21 11:54:44] (+0.02 mins | took: 0.00 mins)      |
[2025-10-21 11:54:44] (+0.02 mins | took: 0.00 mins)  194 |                 let (bidder_i_id, n_i, c_i, r_i, v_i, p_i, q_i) = bidders[i].clone();
[2025-10-21 11:54:44] (+0.02 mins | took: 0.00 mins)      |                                                       ^^^ help: if this is intentional, prefix it with an underscore: `_p_i`
[2025-10-21 11:54:44] (+0.02 mins | took: 0.00 mins)  
[2025-10-21 11:54:44] (+0.02 mins | took: 0.00 mins)  warning: unused variable: `q_i`
[2025-10-21 11:54:44] (+0.02 mins | took: 0.00 mins)     --> src/main.rs:194:60
[2025-10-21 11:54:44] (+0.02 mins | took: 0.00 mins)      |
[2025-10-21 11:54:44] (+0.02 mins | took: 0.00 mins)  194 |                 let (bidder_i_id, n_i, c_i, r_i, v_i, p_i, q_i) = bidders[i].clone();
[2025-10-21 11:54:44] (+0.02 mins | took: 0.00 mins)      |                                                            ^^^ help: if this is intentional, prefix it with an underscore: `_q_i`
[2025-10-21 11:54:44] (+0.02 mins | took: 0.00 mins)  
[2025-10-21 11:54:44] (+0.02 mins | took: 0.00 mins)  warning: unused variable: `c_j`
[2025-10-21 11:54:44] (+0.02 mins | took: 0.00 mins)     --> src/main.rs:195:40
[2025-10-21 11:54:44] (+0.02 mins | took: 0.00 mins)      |
[2025-10-21 11:54:44] (+0.02 mins | took: 0.00 mins)  195 |                 let (bidder_j_id, n_j, c_j, r_j, v_j, p_j, q_j) = bidders[j].clone();
[2025-10-21 11:54:44] (+0.02 mins | took: 0.00 mins)      |                                        ^^^ help: if this is intentional, prefix it with an underscore: `_c_j`
[2025-10-21 11:54:44] (+0.02 mins | took: 0.00 mins)  
[2025-10-21 11:54:44] (+0.02 mins | took: 0.00 mins)  warning: unused variable: `bidder_i_id`
[2025-10-21 11:54:44] (+0.02 mins | took: 0.00 mins)     --> src/main.rs:230:27
[2025-10-21 11:54:44] (+0.02 mins | took: 0.00 mins)      |
[2025-10-21 11:54:44] (+0.02 mins | took: 0.00 mins)  230 |         let (bidder_j_id, bidder_i_id, result) = rx.recv().unwrap();
[2025-10-21 11:54:44] (+0.02 mins | took: 0.00 mins)      |                           ^^^^^^^^^^^ help: if this is intentional, prefix it with an underscore: `_bidder_i_id`
[2025-10-21 11:54:44] (+0.02 mins | took: 0.00 mins)  
[2025-10-21 11:54:44] (+0.02 mins | took: 0.00 mins)  warning: field `proof_shuffle` is never read
[2025-10-21 11:54:44] (+0.02 mins | took: 0.00 mins)    --> src/main.rs:35:5
[2025-10-21 11:54:44] (+0.02 mins | took: 0.00 mins)     |
[2025-10-21 11:54:44] (+0.02 mins | took: 0.00 mins)  26 | struct BidderProveResult {
[2025-10-21 11:54:44] (+0.02 mins | took: 0.00 mins)     |        ----------------- field in this struct
[2025-10-21 11:54:44] (+0.02 mins | took: 0.00 mins)  ...
[2025-10-21 11:54:44] (+0.02 mins | took: 0.00 mins)  35 |     proof_shuffle: HashMap<u32, StrainProof>,
[2025-10-21 11:54:44] (+0.02 mins | took: 0.00 mins)     |     ^^^^^^^^^^^^^
[2025-10-21 11:54:44] (+0.02 mins | took: 0.00 mins)     |
[2025-10-21 11:54:44] (+0.02 mins | took: 0.00 mins)     = note: `BidderProveResult` has a derived impl for the trait `Clone`, but this is intentionally ignored during dead code analysis
[2025-10-21 11:54:44] (+0.02 mins | took: 0.00 mins)     = note: `#[warn(dead_code)]` on by default
[2025-10-21 11:54:44] (+0.02 mins | took: 0.00 mins)  
[2025-10-21 11:54:44] (+0.02 mins | took: 0.00 mins)  warning: function `bidder_join` is never used
[2025-10-21 11:54:44] (+0.02 mins | took: 0.00 mins)     --> src/main.rs:122:4
[2025-10-21 11:54:44] (+0.02 mins | took: 0.00 mins)      |
[2025-10-21 11:54:44] (+0.02 mins | took: 0.00 mins)  122 | fn bidder_join(bidder_id: String, bid_value: BigInt) -> (BigInt, Vec<BigInt>, Vec<BigInt>, (BigInt, BigInt)) {
[2025-10-21 11:54:44] (+0.02 mins | took: 0.00 mins)      |    ^^^^^^^^^^^
[2025-10-21 11:54:44] (+0.02 mins | took: 0.00 mins)  
[2025-10-21 11:54:44] (+0.02 mins | took: 0.00 mins)  warning: function `verify_shuffle` is never used
[2025-10-21 11:54:44] (+0.02 mins | took: 0.00 mins)     --> src/main.rs:618:4
[2025-10-21 11:54:44] (+0.02 mins | took: 0.00 mins)      |
[2025-10-21 11:54:44] (+0.02 mins | took: 0.00 mins)  618 | fn verify_shuffle(proof: &HashMap<u32, StrainProof>, n2: &BigInt, res: &[Vec<BigInt>]) -> bool {
[2025-10-21 11:54:44] (+0.02 mins | took: 0.00 mins)      |    ^^^^^^^^^^^^^^
[2025-10-21 11:54:44] (+0.02 mins | took: 0.00 mins)  
[2025-10-21 11:54:47] (+0.07 mins | took: 0.05 mins)  warning: `zk-auctions` (bin "zk-auctions") generated 12 warnings (run `cargo fix --bin "zk-auctions"` to apply 1 suggestion)
[2025-10-21 11:54:47] (+0.07 mins | took: 0.00 mins)      Finished `release` profile [optimized] target(s) in 3.88s
[2025-10-21 11:54:47] (+0.07 mins | took: 0.00 mins)       Running `target/release/zk-auctions`
[2025-10-21 11:54:47] (+0.07 mins | took: 0.00 mins)  ==================================================================================
[2025-10-21 11:54:47] (+0.07 mins | took: 0.00 mins)  ZERO-KNOWLEDGE AUCTION PROTOCOL - 4 PHASE IMPLEMENTATION
[2025-10-21 11:54:47] (+0.07 mins | took: 0.00 mins)  ==================================================================================
[2025-10-21 11:54:47] (+0.07 mins | took: 0.00 mins)  This implementation follows a 4-phase zero-knowledge auction protocol:
[2025-10-21 11:54:47] (+0.07 mins | took: 0.00 mins)  
[2025-10-21 11:54:47] (+0.07 mins | took: 0.00 mins)  PHASE 1: BIDDERS JOIN
[2025-10-21 11:54:47] (+0.07 mins | took: 0.00 mins)    - Each bidder generates GM keypair and encrypts their bid
[2025-10-21 11:54:47] (+0.07 mins | took: 0.00 mins)    - Runs in parallel for efficiency
[2025-10-21 11:54:47] (+0.07 mins | took: 0.00 mins)    - Output: (n_j, c_j, r_j, (p_j, q_j)) for each bidder
[2025-10-21 11:54:47] (+0.07 mins | took: 0.00 mins)  
[2025-10-21 11:54:47] (+0.07 mins | took: 0.00 mins)  PHASE 2: BIDDER PROVE
[2025-10-21 11:54:47] (+0.07 mins | took: 0.00 mins)    - Each bidder 'j' runs bidder_prove against bidder 'i'
[2025-10-21 11:54:47] (+0.07 mins | took: 0.00 mins)    - 'j' = bidder running proof, 'i' = other bidder being compared
[2025-10-21 11:54:47] (+0.07 mins | took: 0.00 mins)    - Generates zero-knowledge proofs of bid validity
[2025-10-21 11:54:47] (+0.07 mins | took: 0.00 mins)  
[2025-10-21 11:54:47] (+0.07 mins | took: 0.00 mins)  PHASE 3: AUCTIONEER VERIFY
[2025-10-21 11:54:47] (+0.07 mins | took: 0.00 mins)    - Auctioneer verifies all proof_eval from all bidders
[2025-10-21 11:54:47] (+0.07 mins | took: 0.00 mins)    - Ensures all bidders provided valid zero-knowledge proofs
[2025-10-21 11:54:47] (+0.07 mins | took: 0.00 mins)    - Auctioneer acts as trusted verifier
[2025-10-21 11:54:47] (+0.07 mins | took: 0.00 mins)  
[2025-10-21 11:54:47] (+0.07 mins | took: 0.00 mins)  PHASE 4: BIDDER VERIFY & COMPARE
[2025-10-21 11:54:47] (+0.07 mins | took: 0.00 mins)    - Each bidder verifies other bidders' proofs using bidder_verify
[2025-10-21 11:54:47] (+0.07 mins | took: 0.00 mins)    - Verifies proof_enc (encryption) and proof_dlog (discrete log)
[2025-10-21 11:54:47] (+0.07 mins | took: 0.00 mins)    - Ensures mutual verification between bidders
[2025-10-21 11:54:47] (+0.07 mins | took: 0.00 mins)    - Final bid comparison using compare_leq_honest
[2025-10-21 11:54:47] (+0.07 mins | took: 0.00 mins)    - Determines relative ordering of bids using private keys
[2025-10-21 11:54:47] (+0.07 mins | took: 0.00 mins)  ==================================================================================
[2025-10-21 11:54:47] (+0.07 mins | took: 0.00 mins)  
[2025-10-21 11:54:47] (+0.07 mins | took: 0.00 mins)  [host] PHASE 1: Bidders Join - Generating keys and encrypting bids...
[2025-10-21 11:54:47] (+0.07 mins | took: 0.00 mins)  [host] Starting bidder2 thread with bid v_j = 2000
[2025-10-21 11:54:47] (+0.07 mins | took: 0.00 mins)  [host] Starting bidder1 thread with bid v_i = 1500
[2025-10-21 11:54:47] (+0.07 mins | took: 0.00 mins)  [host] Starting mock_bidder_join for bidder: bidder2
[2025-10-21 11:54:47] (+0.07 mins | took: 0.00 mins)  [host] Starting mock_bidder_join for bidder: bidder1
[2025-10-21 11:54:47] (+0.07 mins | took: 0.00 mins)  [host] Waiting for both bidders to complete...
[2025-10-21 11:54:47] (+0.07 mins | took: 0.00 mins)  [host] Mock bidder bidder2 generated public key n_j = 1208717365890253852653271921798894415577140796906024681991056317710546665471039420005588330364416624645213064401754028846983101760576714146969564388726733461993766207750695145662029377719798771497352744641101644436085994366694965030236502061758181704714920846311110333255700806080423313957781561720424976699019424689281581531326212434411300837400761674136454318708286458860575718114527404345364599870421397441355562322095522285908301290961587305113370020400295229
[2025-10-21 11:54:47] (+0.07 mins | took: 0.00 mins)  [host] Mock bidder bidder2 encrypted value c_j (len=32)
[2025-10-21 11:54:47] (+0.07 mins | took: 0.00 mins)  [host] Bidder2 thread completed
[2025-10-21 11:54:47] (+0.07 mins | took: 0.00 mins)  [host] Received bidder2 results
[2025-10-21 11:54:47] (+0.07 mins | took: 0.00 mins)  [host] Mock bidder bidder1 generated public key n_j = 1208710508146612914014222180202245622452299987480919671325214611274408476068923445433535067286818187840152000687940467361597990499738294677033800966961811239510802176196092402009629980276725324886628696605186611503875044146661755889563907144557824822427912428046799184790411834056337717578406701203747025511825342368816841024098715817341790967772626996800348922321035898761336150775478275844066752494648857575006425069550133176912517571403329370081203189605102213
[2025-10-21 11:54:47] (+0.07 mins | took: 0.00 mins)  [host] Mock bidder bidder1 encrypted value c_j (len=32)
[2025-10-21 11:54:47] (+0.07 mins | took: 0.00 mins)  [host] Bidder1 thread completed
[2025-10-21 11:54:47] (+0.07 mins | took: 0.00 mins)  [host] Received bidder1 results
[2025-10-21 11:54:47] (+0.07 mins | took: 0.00 mins)  [host] First bidder's bid v_1 = 1500
[2025-10-21 11:54:47] (+0.07 mins | took: 0.00 mins)  [host] Second bidder's bid v_2 = 2000
[2025-10-21 11:54:47] (+0.07 mins | took: 0.00 mins)  [host] PHASE 2: Bidder Prove - Generating zero-knowledge proofs in parallel...
[2025-10-21 11:54:47] (+0.07 mins | took: 0.00 mins)  [host] sound_param = 40 sigma = 40
[2025-10-21 11:54:47] (+0.07 mins | took: 0.00 mins)  [host] PHASE 2: Running bidder_prove in parallel for all bidder pairs...
[2025-10-21 11:54:47] (+0.07 mins | took: 0.00 mins)  [host] Starting bidder_prove: bidder2 vs bidder1
[2025-10-21 11:54:47] (+0.07 mins | took: 0.00 mins)  [host] Starting bidder_prove: bidder1 vs bidder2
[2025-10-21 11:54:47] (+0.07 mins | took: 0.00 mins)  [host] Building ExecutorEnv...
[2025-10-21 11:54:47] (+0.07 mins | took: 0.00 mins)  [host] Building ExecutorEnv...
[2025-10-21 11:54:47] (+0.07 mins | took: 0.00 mins)  [host] ExecutorEnv built successfully.
[2025-10-21 11:54:47] (+0.07 mins | took: 0.00 mins)  [host] Running zkVM (prove)...
[2025-10-21 11:54:47] (+0.07 mins | took: 0.00 mins)  [host] ExecutorEnv built successfully.
[2025-10-21 11:54:47] (+0.07 mins | took: 0.00 mins)  [host] Running zkVM (prove)...
[2025-10-21 11:54:47] (+0.07 mins | took: 0.00 mins)  WARNING: proving in dev mode. This will not generate valid, secure proofs.
[2025-10-21 11:54:47] (+0.07 mins | took: 0.00 mins)  WARNING: proving in dev mode. This will not generate valid, secure proofs.
[2025-10-21 11:54:47] (+0.07 mins | took: 0.00 mins)  
[2025-10-21 11:54:47] (+0.07 mins | took: 0.00 mins)  [(bidder1)-zkvm-bidder-prover-guest] Starting main function
[2025-10-21 11:54:47] (+0.07 mins | took: 0.00 mins)  [(bidder1)-zkvm-bidder-prover-guest] Reading inputs from environment for bidder j
[2025-10-21 11:54:47] (+0.07 mins | took: 0.00 mins)  
[2025-10-21 11:54:47] (+0.07 mins | took: 0.00 mins)  [(bidder2)-zkvm-bidder-prover-guest] Starting main function
[2025-10-21 11:54:47] (+0.07 mins | took: 0.00 mins)  [(bidder2)-zkvm-bidder-prover-guest] Reading inputs from environment for bidder j
[2025-10-21 11:54:47] (+0.07 mins | took: 0.00 mins)  [(bidder1)-zkvm-bidder-prover-guest] Reading inputs from environment for bidder i
[2025-10-21 11:54:47] (+0.07 mins | took: 0.00 mins)  [(bidder1)-zkvm-bidder-prover-guest] Read c_i (len: 32), n_i (bits: 1536), r_i (len: 32)
[2025-10-21 11:54:47] (+0.07 mins | took: 0.00 mins)  [(bidder1)-zkvm-bidder-prover-guest] Read sigma and sound_param: 40
[2025-10-21 11:54:47] (+0.07 mins | took: 0.00 mins)  [(bidder2)-zkvm-bidder-prover-guest] Reading inputs from environment for bidder i
[2025-10-21 11:54:47] (+0.07 mins | took: 0.00 mins)  [(bidder2)-zkvm-bidder-prover-guest] Read c_i (len: 32), n_i (bits: 1536), r_i (len: 32)
[2025-10-21 11:54:47] (+0.07 mins | took: 0.00 mins)  [(bidder2)-zkvm-bidder-prover-guest] Read sigma and sound_param: 40
[2025-10-21 11:55:02] (+0.32 mins | took: 0.25 mins)  [(bidder2)-zkvm-bidder-prover-guest] Read random values
[2025-10-21 11:55:02] (+0.32 mins | took: 0.00 mins)  [(bidder2)-zkvm-bidder-prover-guest] Computing proof_eval
[2025-10-21 11:55:02] (+0.32 mins | took: 0.00 mins)  [(bidder1)-zkvm-bidder-prover-guest] Read random values
[2025-10-21 11:55:02] (+0.32 mins | took: 0.00 mins)  [(bidder1)-zkvm-bidder-prover-guest] Computing proof_eval
[2025-10-21 12:01:52] (+7.15 mins | took: 6.83 mins)  [(bidder2)-zkvm-bidder-prover-guest] proof_eval completed
[2025-10-21 12:01:52] (+7.15 mins | took: 0.00 mins)  [(bidder2)-zkvm-bidder-prover-guest] Computing proof_enc
[2025-10-21 12:01:56] (+7.22 mins | took: 0.07 mins)  [(bidder1)-zkvm-bidder-prover-guest] proof_eval completed
[2025-10-21 12:01:56] (+7.22 mins | took: 0.00 mins)  [(bidder1)-zkvm-bidder-prover-guest] Computing proof_enc
[2025-10-21 12:07:53] (+13.17 mins | took: 5.95 mins)  [(bidder2)-zkvm-bidder-prover-guest] proof_enc completed
[2025-10-21 12:07:53] (+13.17 mins | took: 0.00 mins)  [(bidder2)-zkvm-bidder-prover-guest] Computing proof_dlog
[2025-10-21 12:07:56] (+13.22 mins | took: 0.05 mins)  [(bidder1)-zkvm-bidder-prover-guest] proof_enc completed
[2025-10-21 12:07:56] (+13.22 mins | took: 0.00 mins)  [(bidder1)-zkvm-bidder-prover-guest] Computing proof_dlog
[2025-10-21 12:43:37] (+48.90 mins | took: 35.68 mins)  [(bidder2)-zkvm-bidder-prover-guest] proof_dlog completed
[2025-10-21 12:43:37] (+48.90 mins | took: 0.00 mins)  [(bidder2)-zkvm-bidder-prover-guest] Computing gm_eval_honest
[2025-10-21 12:43:41] (+48.97 mins | took: 0.07 mins)  [(bidder1)-zkvm-bidder-prover-guest] proof_dlog completed
[2025-10-21 12:43:41] (+48.97 mins | took: 0.00 mins)  [(bidder1)-zkvm-bidder-prover-guest] Computing gm_eval_honest
[2025-10-21 12:50:42] (+55.98 mins | took: 7.02 mins)  [(bidder2)-zkvm-bidder-prover-guest] gm_eval_honest completed, res length: 32
[2025-10-21 12:50:42] (+55.98 mins | took: 0.00 mins)  [(bidder2)-zkvm-bidder-prover-guest] Using empty proof_shuffle
[2025-10-21 12:50:42] (+55.98 mins | took: 0.00 mins)  [(bidder2)-zkvm-bidder-prover-guest] Writing private data
[2025-10-21 12:50:47] (+56.07 mins | took: 0.08 mins)  [(bidder1)-zkvm-bidder-prover-guest] gm_eval_honest completed, res length: 32
[2025-10-21 12:50:47] (+56.07 mins | took: 0.00 mins)  [(bidder1)-zkvm-bidder-prover-guest] Using empty proof_shuffle
[2025-10-21 12:50:47] (+56.07 mins | took: 0.00 mins)  [(bidder1)-zkvm-bidder-prover-guest] Writing private data
[2025-10-21 12:50:52] (+56.15 mins | took: 0.08 mins)  [(bidder2)-zkvm-bidder-prover-guest] Committing public results
[2025-10-21 12:50:55] (+56.20 mins | took: 0.05 mins)  [(bidder2)-zkvm-bidder-prover-guest] Main function completed successfully
[2025-10-21 12:50:55] (+56.20 mins | took: 0.00 mins)  WARNING: Proving in dev mode does not generate a valid receipt. Receipts generated from this process are invalid and should never be used in production.
[2025-10-21 12:50:55] (+56.20 mins | took: 0.00 mins)  [host] zkVM proof generated.
[2025-10-21 12:50:55] (+56.20 mins | took: 0.00 mins)  [host] Reading private output...
[2025-10-21 12:50:55] (+56.20 mins | took: 0.00 mins)  [host] Private output deserialization successful.
[2025-10-21 12:50:55] (+56.20 mins | took: 0.00 mins)  [host] Decoding public results from journal...
[2025-10-21 12:50:55] (+56.20 mins | took: 0.00 mins)  [host] Got n_j = 1208717365890253852653271921798894415577140796906024681991056317710546665471039420005588330364416624645213064401754028846983101760576714146969564388726733461993766207750695145662029377719798771497352744641101644436085994366694965030236502061758181704714920846311110333255700806080423313957781561720424976699019424689281581531326212434411300837400761674136454318708286458860575718114527404345364599870421397441355562322095522285908301290961587305113370020400295229
[2025-10-21 12:50:55] (+56.20 mins | took: 0.00 mins)  [host] Completed bidder_prove: bidder2 vs bidder1
[2025-10-21 12:50:58] (+56.25 mins | took: 0.05 mins)  [(bidder1)-zkvm-bidder-prover-guest] Committing public results
[2025-10-21 12:51:01] (+56.30 mins | took: 0.05 mins)  [(bidder1)-zkvm-bidder-prover-guest] Main function completed successfully
[2025-10-21 12:51:01] (+56.30 mins | took: 0.00 mins)  WARNING: Proving in dev mode does not generate a valid receipt. Receipts generated from this process are invalid and should never be used in production.
[2025-10-21 12:51:01] (+56.30 mins | took: 0.00 mins)  [host] zkVM proof generated.
[2025-10-21 12:51:01] (+56.30 mins | took: 0.00 mins)  [host] Reading private output...
[2025-10-21 12:51:01] (+56.30 mins | took: 0.00 mins)  [host] Private output deserialization successful.
[2025-10-21 12:51:01] (+56.30 mins | took: 0.00 mins)  [host] Decoding public results from journal...
[2025-10-21 12:51:01] (+56.30 mins | took: 0.00 mins)  [host] Got n_j = 1208710508146612914014222180202245622452299987480919671325214611274408476068923445433535067286818187840152000687940467361597990499738294677033800966961811239510802176196092402009629980276725324886628696605186611503875044146661755889563907144557824822427912428046799184790411834056337717578406701203747025511825342368816841024098715817341790967772626996800348922321035898761336150775478275844066752494648857575006425069550133176912517571403329370081203189605102213
[2025-10-21 12:51:01] (+56.30 mins | took: 0.00 mins)  [host] Completed bidder_prove: bidder1 vs bidder2
[2025-10-21 12:51:01] (+56.30 mins | took: 0.00 mins)  [host] PHASE 2: All bidder_prove operations completed
[2025-10-21 12:51:01] (+56.30 mins | took: 0.00 mins)  [host] PHASE 3: Auctioneer Verify - Verifying all evaluation proofs and receipts from all bidders...
[2025-10-21 12:51:01] (+56.30 mins | took: 0.00 mins)  [host] Verifying 1 results for bidder: bidder1
[2025-10-21 12:51:01] (+56.30 mins | took: 0.00 mins)  [host] Verifying result 1 for bidder bidder1
[2025-10-21 12:51:01] (+56.30 mins | took: 0.00 mins)  [host] Verifying receipt for bidder1 result 1
[2025-10-21 12:51:01] (+56.30 mins | took: 0.00 mins)  [host] ✅ Receipt verification PASSED for bidder1 result 1
[2025-10-21 12:51:01] (+56.30 mins | took: 0.00 mins)  [host] Verifying proof_eval for bidder1 vs bidder_i
[2025-10-21 12:51:01] (+56.30 mins | took: 0.00 mins)  [host] n_i = 1208710508146612914014222180202245622452299987480919671325214611274408476068923445433535067286818187840152000687940467361597990499738294677033800966961811239510802176196092402009629980276725324886628696605186611503875044146661755889563907144557824822427912428046799184790411834056337717578406701203747025511825342368816841024098715817341790967772626996800348922321035898761336150775478275844066752494648857575006425069550133176912517571403329370081203189605102213
[2025-10-21 12:51:01] (+56.30 mins | took: 0.00 mins)  [host] n_j_from_proof = 1208710508146612914014222180202245622452299987480919671325214611274408476068923445433535067286818187840152000687940467361597990499738294677033800966961811239510802176196092402009629980276725324886628696605186611503875044146661755889563907144557824822427912428046799184790411834056337717578406701203747025511825342368816841024098715817341790967772626996800348922321035898761336150775478275844066752494648857575006425069550133176912517571403329370081203189605102213
[2025-10-21 12:51:01] (+56.30 mins | took: 0.00 mins)  
[2025-10-21 12:51:01] (+56.30 mins | took: 0.00 mins)  thread 'main' panicked at core/src/gm.rs:75:5:
[2025-10-21 12:51:01] (+56.30 mins | took: 0.00 mins)  assertion failed: r >= BigInt::zero() && r < *n
[2025-10-21 12:51:01] (+56.30 mins | took: 0.00 mins)  stack backtrace:
[2025-10-21 12:51:01] (+56.30 mins | took: 0.00 mins)     0:     0x55b3402bd442 - <std::sys::backtrace::BacktraceLock::print::DisplayBacktrace as core::fmt::Display>::fmt::hdcfcb6d4c8489523
[2025-10-21 12:51:01] (+56.30 mins | took: 0.00 mins)     1:     0x55b3402e51c3 - core::fmt::write::h8a494366950f23bb
[2025-10-21 12:51:01] (+56.30 mins | took: 0.00 mins)     2:     0x55b3402b9d43 - std::io::Write::write_fmt::h6556609fca33d0b1
[2025-10-21 12:51:01] (+56.30 mins | took: 0.00 mins)     3:     0x55b3402bd292 - std::sys::backtrace::BacktraceLock::print::hb2a626a81e06b2dc
[2025-10-21 12:51:01] (+56.30 mins | took: 0.00 mins)     4:     0x55b3402be4c3 - std::panicking::default_hook::{{closure}}::h4f78485264f12d10
[2025-10-21 12:51:01] (+56.30 mins | took: 0.00 mins)     5:     0x55b3402be2a5 - std::panicking::default_hook::h2c66fc99e962531d
[2025-10-21 12:51:01] (+56.30 mins | took: 0.00 mins)     6:     0x55b3402beed5 - std::panicking::rust_panic_with_hook::h33ac55f64bbd807d
[2025-10-21 12:51:01] (+56.30 mins | took: 0.00 mins)     7:     0x55b3402bec36 - std::panicking::begin_panic_handler::{{closure}}::h30e7cb89678a57fe
[2025-10-21 12:51:01] (+56.30 mins | took: 0.00 mins)     8:     0x55b3402bd949 - std::sys::backtrace::__rust_end_short_backtrace::hed60f27456c16ced
[2025-10-21 12:51:01] (+56.30 mins | took: 0.00 mins)     9:     0x55b3402be8fd - __rustc[de2ca18b4c54d5b8]::rust_begin_unwind
[2025-10-21 12:51:01] (+56.30 mins | took: 0.00 mins)    10:     0x55b3402e2fd0 - core::panicking::panic_fmt::h62f63d096dd276af
[2025-10-21 12:51:01] (+56.30 mins | took: 0.00 mins)    11:     0x55b3402e305c - core::panicking::panic::h89a5f2df32b0508a
[2025-10-21 12:51:01] (+56.30 mins | took: 0.00 mins)    12:     0x55b34006cd65 - zk_auctions_core::gm::encrypt_bit_gm_coin::h81506600ed9bd837
[2025-10-21 12:51:01] (+56.30 mins | took: 0.00 mins)    13:     0x55b34007893f - <zk_auctions_core::protocols::strain::auctioneer::Auctioneer as zk_auctions_core::protocols::strain::auctioneer::StrainAuctioneer>::verify_eval::he935104a8f7bc5fc
[2025-10-21 12:51:01] (+56.30 mins | took: 0.00 mins)    14:     0x55b34004020f - zk_auctions::run_two_bidders_example::hb43c06988aa493a6
[2025-10-21 12:51:01] (+56.30 mins | took: 0.00 mins)    15:     0x55b340061373 - std::sys::backtrace::__rust_begin_short_backtrace::h9061e530fbcdd265
[2025-10-21 12:51:01] (+56.30 mins | took: 0.00 mins)    16:     0x55b340063799 - std::rt::lang_start::{{closure}}::h0fcc048e9a9bacfc
[2025-10-21 12:51:01] (+56.30 mins | took: 0.00 mins)    17:     0x55b3402b2620 - std::rt::lang_start_internal::h34f9328d113fd60a
[2025-10-21 12:51:01] (+56.30 mins | took: 0.00 mins)    18:     0x55b340044855 - main
[2025-10-21 12:51:01] (+56.30 mins | took: 0.00 mins)    19:     0x7ff2e7627675 - <unknown>
[2025-10-21 12:51:01] (+56.30 mins | took: 0.00 mins)    20:     0x7ff2e7627729 - __libc_start_main
[2025-10-21 12:51:01] (+56.30 mins | took: 0.00 mins)    21:     0x55b340037cc5 - _start
[2025-10-21 12:51:01] (+56.30 mins | took: 0.00 mins)    22:                0x0 - <unknown>
[2025-10-21 12:51:01] (+56.30 mins | took: 0.00 mins)  [host] ❌ Verification FAILED for bidder1 result 1
[2025-10-21 12:51:01] (+56.30 mins | took: 0.00 mins)  [host] Verifying 1 results for bidder: bidder2
[2025-10-21 12:51:01] (+56.30 mins | took: 0.00 mins)  [host] Verifying result 1 for bidder bidder2
[2025-10-21 12:51:01] (+56.30 mins | took: 0.00 mins)  [host] Verifying receipt for bidder2 result 1
[2025-10-21 12:51:01] (+56.30 mins | took: 0.00 mins)  [host] ✅ Receipt verification PASSED for bidder2 result 1
[2025-10-21 12:51:01] (+56.30 mins | took: 0.00 mins)  [host] Verifying proof_eval for bidder2 vs bidder_i
[2025-10-21 12:51:01] (+56.30 mins | took: 0.00 mins)  [host] n_i = 1208717365890253852653271921798894415577140796906024681991056317710546665471039420005588330364416624645213064401754028846983101760576714146969564388726733461993766207750695145662029377719798771497352744641101644436085994366694965030236502061758181704714920846311110333255700806080423313957781561720424976699019424689281581531326212434411300837400761674136454318708286458860575718114527404345364599870421397441355562322095522285908301290961587305113370020400295229
[2025-10-21 12:51:01] (+56.30 mins | took: 0.00 mins)  [host] n_j_from_proof = 1208717365890253852653271921798894415577140796906024681991056317710546665471039420005588330364416624645213064401754028846983101760576714146969564388726733461993766207750695145662029377719798771497352744641101644436085994366694965030236502061758181704714920846311110333255700806080423313957781561720424976699019424689281581531326212434411300837400761674136454318708286458860575718114527404345364599870421397441355562322095522285908301290961587305113370020400295229
[2025-10-21 12:51:01] (+56.30 mins | took: 0.00 mins)  [host] proof_eval verification passed.
[2025-10-21 12:51:01] (+56.30 mins | took: 0.00 mins)  [host] ✅ Verification PASSED for bidder2 result 1
[2025-10-21 12:51:01] (+56.30 mins | took: 0.00 mins)  [host] ❌ Some auctioneer verifications FAILED - Stopping protocol
[2025-10-21 12:51:01] (+56.30 mins | took: 0.00 mins)  [host] Protocol stopped due to verification failures
