[2025-10-21 13:07:41] (+0.02 mins | took: 0.00 mins)     Compiling zk-auctions-methods v0.1.0 (/home/iskander/Projects/zk-auctions-archive/methods)
[2025-10-21 13:07:41] (+0.02 mins | took: 0.00 mins)  warning: unused variable: `cipher_i_and`
[2025-10-21 13:07:41] (+0.02 mins | took: 0.00 mins)     --> core/src/protocols/strain/bidder.rs:450:13
[2025-10-21 13:07:41] (+0.02 mins | took: 0.00 mins)      |
[2025-10-21 13:07:41] (+0.02 mins | took: 0.00 mins)  450 |         let cipher_i_and = embed_and(cipher_i, pub_key_j, rand1);
[2025-10-21 13:07:41] (+0.02 mins | took: 0.00 mins)      |             ^^^^^^^^^^^^ help: if this is intentional, prefix it with an underscore: `_cipher_i_and`
[2025-10-21 13:07:41] (+0.02 mins | took: 0.00 mins)      |
[2025-10-21 13:07:41] (+0.02 mins | took: 0.00 mins)      = note: `#[warn(unused_variables)]` on by default
[2025-10-21 13:07:41] (+0.02 mins | took: 0.00 mins)  
[2025-10-21 13:07:41] (+0.02 mins | took: 0.00 mins)  warning: unused variable: `number1`
[2025-10-21 13:07:41] (+0.02 mins | took: 0.00 mins)     --> core/src/protocols/strain/bidder.rs:435:9
[2025-10-21 13:07:41] (+0.02 mins | took: 0.00 mins)      |
[2025-10-21 13:07:41] (+0.02 mins | took: 0.00 mins)  435 |         number1: &BigInt,
[2025-10-21 13:07:41] (+0.02 mins | took: 0.00 mins)      |         ^^^^^^^ help: if this is intentional, prefix it with an underscore: `_number1`
[2025-10-21 13:07:41] (+0.02 mins | took: 0.00 mins)  
[2025-10-21 13:07:41] (+0.02 mins | took: 0.00 mins)  warning: field `soundness_params` is never read
[2025-10-21 13:07:41] (+0.02 mins | took: 0.00 mins)     --> core/src/protocols/strain/bidder.rs:139:5
[2025-10-21 13:07:41] (+0.02 mins | took: 0.00 mins)      |
[2025-10-21 13:07:41] (+0.02 mins | took: 0.00 mins)  137 | pub struct Bidder {
[2025-10-21 13:07:41] (+0.02 mins | took: 0.00 mins)      |            ------ field in this struct
[2025-10-21 13:07:41] (+0.02 mins | took: 0.00 mins)  138 |     config: StrainConfig,
[2025-10-21 13:07:41] (+0.02 mins | took: 0.00 mins)  139 |     soundness_params: StrainSecurityParams,
[2025-10-21 13:07:41] (+0.02 mins | took: 0.00 mins)      |     ^^^^^^^^^^^^^^^^
[2025-10-21 13:07:41] (+0.02 mins | took: 0.00 mins)      |
[2025-10-21 13:07:41] (+0.02 mins | took: 0.00 mins)      = note: `#[warn(dead_code)]` on by default
[2025-10-21 13:07:41] (+0.02 mins | took: 0.00 mins)  
[2025-10-21 13:07:41] (+0.02 mins | took: 0.00 mins)  warning: `zk-auctions-core` (lib) generated 3 warnings
[2025-10-21 13:07:42] (+0.03 mins | took: 0.02 mins)     Compiling zk-auctions v0.1.0 (/home/iskander/Projects/zk-auctions-archive)
[2025-10-21 13:07:42] (+0.03 mins | took: 0.00 mins)  warning: unused import: `BIDDER_JOIN_ID`
[2025-10-21 13:07:42] (+0.03 mins | took: 0.00 mins)    --> src/main.rs:22:81
[2025-10-21 13:07:42] (+0.03 mins | took: 0.00 mins)     |
[2025-10-21 13:07:42] (+0.03 mins | took: 0.00 mins)  22 | use zk_auctions_methods::{BIDDER_PROVER_ELF, BIDDER_PROVER_ID, BIDDER_JOIN_ELF, BIDDER_JOIN_ID};
[2025-10-21 13:07:42] (+0.03 mins | took: 0.00 mins)     |                                                                                 ^^^^^^^^^^^^^^
[2025-10-21 13:07:42] (+0.03 mins | took: 0.00 mins)     |
[2025-10-21 13:07:42] (+0.03 mins | took: 0.00 mins)     = note: `#[warn(unused_imports)]` on by default
[2025-10-21 13:07:42] (+0.03 mins | took: 0.00 mins)  
[2025-10-21 13:07:42] (+0.03 mins | took: 0.00 mins)  warning: unused variable: `p_i`
[2025-10-21 13:07:42] (+0.03 mins | took: 0.00 mins)    --> src/main.rs:89:23
[2025-10-21 13:07:42] (+0.03 mins | took: 0.00 mins)     |
[2025-10-21 13:07:42] (+0.03 mins | took: 0.00 mins)  89 |             let (n_i, p_i, q_i) = bidders_data.get(bidder_id).unwrap();
[2025-10-21 13:07:42] (+0.03 mins | took: 0.00 mins)     |                       ^^^ help: if this is intentional, prefix it with an underscore: `_p_i`
[2025-10-21 13:07:42] (+0.03 mins | took: 0.00 mins)     |
[2025-10-21 13:07:42] (+0.03 mins | took: 0.00 mins)     = note: `#[warn(unused_variables)]` on by default
[2025-10-21 13:07:42] (+0.03 mins | took: 0.00 mins)  
[2025-10-21 13:07:42] (+0.03 mins | took: 0.00 mins)  warning: unused variable: `q_i`
[2025-10-21 13:07:42] (+0.03 mins | took: 0.00 mins)    --> src/main.rs:89:28
[2025-10-21 13:07:42] (+0.03 mins | took: 0.00 mins)     |
[2025-10-21 13:07:42] (+0.03 mins | took: 0.00 mins)  89 |             let (n_i, p_i, q_i) = bidders_data.get(bidder_id).unwrap();
[2025-10-21 13:07:42] (+0.03 mins | took: 0.00 mins)     |                            ^^^ help: if this is intentional, prefix it with an underscore: `_q_i`
[2025-10-21 13:07:42] (+0.03 mins | took: 0.00 mins)  
[2025-10-21 13:07:42] (+0.03 mins | took: 0.00 mins)  warning: unused variable: `results_mutex`
[2025-10-21 13:07:42] (+0.03 mins | took: 0.00 mins)     --> src/main.rs:185:9
[2025-10-21 13:07:42] (+0.03 mins | took: 0.00 mins)      |
[2025-10-21 13:07:42] (+0.03 mins | took: 0.00 mins)  185 |     let results_mutex = Arc::new(Mutex::new(&mut results));
[2025-10-21 13:07:42] (+0.03 mins | took: 0.00 mins)      |         ^^^^^^^^^^^^^ help: if this is intentional, prefix it with an underscore: `_results_mutex`
[2025-10-21 13:07:42] (+0.03 mins | took: 0.00 mins)  
[2025-10-21 13:07:42] (+0.03 mins | took: 0.00 mins)  warning: unused variable: `v_i`
[2025-10-21 13:07:42] (+0.03 mins | took: 0.00 mins)     --> src/main.rs:194:50
[2025-10-21 13:07:42] (+0.03 mins | took: 0.00 mins)      |
[2025-10-21 13:07:42] (+0.03 mins | took: 0.00 mins)  194 |                 let (bidder_i_id, n_i, c_i, r_i, v_i, p_i, q_i) = bidders[i].clone();
[2025-10-21 13:07:42] (+0.03 mins | took: 0.00 mins)      |                                                  ^^^ help: if this is intentional, prefix it with an underscore: `_v_i`
[2025-10-21 13:07:42] (+0.03 mins | took: 0.00 mins)  
[2025-10-21 13:07:42] (+0.03 mins | took: 0.00 mins)  warning: unused variable: `p_i`
[2025-10-21 13:07:42] (+0.03 mins | took: 0.00 mins)     --> src/main.rs:194:55
[2025-10-21 13:07:42] (+0.03 mins | took: 0.00 mins)      |
[2025-10-21 13:07:42] (+0.03 mins | took: 0.00 mins)  194 |                 let (bidder_i_id, n_i, c_i, r_i, v_i, p_i, q_i) = bidders[i].clone();
[2025-10-21 13:07:42] (+0.03 mins | took: 0.00 mins)      |                                                       ^^^ help: if this is intentional, prefix it with an underscore: `_p_i`
[2025-10-21 13:07:42] (+0.03 mins | took: 0.00 mins)  
[2025-10-21 13:07:42] (+0.03 mins | took: 0.00 mins)  warning: unused variable: `q_i`
[2025-10-21 13:07:42] (+0.03 mins | took: 0.00 mins)     --> src/main.rs:194:60
[2025-10-21 13:07:42] (+0.03 mins | took: 0.00 mins)      |
[2025-10-21 13:07:42] (+0.03 mins | took: 0.00 mins)  194 |                 let (bidder_i_id, n_i, c_i, r_i, v_i, p_i, q_i) = bidders[i].clone();
[2025-10-21 13:07:42] (+0.03 mins | took: 0.00 mins)      |                                                            ^^^ help: if this is intentional, prefix it with an underscore: `_q_i`
[2025-10-21 13:07:42] (+0.03 mins | took: 0.00 mins)  
[2025-10-21 13:07:42] (+0.03 mins | took: 0.00 mins)  warning: unused variable: `c_j`
[2025-10-21 13:07:42] (+0.03 mins | took: 0.00 mins)     --> src/main.rs:195:40
[2025-10-21 13:07:42] (+0.03 mins | took: 0.00 mins)      |
[2025-10-21 13:07:42] (+0.03 mins | took: 0.00 mins)  195 |                 let (bidder_j_id, n_j, c_j, r_j, v_j, p_j, q_j) = bidders[j].clone();
[2025-10-21 13:07:42] (+0.03 mins | took: 0.00 mins)      |                                        ^^^ help: if this is intentional, prefix it with an underscore: `_c_j`
[2025-10-21 13:07:42] (+0.03 mins | took: 0.00 mins)  
[2025-10-21 13:07:42] (+0.03 mins | took: 0.00 mins)  warning: unused variable: `bidder_i_id`
[2025-10-21 13:07:42] (+0.03 mins | took: 0.00 mins)     --> src/main.rs:230:27
[2025-10-21 13:07:42] (+0.03 mins | took: 0.00 mins)      |
[2025-10-21 13:07:42] (+0.03 mins | took: 0.00 mins)  230 |         let (bidder_j_id, bidder_i_id, result) = rx.recv().unwrap();
[2025-10-21 13:07:42] (+0.03 mins | took: 0.00 mins)      |                           ^^^^^^^^^^^ help: if this is intentional, prefix it with an underscore: `_bidder_i_id`
[2025-10-21 13:07:42] (+0.03 mins | took: 0.00 mins)  
[2025-10-21 13:07:42] (+0.03 mins | took: 0.00 mins)  warning: field `proof_shuffle` is never read
[2025-10-21 13:07:42] (+0.03 mins | took: 0.00 mins)    --> src/main.rs:35:5
[2025-10-21 13:07:42] (+0.03 mins | took: 0.00 mins)     |
[2025-10-21 13:07:42] (+0.03 mins | took: 0.00 mins)  26 | struct BidderProveResult {
[2025-10-21 13:07:42] (+0.03 mins | took: 0.00 mins)     |        ----------------- field in this struct
[2025-10-21 13:07:42] (+0.03 mins | took: 0.00 mins)  ...
[2025-10-21 13:07:42] (+0.03 mins | took: 0.00 mins)  35 |     proof_shuffle: HashMap<u32, StrainProof>,
[2025-10-21 13:07:42] (+0.03 mins | took: 0.00 mins)     |     ^^^^^^^^^^^^^
[2025-10-21 13:07:42] (+0.03 mins | took: 0.00 mins)     |
[2025-10-21 13:07:42] (+0.03 mins | took: 0.00 mins)     = note: `BidderProveResult` has a derived impl for the trait `Clone`, but this is intentionally ignored during dead code analysis
[2025-10-21 13:07:42] (+0.03 mins | took: 0.00 mins)     = note: `#[warn(dead_code)]` on by default
[2025-10-21 13:07:42] (+0.03 mins | took: 0.00 mins)  
[2025-10-21 13:07:42] (+0.03 mins | took: 0.00 mins)  warning: function `bidder_join` is never used
[2025-10-21 13:07:42] (+0.03 mins | took: 0.00 mins)     --> src/main.rs:122:4
[2025-10-21 13:07:42] (+0.03 mins | took: 0.00 mins)      |
[2025-10-21 13:07:42] (+0.03 mins | took: 0.00 mins)  122 | fn bidder_join(bidder_id: String, bid_value: BigInt) -> (BigInt, Vec<BigInt>, Vec<BigInt>, (BigInt, BigInt)) {
[2025-10-21 13:07:42] (+0.03 mins | took: 0.00 mins)      |    ^^^^^^^^^^^
[2025-10-21 13:07:42] (+0.03 mins | took: 0.00 mins)  
[2025-10-21 13:07:42] (+0.03 mins | took: 0.00 mins)  warning: function `verify_shuffle` is never used
[2025-10-21 13:07:42] (+0.03 mins | took: 0.00 mins)     --> src/main.rs:618:4
[2025-10-21 13:07:42] (+0.03 mins | took: 0.00 mins)      |
[2025-10-21 13:07:42] (+0.03 mins | took: 0.00 mins)  618 | fn verify_shuffle(proof: &HashMap<u32, StrainProof>, n2: &BigInt, res: &[Vec<BigInt>]) -> bool {
[2025-10-21 13:07:42] (+0.03 mins | took: 0.00 mins)      |    ^^^^^^^^^^^^^^
[2025-10-21 13:07:42] (+0.03 mins | took: 0.00 mins)  
[2025-10-21 13:07:44] (+0.07 mins | took: 0.03 mins)  warning: `zk-auctions` (bin "zk-auctions") generated 12 warnings (run `cargo fix --bin "zk-auctions"` to apply 1 suggestion)
[2025-10-21 13:07:44] (+0.07 mins | took: 0.00 mins)      Finished `release` profile [optimized] target(s) in 3.35s
[2025-10-21 13:07:44] (+0.07 mins | took: 0.00 mins)       Running `target/release/zk-auctions`
[2025-10-21 13:07:44] (+0.07 mins | took: 0.00 mins)  ==================================================================================
[2025-10-21 13:07:44] (+0.07 mins | took: 0.00 mins)  ZERO-KNOWLEDGE AUCTION PROTOCOL - 4 PHASE IMPLEMENTATION
[2025-10-21 13:07:44] (+0.07 mins | took: 0.00 mins)  ==================================================================================
[2025-10-21 13:07:44] (+0.07 mins | took: 0.00 mins)  This implementation follows a 4-phase zero-knowledge auction protocol:
[2025-10-21 13:07:44] (+0.07 mins | took: 0.00 mins)  
[2025-10-21 13:07:44] (+0.07 mins | took: 0.00 mins)  PHASE 1: BIDDERS JOIN
[2025-10-21 13:07:44] (+0.07 mins | took: 0.00 mins)    - Each bidder generates GM keypair and encrypts their bid
[2025-10-21 13:07:44] (+0.07 mins | took: 0.00 mins)    - Runs in parallel for efficiency
[2025-10-21 13:07:44] (+0.07 mins | took: 0.00 mins)    - Output: (n_j, c_j, r_j, (p_j, q_j)) for each bidder
[2025-10-21 13:07:44] (+0.07 mins | took: 0.00 mins)  
[2025-10-21 13:07:44] (+0.07 mins | took: 0.00 mins)  PHASE 2: BIDDER PROVE
[2025-10-21 13:07:44] (+0.07 mins | took: 0.00 mins)    - Each bidder 'j' runs bidder_prove against bidder 'i'
[2025-10-21 13:07:44] (+0.07 mins | took: 0.00 mins)    - 'j' = bidder running proof, 'i' = other bidder being compared
[2025-10-21 13:07:44] (+0.07 mins | took: 0.00 mins)    - Generates zero-knowledge proofs of bid validity
[2025-10-21 13:07:44] (+0.07 mins | took: 0.00 mins)  
[2025-10-21 13:07:44] (+0.07 mins | took: 0.00 mins)  PHASE 3: AUCTIONEER VERIFY
[2025-10-21 13:07:44] (+0.07 mins | took: 0.00 mins)    - Auctioneer verifies all proof_eval from all bidders
[2025-10-21 13:07:44] (+0.07 mins | took: 0.00 mins)    - Ensures all bidders provided valid zero-knowledge proofs
[2025-10-21 13:07:44] (+0.07 mins | took: 0.00 mins)    - Auctioneer acts as trusted verifier
[2025-10-21 13:07:44] (+0.07 mins | took: 0.00 mins)  
[2025-10-21 13:07:44] (+0.07 mins | took: 0.00 mins)  PHASE 4: BIDDER VERIFY & COMPARE
[2025-10-21 13:07:44] (+0.07 mins | took: 0.00 mins)    - Each bidder verifies other bidders' proofs using bidder_verify
[2025-10-21 13:07:44] (+0.07 mins | took: 0.00 mins)    - Verifies proof_enc (encryption) and proof_dlog (discrete log)
[2025-10-21 13:07:44] (+0.07 mins | took: 0.00 mins)    - Ensures mutual verification between bidders
[2025-10-21 13:07:44] (+0.07 mins | took: 0.00 mins)    - Final bid comparison using compare_leq_honest
[2025-10-21 13:07:44] (+0.07 mins | took: 0.00 mins)    - Determines relative ordering of bids using private keys
[2025-10-21 13:07:44] (+0.07 mins | took: 0.00 mins)  ==================================================================================
[2025-10-21 13:07:44] (+0.07 mins | took: 0.00 mins)  
[2025-10-21 13:07:44] (+0.07 mins | took: 0.00 mins)  [host] PHASE 1: Bidders Join - Generating keys and encrypting bids...
[2025-10-21 13:07:44] (+0.07 mins | took: 0.00 mins)  [host] Waiting for both bidders to complete...
[2025-10-21 13:07:44] (+0.07 mins | took: 0.00 mins)  [host] Starting bidder2 thread with bid v_j = 2000
[2025-10-21 13:07:44] (+0.07 mins | took: 0.00 mins)  [host] Starting mock_bidder_join for bidder: bidder2
[2025-10-21 13:07:44] (+0.07 mins | took: 0.00 mins)  [host] Starting bidder1 thread with bid v_i = 1500
[2025-10-21 13:07:44] (+0.07 mins | took: 0.00 mins)  [host] Starting mock_bidder_join for bidder: bidder1
[2025-10-21 13:07:44] (+0.07 mins | took: 0.00 mins)  [host] Mock bidder bidder2 generated public key n_j = 1207953749818471864462255308222635387933602113553592723146558532914606873550067942872437357511619212841999117691871312173364367252901531776114102596936578615438207302763826939703972275110387509387126333394130506175094243042644840002406596269312199460357420963238615053074077356485091277535554433552868507141751591705903567535852013465935410861092756909737227684096152179509023211653640600418444789450553553223774249964922303253202480059994971916045010661811828809
[2025-10-21 13:07:44] (+0.07 mins | took: 0.00 mins)  [host] Mock bidder bidder2 encrypted value c_j (len=32)
[2025-10-21 13:07:44] (+0.07 mins | took: 0.00 mins)  [host] Bidder2 thread completed
[2025-10-21 13:07:44] (+0.07 mins | took: 0.00 mins)  [host] Received bidder2 results
[2025-10-21 13:07:44] (+0.07 mins | took: 0.00 mins)  [host] Mock bidder bidder1 generated public key n_j = 1208518188560863233754294811299038596833962220098224061788105185198849441831803311869577563790636553901849647228524509281045830743432399896346109141872436127278550229548562465361654275187543384144924740184445012554078095574363578741063107671675591204600546905108564634203163427970477970095600633433652089283263390672097269151230687140346252965108839144643863983708679829166936011484863622005114195890789694181413153632232034859190759219460413322774108393444970821
[2025-10-21 13:07:44] (+0.07 mins | took: 0.00 mins)  [host] Mock bidder bidder1 encrypted value c_j (len=32)
[2025-10-21 13:07:44] (+0.07 mins | took: 0.00 mins)  [host] Bidder1 thread completed
[2025-10-21 13:07:44] (+0.07 mins | took: 0.00 mins)  [host] Received bidder1 results
[2025-10-21 13:07:44] (+0.07 mins | took: 0.00 mins)  [host] First bidder's bid v_1 = 1500
[2025-10-21 13:07:44] (+0.07 mins | took: 0.00 mins)  [host] Second bidder's bid v_2 = 2000
[2025-10-21 13:07:44] (+0.07 mins | took: 0.00 mins)  [host] PHASE 2: Bidder Prove - Generating zero-knowledge proofs in parallel...
[2025-10-21 13:07:44] (+0.07 mins | took: 0.00 mins)  [host] sound_param = 40 sigma = 40
[2025-10-21 13:07:44] (+0.07 mins | took: 0.00 mins)  [host] PHASE 2: Running bidder_prove in parallel for all bidder pairs...
[2025-10-21 13:07:44] (+0.07 mins | took: 0.00 mins)  [host] Starting bidder_prove: bidder2 vs bidder1
[2025-10-21 13:07:44] (+0.07 mins | took: 0.00 mins)  [host] Starting bidder_prove: bidder1 vs bidder2
[2025-10-21 13:07:44] (+0.07 mins | took: 0.00 mins)  [host] Building ExecutorEnv...
[2025-10-21 13:07:44] (+0.07 mins | took: 0.00 mins)  [host] Building ExecutorEnv...
[2025-10-21 13:07:44] (+0.07 mins | took: 0.00 mins)  [host] ExecutorEnv built successfully.
[2025-10-21 13:07:44] (+0.07 mins | took: 0.00 mins)  [host] Running zkVM (prove)...
[2025-10-21 13:07:44] (+0.07 mins | took: 0.00 mins)  [host] ExecutorEnv built successfully.
[2025-10-21 13:07:44] (+0.07 mins | took: 0.00 mins)  [host] Running zkVM (prove)...
[2025-10-21 13:07:44] (+0.07 mins | took: 0.00 mins)  WARNING: proving in dev mode. This will not generate valid, secure proofs.
[2025-10-21 13:07:44] (+0.07 mins | took: 0.00 mins)  WARNING: proving in dev mode. This will not generate valid, secure proofs.
[2025-10-21 13:07:44] (+0.07 mins | took: 0.00 mins)  
[2025-10-21 13:07:45] (+0.08 mins | took: 0.02 mins)  [(bidder1)-zkvm-bidder-prover-guest] Starting main function
[2025-10-21 13:07:45] (+0.08 mins | took: 0.00 mins)  [(bidder1)-zkvm-bidder-prover-guest] Reading inputs from environment for bidder j
[2025-10-21 13:07:45] (+0.08 mins | took: 0.00 mins)  
[2025-10-21 13:07:45] (+0.08 mins | took: 0.00 mins)  [(bidder2)-zkvm-bidder-prover-guest] Starting main function
[2025-10-21 13:07:45] (+0.08 mins | took: 0.00 mins)  [(bidder2)-zkvm-bidder-prover-guest] Reading inputs from environment for bidder j
[2025-10-21 13:07:45] (+0.08 mins | took: 0.00 mins)  [(bidder1)-zkvm-bidder-prover-guest] Reading inputs from environment for bidder i
[2025-10-21 13:07:45] (+0.08 mins | took: 0.00 mins)  [(bidder2)-zkvm-bidder-prover-guest] Reading inputs from environment for bidder i
[2025-10-21 13:07:45] (+0.08 mins | took: 0.00 mins)  [(bidder1)-zkvm-bidder-prover-guest] Read c_i (len: 32), n_i (bits: 1536), r_i (len: 32)
[2025-10-21 13:07:45] (+0.08 mins | took: 0.00 mins)  [(bidder1)-zkvm-bidder-prover-guest] Read sigma and sound_param: 40
[2025-10-21 13:07:45] (+0.08 mins | took: 0.00 mins)  [(bidder2)-zkvm-bidder-prover-guest] Read c_i (len: 32), n_i (bits: 1536), r_i (len: 32)
[2025-10-21 13:07:45] (+0.08 mins | took: 0.00 mins)  [(bidder2)-zkvm-bidder-prover-guest] Read sigma and sound_param: 40
[2025-10-21 13:07:56] (+0.27 mins | took: 0.18 mins)  [(bidder1)-zkvm-bidder-prover-guest] Read random values
[2025-10-21 13:07:56] (+0.27 mins | took: 0.00 mins)  [(bidder1)-zkvm-bidder-prover-guest] Computing proof_eval
[2025-10-21 13:07:56] (+0.27 mins | took: 0.00 mins)  [(bidder2)-zkvm-bidder-prover-guest] Read random values
[2025-10-21 13:07:56] (+0.27 mins | took: 0.00 mins)  [(bidder2)-zkvm-bidder-prover-guest] Computing proof_eval
[2025-10-21 13:14:38] (+6.97 mins | took: 6.70 mins)  [(bidder2)-zkvm-bidder-prover-guest] proof_eval completed
[2025-10-21 13:14:38] (+6.97 mins | took: 0.00 mins)  [(bidder2)-zkvm-bidder-prover-guest] Computing proof_enc
[2025-10-21 13:14:45] (+7.08 mins | took: 0.12 mins)  [(bidder1)-zkvm-bidder-prover-guest] proof_eval completed
[2025-10-21 13:14:45] (+7.08 mins | took: 0.00 mins)  [(bidder1)-zkvm-bidder-prover-guest] Computing proof_enc
[2025-10-21 13:20:46] (+13.10 mins | took: 6.02 mins)  [(bidder2)-zkvm-bidder-prover-guest] proof_enc completed
[2025-10-21 13:20:46] (+13.10 mins | took: 0.00 mins)  [(bidder2)-zkvm-bidder-prover-guest] Computing proof_dlog
[2025-10-21 13:20:53] (+13.22 mins | took: 0.12 mins)  [(bidder1)-zkvm-bidder-prover-guest] proof_enc completed
[2025-10-21 13:20:53] (+13.22 mins | took: 0.00 mins)  [(bidder1)-zkvm-bidder-prover-guest] Computing proof_dlog
[2025-10-21 13:32:11] (+24.52 mins | took: 11.30 mins)  [(bidder2)-zkvm-bidder-prover-guest] proof_dlog completed
[2025-10-21 13:32:11] (+24.52 mins | took: 0.00 mins)  [(bidder2)-zkvm-bidder-prover-guest] Computing gm_eval_honest
[2025-10-21 13:32:16] (+24.60 mins | took: 0.08 mins)  [(bidder1)-zkvm-bidder-prover-guest] proof_dlog completed
[2025-10-21 13:32:16] (+24.60 mins | took: 0.00 mins)  [(bidder1)-zkvm-bidder-prover-guest] Computing gm_eval_honest
[2025-10-21 13:39:07] (+31.45 mins | took: 6.85 mins)  [(bidder2)-zkvm-bidder-prover-guest] gm_eval_honest completed, res length: 32
[2025-10-21 13:39:07] (+31.45 mins | took: 0.00 mins)  [(bidder2)-zkvm-bidder-prover-guest] Using empty proof_shuffle
[2025-10-21 13:39:07] (+31.45 mins | took: 0.00 mins)  [(bidder2)-zkvm-bidder-prover-guest] Writing private data
[2025-10-21 13:39:10] (+31.50 mins | took: 0.05 mins)  [(bidder1)-zkvm-bidder-prover-guest] gm_eval_honest completed, res length: 32
[2025-10-21 13:39:10] (+31.50 mins | took: 0.00 mins)  [(bidder1)-zkvm-bidder-prover-guest] Using empty proof_shuffle
[2025-10-21 13:39:10] (+31.50 mins | took: 0.00 mins)  [(bidder1)-zkvm-bidder-prover-guest] Writing private data
[2025-10-21 13:39:29] (+31.82 mins | took: 0.32 mins)  [(bidder2)-zkvm-bidder-prover-guest] Committing public results
[2025-10-21 13:39:32] (+31.87 mins | took: 0.05 mins)  [(bidder2)-zkvm-bidder-prover-guest] Main function completed successfully
[2025-10-21 13:39:32] (+31.87 mins | took: 0.00 mins)  WARNING: Proving in dev mode does not generate a valid receipt. Receipts generated from this process are invalid and should never be used in production.
[2025-10-21 13:39:32] (+31.87 mins | took: 0.00 mins)  [host] zkVM proof generated.
[2025-10-21 13:39:32] (+31.87 mins | took: 0.00 mins)  [host] Reading private output...
[2025-10-21 13:39:32] (+31.87 mins | took: 0.00 mins)  [host] Private output deserialization successful.
[2025-10-21 13:39:32] (+31.87 mins | took: 0.00 mins)  [host] Decoding public results from journal...
[2025-10-21 13:39:32] (+31.87 mins | took: 0.00 mins)  [host] Got n_j = 1207953749818471864462255308222635387933602113553592723146558532914606873550067942872437357511619212841999117691871312173364367252901531776114102596936578615438207302763826939703972275110387509387126333394130506175094243042644840002406596269312199460357420963238615053074077356485091277535554433552868507141751591705903567535852013465935410861092756909737227684096152179509023211653640600418444789450553553223774249964922303253202480059994971916045010661811828809
[2025-10-21 13:39:32] (+31.87 mins | took: 0.00 mins)  [host] Completed bidder_prove: bidder2 vs bidder1
[2025-10-21 13:39:34] (+31.90 mins | took: 0.03 mins)  [(bidder1)-zkvm-bidder-prover-guest] Committing public results
[2025-10-21 13:39:36] (+31.93 mins | took: 0.03 mins)  [(bidder1)-zkvm-bidder-prover-guest] Main function completed successfully
[2025-10-21 13:39:37] (+31.95 mins | took: 0.02 mins)  WARNING: Proving in dev mode does not generate a valid receipt. Receipts generated from this process are invalid and should never be used in production.
[2025-10-21 13:39:37] (+31.95 mins | took: 0.00 mins)  [host] zkVM proof generated.
[2025-10-21 13:39:37] (+31.95 mins | took: 0.00 mins)  [host] Reading private output...
[2025-10-21 13:39:37] (+31.95 mins | took: 0.00 mins)  [host] Private output deserialization successful.
[2025-10-21 13:39:37] (+31.95 mins | took: 0.00 mins)  [host] Decoding public results from journal...
[2025-10-21 13:39:37] (+31.95 mins | took: 0.00 mins)  [host] Got n_j = 1208518188560863233754294811299038596833962220098224061788105185198849441831803311869577563790636553901849647228524509281045830743432399896346109141872436127278550229548562465361654275187543384144924740184445012554078095574363578741063107671675591204600546905108564634203163427970477970095600633433652089283263390672097269151230687140346252965108839144643863983708679829166936011484863622005114195890789694181413153632232034859190759219460413322774108393444970821
[2025-10-21 13:39:37] (+31.95 mins | took: 0.00 mins)  [host] Completed bidder_prove: bidder1 vs bidder2
[2025-10-21 13:39:37] (+31.95 mins | took: 0.00 mins)  [host] PHASE 2: All bidder_prove operations completed
[2025-10-21 13:39:37] (+31.95 mins | took: 0.00 mins)  [host] PHASE 3: Auctioneer Verify - Verifying all evaluation proofs and receipts from all bidders...
[2025-10-21 13:39:37] (+31.95 mins | took: 0.00 mins)  [host] Verifying 1 results for bidder: bidder1
[2025-10-21 13:39:37] (+31.95 mins | took: 0.00 mins)  [host] Verifying result 1 for bidder bidder1
[2025-10-21 13:39:37] (+31.95 mins | took: 0.00 mins)  [host] Verifying receipt for bidder1 result 1
[2025-10-21 13:39:37] (+31.95 mins | took: 0.00 mins)  [host] ✅ Receipt verification PASSED for bidder1 result 1
[2025-10-21 13:39:37] (+31.95 mins | took: 0.00 mins)  [host] Verifying proof_eval for bidder1 vs bidder_i
[2025-10-21 13:39:37] (+31.95 mins | took: 0.00 mins)  [host] n_i = 1208518188560863233754294811299038596833962220098224061788105185198849441831803311869577563790636553901849647228524509281045830743432399896346109141872436127278550229548562465361654275187543384144924740184445012554078095574363578741063107671675591204600546905108564634203163427970477970095600633433652089283263390672097269151230687140346252965108839144643863983708679829166936011484863622005114195890789694181413153632232034859190759219460413322774108393444970821
[2025-10-21 13:39:37] (+31.95 mins | took: 0.00 mins)  [host] n_j_from_proof = 1208518188560863233754294811299038596833962220098224061788105185198849441831803311869577563790636553901849647228524509281045830743432399896346109141872436127278550229548562465361654275187543384144924740184445012554078095574363578741063107671675591204600546905108564634203163427970477970095600633433652089283263390672097269151230687140346252965108839144643863983708679829166936011484863622005114195890789694181413153632232034859190759219460413322774108393444970821
[2025-10-21 13:39:37] (+31.95 mins | took: 0.00 mins)  [host] proof_eval verification passed.
[2025-10-21 13:39:37] (+31.95 mins | took: 0.00 mins)  [host] ✅ Verification PASSED for bidder1 result 1
[2025-10-21 13:39:37] (+31.95 mins | took: 0.00 mins)  [host] Verifying 1 results for bidder: bidder2
[2025-10-21 13:39:37] (+31.95 mins | took: 0.00 mins)  [host] Verifying result 1 for bidder bidder2
[2025-10-21 13:39:37] (+31.95 mins | took: 0.00 mins)  [host] Verifying receipt for bidder2 result 1
[2025-10-21 13:39:37] (+31.95 mins | took: 0.00 mins)  [host] ✅ Receipt verification PASSED for bidder2 result 1
[2025-10-21 13:39:37] (+31.95 mins | took: 0.00 mins)  [host] Verifying proof_eval for bidder2 vs bidder_i
[2025-10-21 13:39:37] (+31.95 mins | took: 0.00 mins)  [host] n_i = 1207953749818471864462255308222635387933602113553592723146558532914606873550067942872437357511619212841999117691871312173364367252901531776114102596936578615438207302763826939703972275110387509387126333394130506175094243042644840002406596269312199460357420963238615053074077356485091277535554433552868507141751591705903567535852013465935410861092756909737227684096152179509023211653640600418444789450553553223774249964922303253202480059994971916045010661811828809
[2025-10-21 13:39:37] (+31.95 mins | took: 0.00 mins)  [host] n_j_from_proof = 1207953749818471864462255308222635387933602113553592723146558532914606873550067942872437357511619212841999117691871312173364367252901531776114102596936578615438207302763826939703972275110387509387126333394130506175094243042644840002406596269312199460357420963238615053074077356485091277535554433552868507141751591705903567535852013465935410861092756909737227684096152179509023211653640600418444789450553553223774249964922303253202480059994971916045010661811828809
[2025-10-21 13:39:37] (+31.95 mins | took: 0.00 mins)  [host] proof_eval verification passed.
[2025-10-21 13:39:37] (+31.95 mins | took: 0.00 mins)  [host] ✅ Verification PASSED for bidder2 result 1
[2025-10-21 13:39:37] (+31.95 mins | took: 0.00 mins)  [host] ✅ ALL auctioneer verifications PASSED - Proceeding to Phase 4
[2025-10-21 13:39:37] (+31.95 mins | took: 0.00 mins)  [host] PHASE 4: Bidder Verify - Bidders verifying each other's proofs and comparing bids...
[2025-10-21 13:39:37] (+31.95 mins | took: 0.00 mins)  [host] Verifying proof_enc...
[2025-10-21 13:39:37] (+31.95 mins | took: 0.00 mins)  [host] proof_enc verification passed.
[2025-10-21 13:39:37] (+31.95 mins | took: 0.00 mins)  [host] Verifying dlog proof...
[2025-10-21 13:39:38] (+31.97 mins | took: 0.02 mins)  [host] dlog proof verification passed.
[2025-10-21 13:39:38] (+31.97 mins | took: 0.00 mins)  [host] Comparing bids using compare_leq_honest...
[2025-10-21 13:39:38] (+31.97 mins | took: 0.00 mins)  The second bidder's bid is less than or equal to the first bidder's bid.
